Nov 24, 2017 3:20:18 PM org.apache.catalina.startup.VersionLoggerListener log
INFO: Server version:        Apache Tomcat/7.0.62
Nov 24, 2017 3:20:18 PM org.apache.catalina.startup.VersionLoggerListener log
INFO: Server built:          May 7 2015 17:14:55 UTC
Nov 24, 2017 3:20:18 PM org.apache.catalina.startup.VersionLoggerListener log
INFO: Server number:         7.0.62.0
Nov 24, 2017 3:20:18 PM org.apache.catalina.startup.VersionLoggerListener log
INFO: OS Name:               Linux
Nov 24, 2017 3:20:18 PM org.apache.catalina.startup.VersionLoggerListener log
INFO: OS Version:            4.5.5-300.fc24.x86_64
Nov 24, 2017 3:20:18 PM org.apache.catalina.startup.VersionLoggerListener log
INFO: Architecture:          amd64
Nov 24, 2017 3:20:18 PM org.apache.catalina.startup.VersionLoggerListener log
INFO: Java Home:             /usr/java/jdk1.8.0_101/jre
Nov 24, 2017 3:20:18 PM org.apache.catalina.startup.VersionLoggerListener log
INFO: JVM Version:           1.8.0_101-b13
Nov 24, 2017 3:20:18 PM org.apache.catalina.startup.VersionLoggerListener log
INFO: JVM Vendor:            Oracle Corporation
Nov 24, 2017 3:20:18 PM org.apache.catalina.startup.VersionLoggerListener log
INFO: CATALINA_BASE:         /opt/hd2/vananh/Documents/Training/WebApp/apache-tomcat-7.0.62
Nov 24, 2017 3:20:18 PM org.apache.catalina.startup.VersionLoggerListener log
INFO: CATALINA_HOME:         /opt/hd2/vananh/Documents/Training/WebApp/apache-tomcat-7.0.62
Nov 24, 2017 3:20:18 PM org.apache.catalina.startup.VersionLoggerListener log
INFO: Command line argument: -Djava.util.logging.config.file=/opt/hd2/vananh/Documents/Training/WebApp/apache-tomcat-7.0.62/conf/logging.properties
Nov 24, 2017 3:20:18 PM org.apache.catalina.startup.VersionLoggerListener log
INFO: Command line argument: -Djava.util.logging.manager=org.apache.juli.ClassLoaderLogManager
Nov 24, 2017 3:20:18 PM org.apache.catalina.startup.VersionLoggerListener log
INFO: Command line argument: -Djava.endorsed.dirs=/opt/hd2/vananh/Documents/Training/WebApp/apache-tomcat-7.0.62/endorsed
Nov 24, 2017 3:20:18 PM org.apache.catalina.startup.VersionLoggerListener log
INFO: Command line argument: -Dcatalina.base=/opt/hd2/vananh/Documents/Training/WebApp/apache-tomcat-7.0.62
Nov 24, 2017 3:20:18 PM org.apache.catalina.startup.VersionLoggerListener log
INFO: Command line argument: -Dcatalina.home=/opt/hd2/vananh/Documents/Training/WebApp/apache-tomcat-7.0.62
Nov 24, 2017 3:20:18 PM org.apache.catalina.startup.VersionLoggerListener log
INFO: Command line argument: -Djava.io.tmpdir=/opt/hd2/vananh/Documents/Training/WebApp/apache-tomcat-7.0.62/temp
Nov 24, 2017 3:20:18 PM org.apache.catalina.core.AprLifecycleListener lifecycleEvent
INFO: The APR based Apache Tomcat Native library which allows optimal performance in production environments was not found on the java.library.path: /usr/java/packages/lib/amd64:/usr/lib64:/lib64:/lib:/usr/lib
Nov 24, 2017 3:20:18 PM org.apache.coyote.AbstractProtocol init
INFO: Initializing ProtocolHandler ["http-bio-8080"]
Nov 24, 2017 3:20:18 PM org.apache.coyote.AbstractProtocol init
INFO: Initializing ProtocolHandler ["ajp-bio-8009"]
Nov 24, 2017 3:20:18 PM org.apache.catalina.startup.Catalina load
INFO: Initialization processed in 538 ms
Nov 24, 2017 3:20:18 PM org.apache.catalina.core.StandardService startInternal
INFO: Starting service Catalina
Nov 24, 2017 3:20:18 PM org.apache.catalina.core.StandardEngine startInternal
INFO: Starting Servlet Engine: Apache Tomcat/7.0.62
Nov 24, 2017 3:20:18 PM org.apache.catalina.startup.HostConfig deployDescriptor
INFO: Deploying configuration descriptor /opt/hd2/vananh/Documents/Training/WebApp/apache-tomcat-7.0.62/conf/Catalina/localhost/test.xml
Nov 24, 2017 3:20:18 PM org.apache.catalina.loader.WebappClassLoader validateJarFile
INFO: validateJarFile(/home/data/Projects/EvoMed/Workspace/WebApp/webapp/WEB-INF/lib/servlet-api-3.1.jar) - jar not loaded. See Servlet Spec 3.0, section 10.7.2. Offending class: javax/servlet/Servlet.class
Nov 24, 2017 3:20:18 PM org.apache.catalina.startup.TldConfig execute
INFO: At least one JAR was scanned for TLDs yet contained no TLDs. Enable debug logging for this logger for a complete list of JARs that were scanned but no TLDs were found in them. Skipping unneeded JARs during scanning can improve startup time and JSP compilation time.
Nov 24, 2017 3:20:18 PM org.apache.catalina.core.StandardContext startInternal
SEVERE: Error during ServletContainerInitializer processing
javax.servlet.ServletException: Not running on Jetty, JSR-356 support unavailable
	at org.eclipse.jetty.websocket.jsr356.server.deploy.WebSocketServerContainerInitializer.onStartup(WebSocketServerContainerInitializer.java:149)
	at org.apache.catalina.core.StandardContext.startInternal(StandardContext.java:5517)
	at org.apache.catalina.util.LifecycleBase.start(LifecycleBase.java:150)
	at org.apache.catalina.core.ContainerBase.addChildInternal(ContainerBase.java:901)
	at org.apache.catalina.core.ContainerBase.addChild(ContainerBase.java:877)
	at org.apache.catalina.core.StandardHost.addChild(StandardHost.java:652)
	at org.apache.catalina.startup.HostConfig.deployDescriptor(HostConfig.java:677)
	at org.apache.catalina.startup.HostConfig$DeployDescriptor.run(HostConfig.java:1912)
	at java.util.concurrent.Executors$RunnableAdapter.call(Executors.java:511)
	at java.util.concurrent.FutureTask.run(FutureTask.java:266)
	at java.util.concurrent.ThreadPoolExecutor.runWorker(ThreadPoolExecutor.java:1142)
	at java.util.concurrent.ThreadPoolExecutor$Worker.run(ThreadPoolExecutor.java:617)
	at java.lang.Thread.run(Thread.java:745)

Nov 24, 2017 3:20:18 PM org.apache.catalina.core.StandardContext startInternal
SEVERE: Context [/test] startup failed due to previous errors
Nov 24, 2017 3:20:18 PM org.apache.catalina.startup.HostConfig deployDescriptor
INFO: Deployment of configuration descriptor /opt/hd2/vananh/Documents/Training/WebApp/apache-tomcat-7.0.62/conf/Catalina/localhost/test.xml has finished in 460 ms
Nov 24, 2017 3:20:18 PM org.apache.catalina.startup.HostConfig deployDirectory
INFO: Deploying web application directory /opt/hd2/vananh/Documents/Training/WebApp/apache-tomcat-7.0.62/webapps/ROOT
Nov 24, 2017 3:20:19 PM org.apache.catalina.startup.HostConfig deployDirectory
INFO: Deployment of web application directory /opt/hd2/vananh/Documents/Training/WebApp/apache-tomcat-7.0.62/webapps/ROOT has finished in 89 ms
Nov 24, 2017 3:20:19 PM org.apache.catalina.startup.HostConfig deployDirectory
INFO: Deploying web application directory /opt/hd2/vananh/Documents/Training/WebApp/apache-tomcat-7.0.62/webapps/host-manager
Nov 24, 2017 3:20:19 PM org.apache.catalina.startup.HostConfig deployDirectory
INFO: Deployment of web application directory /opt/hd2/vananh/Documents/Training/WebApp/apache-tomcat-7.0.62/webapps/host-manager has finished in 106 ms
Nov 24, 2017 3:20:19 PM org.apache.catalina.startup.HostConfig deployDirectory
INFO: Deploying web application directory /opt/hd2/vananh/Documents/Training/WebApp/apache-tomcat-7.0.62/webapps/docs
Nov 24, 2017 3:20:19 PM org.apache.catalina.startup.HostConfig deployDirectory
INFO: Deployment of web application directory /opt/hd2/vananh/Documents/Training/WebApp/apache-tomcat-7.0.62/webapps/docs has finished in 63 ms
Nov 24, 2017 3:20:19 PM org.apache.catalina.startup.HostConfig deployDirectory
INFO: Deploying web application directory /opt/hd2/vananh/Documents/Training/WebApp/apache-tomcat-7.0.62/webapps/examples
Nov 24, 2017 3:20:19 PM org.apache.catalina.startup.HostConfig deployDirectory
INFO: Deployment of web application directory /opt/hd2/vananh/Documents/Training/WebApp/apache-tomcat-7.0.62/webapps/examples has finished in 556 ms
Nov 24, 2017 3:20:19 PM org.apache.catalina.startup.HostConfig deployDirectory
INFO: Deploying web application directory /opt/hd2/vananh/Documents/Training/WebApp/apache-tomcat-7.0.62/webapps/manager
Nov 24, 2017 3:20:19 PM org.apache.catalina.startup.HostConfig deployDirectory
INFO: Deployment of web application directory /opt/hd2/vananh/Documents/Training/WebApp/apache-tomcat-7.0.62/webapps/manager has finished in 79 ms
Nov 24, 2017 3:20:19 PM org.apache.coyote.AbstractProtocol start
INFO: Starting ProtocolHandler ["http-bio-8080"]
Nov 24, 2017 3:20:19 PM org.apache.coyote.AbstractProtocol start
INFO: Starting ProtocolHandler ["ajp-bio-8009"]
Nov 24, 2017 3:20:19 PM org.apache.catalina.startup.Catalina start
INFO: Server startup in 1414 ms
Nov 24, 2017 4:24:20 PM org.apache.catalina.startup.HostConfig undeploy
INFO: Undeploying context [/test]
Nov 24, 2017 4:24:20 PM org.apache.catalina.startup.HostConfig deployDescriptor
INFO: Deploying configuration descriptor /opt/hd2/vananh/Documents/Training/WebApp/apache-tomcat-7.0.62/conf/Catalina/localhost/test.xml
Nov 24, 2017 4:24:20 PM org.apache.catalina.loader.WebappClassLoader validateJarFile
INFO: validateJarFile(/home/data/Projects/EvoMed/Workspace/WebApp/webapp/WEB-INF/lib/servlet-api-3.1.jar) - jar not loaded. See Servlet Spec 3.0, section 10.7.2. Offending class: javax/servlet/Servlet.class
Nov 24, 2017 4:24:20 PM org.apache.catalina.startup.TldConfig execute
INFO: At least one JAR was scanned for TLDs yet contained no TLDs. Enable debug logging for this logger for a complete list of JARs that were scanned but no TLDs were found in them. Skipping unneeded JARs during scanning can improve startup time and JSP compilation time.
Nov 24, 2017 4:24:20 PM org.apache.catalina.core.StandardContext startInternal
SEVERE: Error during ServletContainerInitializer processing
javax.servlet.ServletException: Not running on Jetty, JSR-356 support unavailable
	at org.eclipse.jetty.websocket.jsr356.server.deploy.WebSocketServerContainerInitializer.onStartup(WebSocketServerContainerInitializer.java:149)
	at org.apache.catalina.core.StandardContext.startInternal(StandardContext.java:5517)
	at org.apache.catalina.util.LifecycleBase.start(LifecycleBase.java:150)
	at org.apache.catalina.core.ContainerBase.addChildInternal(ContainerBase.java:901)
	at org.apache.catalina.core.ContainerBase.addChild(ContainerBase.java:877)
	at org.apache.catalina.core.StandardHost.addChild(StandardHost.java:652)
	at org.apache.catalina.startup.HostConfig.deployDescriptor(HostConfig.java:677)
	at org.apache.catalina.startup.HostConfig$DeployDescriptor.run(HostConfig.java:1912)
	at java.util.concurrent.Executors$RunnableAdapter.call(Executors.java:511)
	at java.util.concurrent.FutureTask.run(FutureTask.java:266)
	at java.util.concurrent.ThreadPoolExecutor.runWorker(ThreadPoolExecutor.java:1142)
	at java.util.concurrent.ThreadPoolExecutor$Worker.run(ThreadPoolExecutor.java:617)
	at java.lang.Thread.run(Thread.java:745)

Nov 24, 2017 4:24:20 PM org.apache.catalina.core.StandardContext startInternal
SEVERE: Context [/test] startup failed due to previous errors
Nov 24, 2017 4:24:20 PM org.apache.catalina.startup.HostConfig deployDescriptor
INFO: Deployment of configuration descriptor /opt/hd2/vananh/Documents/Training/WebApp/apache-tomcat-7.0.62/conf/Catalina/localhost/test.xml has finished in 106 ms
Nov 24, 2017 4:25:10 PM org.apache.coyote.AbstractProtocol pause
INFO: Pausing ProtocolHandler ["http-bio-8080"]
Nov 24, 2017 4:25:10 PM org.apache.coyote.AbstractProtocol pause
INFO: Pausing ProtocolHandler ["ajp-bio-8009"]
Nov 24, 2017 4:25:10 PM org.apache.catalina.core.StandardService stopInternal
INFO: Stopping service Catalina
Nov 24, 2017 4:25:10 PM org.apache.coyote.AbstractProtocol stop
INFO: Stopping ProtocolHandler ["http-bio-8080"]
Nov 24, 2017 4:25:10 PM org.apache.coyote.AbstractProtocol stop
INFO: Stopping ProtocolHandler ["ajp-bio-8009"]
Nov 24, 2017 4:25:10 PM org.apache.coyote.AbstractProtocol destroy
INFO: Destroying ProtocolHandler ["http-bio-8080"]
Nov 24, 2017 4:25:10 PM org.apache.coyote.AbstractProtocol destroy
INFO: Destroying ProtocolHandler ["ajp-bio-8009"]
Nov 24, 2017 4:25:12 PM org.apache.catalina.startup.VersionLoggerListener log
INFO: Server version:        Apache Tomcat/7.0.62
Nov 24, 2017 4:25:12 PM org.apache.catalina.startup.VersionLoggerListener log
INFO: Server built:          May 7 2015 17:14:55 UTC
Nov 24, 2017 4:25:12 PM org.apache.catalina.startup.VersionLoggerListener log
INFO: Server number:         7.0.62.0
Nov 24, 2017 4:25:12 PM org.apache.catalina.startup.VersionLoggerListener log
INFO: OS Name:               Linux
Nov 24, 2017 4:25:12 PM org.apache.catalina.startup.VersionLoggerListener log
INFO: OS Version:            4.5.5-300.fc24.x86_64
Nov 24, 2017 4:25:12 PM org.apache.catalina.startup.VersionLoggerListener log
INFO: Architecture:          amd64
Nov 24, 2017 4:25:12 PM org.apache.catalina.startup.VersionLoggerListener log
INFO: Java Home:             /usr/java/jdk1.8.0_101/jre
Nov 24, 2017 4:25:12 PM org.apache.catalina.startup.VersionLoggerListener log
INFO: JVM Version:           1.8.0_101-b13
Nov 24, 2017 4:25:12 PM org.apache.catalina.startup.VersionLoggerListener log
INFO: JVM Vendor:            Oracle Corporation
Nov 24, 2017 4:25:12 PM org.apache.catalina.startup.VersionLoggerListener log
INFO: CATALINA_BASE:         /opt/hd2/vananh/Documents/Training/WebApp/apache-tomcat-7.0.62
Nov 24, 2017 4:25:12 PM org.apache.catalina.startup.VersionLoggerListener log
INFO: CATALINA_HOME:         /opt/hd2/vananh/Documents/Training/WebApp/apache-tomcat-7.0.62
Nov 24, 2017 4:25:12 PM org.apache.catalina.startup.VersionLoggerListener log
INFO: Command line argument: -Djava.util.logging.config.file=/opt/hd2/vananh/Documents/Training/WebApp/apache-tomcat-7.0.62/conf/logging.properties
Nov 24, 2017 4:25:12 PM org.apache.catalina.startup.VersionLoggerListener log
INFO: Command line argument: -Djava.util.logging.manager=org.apache.juli.ClassLoaderLogManager
Nov 24, 2017 4:25:12 PM org.apache.catalina.startup.VersionLoggerListener log
INFO: Command line argument: -Djava.endorsed.dirs=/opt/hd2/vananh/Documents/Training/WebApp/apache-tomcat-7.0.62/endorsed
Nov 24, 2017 4:25:12 PM org.apache.catalina.startup.VersionLoggerListener log
INFO: Command line argument: -Dcatalina.base=/opt/hd2/vananh/Documents/Training/WebApp/apache-tomcat-7.0.62
Nov 24, 2017 4:25:12 PM org.apache.catalina.startup.VersionLoggerListener log
INFO: Command line argument: -Dcatalina.home=/opt/hd2/vananh/Documents/Training/WebApp/apache-tomcat-7.0.62
Nov 24, 2017 4:25:12 PM org.apache.catalina.startup.VersionLoggerListener log
INFO: Command line argument: -Djava.io.tmpdir=/opt/hd2/vananh/Documents/Training/WebApp/apache-tomcat-7.0.62/temp
Nov 24, 2017 4:25:12 PM org.apache.catalina.core.AprLifecycleListener lifecycleEvent
INFO: The APR based Apache Tomcat Native library which allows optimal performance in production environments was not found on the java.library.path: /usr/java/packages/lib/amd64:/usr/lib64:/lib64:/lib:/usr/lib
Nov 24, 2017 4:25:12 PM org.apache.coyote.AbstractProtocol init
INFO: Initializing ProtocolHandler ["http-bio-8080"]
Nov 24, 2017 4:25:12 PM org.apache.coyote.AbstractProtocol init
INFO: Initializing ProtocolHandler ["ajp-bio-8009"]
Nov 24, 2017 4:25:12 PM org.apache.catalina.startup.Catalina load
INFO: Initialization processed in 417 ms
Nov 24, 2017 4:25:12 PM org.apache.catalina.core.StandardService startInternal
INFO: Starting service Catalina
Nov 24, 2017 4:25:12 PM org.apache.catalina.core.StandardEngine startInternal
INFO: Starting Servlet Engine: Apache Tomcat/7.0.62
Nov 24, 2017 4:25:12 PM org.apache.catalina.startup.HostConfig deployDescriptor
INFO: Deploying configuration descriptor /opt/hd2/vananh/Documents/Training/WebApp/apache-tomcat-7.0.62/conf/Catalina/localhost/test.xml
Nov 24, 2017 4:25:12 PM org.apache.catalina.loader.WebappClassLoader validateJarFile
INFO: validateJarFile(/home/data/Projects/EvoMed/Workspace/WebApp/webapp/WEB-INF/lib/servlet-api-3.1.jar) - jar not loaded. See Servlet Spec 3.0, section 10.7.2. Offending class: javax/servlet/Servlet.class
Nov 24, 2017 4:25:12 PM org.apache.catalina.startup.TldConfig execute
INFO: At least one JAR was scanned for TLDs yet contained no TLDs. Enable debug logging for this logger for a complete list of JARs that were scanned but no TLDs were found in them. Skipping unneeded JARs during scanning can improve startup time and JSP compilation time.
Nov 24, 2017 4:25:12 PM org.apache.catalina.core.StandardContext startInternal
SEVERE: Error during ServletContainerInitializer processing
javax.servlet.ServletException: Not running on Jetty, JSR-356 support unavailable
	at org.eclipse.jetty.websocket.jsr356.server.deploy.WebSocketServerContainerInitializer.onStartup(WebSocketServerContainerInitializer.java:149)
	at org.apache.catalina.core.StandardContext.startInternal(StandardContext.java:5517)
	at org.apache.catalina.util.LifecycleBase.start(LifecycleBase.java:150)
	at org.apache.catalina.core.ContainerBase.addChildInternal(ContainerBase.java:901)
	at org.apache.catalina.core.ContainerBase.addChild(ContainerBase.java:877)
	at org.apache.catalina.core.StandardHost.addChild(StandardHost.java:652)
	at org.apache.catalina.startup.HostConfig.deployDescriptor(HostConfig.java:677)
	at org.apache.catalina.startup.HostConfig$DeployDescriptor.run(HostConfig.java:1912)
	at java.util.concurrent.Executors$RunnableAdapter.call(Executors.java:511)
	at java.util.concurrent.FutureTask.run(FutureTask.java:266)
	at java.util.concurrent.ThreadPoolExecutor.runWorker(ThreadPoolExecutor.java:1142)
	at java.util.concurrent.ThreadPoolExecutor$Worker.run(ThreadPoolExecutor.java:617)
	at java.lang.Thread.run(Thread.java:745)

Nov 24, 2017 4:25:12 PM org.apache.catalina.core.StandardContext startInternal
SEVERE: Context [/test] startup failed due to previous errors
Nov 24, 2017 4:25:12 PM org.apache.catalina.startup.HostConfig deployDescriptor
INFO: Deployment of configuration descriptor /opt/hd2/vananh/Documents/Training/WebApp/apache-tomcat-7.0.62/conf/Catalina/localhost/test.xml has finished in 341 ms
Nov 24, 2017 4:25:12 PM org.apache.catalina.startup.HostConfig deployDirectory
INFO: Deploying web application directory /opt/hd2/vananh/Documents/Training/WebApp/apache-tomcat-7.0.62/webapps/ROOT
Nov 24, 2017 4:25:12 PM org.apache.catalina.startup.HostConfig deployDirectory
INFO: Deployment of web application directory /opt/hd2/vananh/Documents/Training/WebApp/apache-tomcat-7.0.62/webapps/ROOT has finished in 73 ms
Nov 24, 2017 4:25:12 PM org.apache.catalina.startup.HostConfig deployDirectory
INFO: Deploying web application directory /opt/hd2/vananh/Documents/Training/WebApp/apache-tomcat-7.0.62/webapps/host-manager
Nov 24, 2017 4:25:12 PM org.apache.catalina.startup.HostConfig deployDirectory
INFO: Deployment of web application directory /opt/hd2/vananh/Documents/Training/WebApp/apache-tomcat-7.0.62/webapps/host-manager has finished in 41 ms
Nov 24, 2017 4:25:12 PM org.apache.catalina.startup.HostConfig deployDirectory
INFO: Deploying web application directory /opt/hd2/vananh/Documents/Training/WebApp/apache-tomcat-7.0.62/webapps/docs
Nov 24, 2017 4:25:12 PM org.apache.catalina.startup.HostConfig deployDirectory
INFO: Deployment of web application directory /opt/hd2/vananh/Documents/Training/WebApp/apache-tomcat-7.0.62/webapps/docs has finished in 34 ms
Nov 24, 2017 4:25:12 PM org.apache.catalina.startup.HostConfig deployDirectory
INFO: Deploying web application directory /opt/hd2/vananh/Documents/Training/WebApp/apache-tomcat-7.0.62/webapps/examples
Nov 24, 2017 4:25:13 PM org.apache.catalina.startup.HostConfig deployDirectory
INFO: Deployment of web application directory /opt/hd2/vananh/Documents/Training/WebApp/apache-tomcat-7.0.62/webapps/examples has finished in 155 ms
Nov 24, 2017 4:25:13 PM org.apache.catalina.startup.HostConfig deployDirectory
INFO: Deploying web application directory /opt/hd2/vananh/Documents/Training/WebApp/apache-tomcat-7.0.62/webapps/manager
Nov 24, 2017 4:25:13 PM org.apache.catalina.startup.HostConfig deployDirectory
INFO: Deployment of web application directory /opt/hd2/vananh/Documents/Training/WebApp/apache-tomcat-7.0.62/webapps/manager has finished in 34 ms
Nov 24, 2017 4:25:13 PM org.apache.coyote.AbstractProtocol start
INFO: Starting ProtocolHandler ["http-bio-8080"]
Nov 24, 2017 4:25:13 PM org.apache.coyote.AbstractProtocol start
INFO: Starting ProtocolHandler ["ajp-bio-8009"]
Nov 24, 2017 4:25:13 PM org.apache.catalina.startup.Catalina start
INFO: Server startup in 722 ms
Nov 24, 2017 4:27:26 PM org.apache.coyote.AbstractProtocol pause
INFO: Pausing ProtocolHandler ["http-bio-8080"]
Nov 24, 2017 4:27:26 PM org.apache.coyote.AbstractProtocol pause
INFO: Pausing ProtocolHandler ["ajp-bio-8009"]
Nov 24, 2017 4:27:26 PM org.apache.catalina.core.StandardService stopInternal
INFO: Stopping service Catalina
Nov 24, 2017 4:27:26 PM org.apache.coyote.AbstractProtocol stop
INFO: Stopping ProtocolHandler ["http-bio-8080"]
Nov 24, 2017 4:27:26 PM org.apache.coyote.AbstractProtocol stop
INFO: Stopping ProtocolHandler ["ajp-bio-8009"]
Nov 24, 2017 4:27:26 PM org.apache.coyote.AbstractProtocol destroy
INFO: Destroying ProtocolHandler ["http-bio-8080"]
Nov 24, 2017 4:27:26 PM org.apache.coyote.AbstractProtocol destroy
INFO: Destroying ProtocolHandler ["ajp-bio-8009"]
Nov 24, 2017 4:27:27 PM org.apache.catalina.startup.VersionLoggerListener log
INFO: Server version:        Apache Tomcat/7.0.62
Nov 24, 2017 4:27:27 PM org.apache.catalina.startup.VersionLoggerListener log
INFO: Server built:          May 7 2015 17:14:55 UTC
Nov 24, 2017 4:27:27 PM org.apache.catalina.startup.VersionLoggerListener log
INFO: Server number:         7.0.62.0
Nov 24, 2017 4:27:27 PM org.apache.catalina.startup.VersionLoggerListener log
INFO: OS Name:               Linux
Nov 24, 2017 4:27:27 PM org.apache.catalina.startup.VersionLoggerListener log
INFO: OS Version:            4.5.5-300.fc24.x86_64
Nov 24, 2017 4:27:27 PM org.apache.catalina.startup.VersionLoggerListener log
INFO: Architecture:          amd64
Nov 24, 2017 4:27:27 PM org.apache.catalina.startup.VersionLoggerListener log
INFO: Java Home:             /usr/java/jdk1.8.0_101/jre
Nov 24, 2017 4:27:27 PM org.apache.catalina.startup.VersionLoggerListener log
INFO: JVM Version:           1.8.0_101-b13
Nov 24, 2017 4:27:27 PM org.apache.catalina.startup.VersionLoggerListener log
INFO: JVM Vendor:            Oracle Corporation
Nov 24, 2017 4:27:27 PM org.apache.catalina.startup.VersionLoggerListener log
INFO: CATALINA_BASE:         /opt/hd2/vananh/Documents/Training/WebApp/apache-tomcat-7.0.62
Nov 24, 2017 4:27:27 PM org.apache.catalina.startup.VersionLoggerListener log
INFO: CATALINA_HOME:         /opt/hd2/vananh/Documents/Training/WebApp/apache-tomcat-7.0.62
Nov 24, 2017 4:27:27 PM org.apache.catalina.startup.VersionLoggerListener log
INFO: Command line argument: -Djava.util.logging.config.file=/opt/hd2/vananh/Documents/Training/WebApp/apache-tomcat-7.0.62/conf/logging.properties
Nov 24, 2017 4:27:27 PM org.apache.catalina.startup.VersionLoggerListener log
INFO: Command line argument: -Djava.util.logging.manager=org.apache.juli.ClassLoaderLogManager
Nov 24, 2017 4:27:27 PM org.apache.catalina.startup.VersionLoggerListener log
INFO: Command line argument: -Djava.endorsed.dirs=/opt/hd2/vananh/Documents/Training/WebApp/apache-tomcat-7.0.62/endorsed
Nov 24, 2017 4:27:27 PM org.apache.catalina.startup.VersionLoggerListener log
INFO: Command line argument: -Dcatalina.base=/opt/hd2/vananh/Documents/Training/WebApp/apache-tomcat-7.0.62
Nov 24, 2017 4:27:27 PM org.apache.catalina.startup.VersionLoggerListener log
INFO: Command line argument: -Dcatalina.home=/opt/hd2/vananh/Documents/Training/WebApp/apache-tomcat-7.0.62
Nov 24, 2017 4:27:27 PM org.apache.catalina.startup.VersionLoggerListener log
INFO: Command line argument: -Djava.io.tmpdir=/opt/hd2/vananh/Documents/Training/WebApp/apache-tomcat-7.0.62/temp
Nov 24, 2017 4:27:27 PM org.apache.catalina.core.AprLifecycleListener lifecycleEvent
INFO: The APR based Apache Tomcat Native library which allows optimal performance in production environments was not found on the java.library.path: /usr/java/packages/lib/amd64:/usr/lib64:/lib64:/lib:/usr/lib
Nov 24, 2017 4:27:28 PM org.apache.coyote.AbstractProtocol init
INFO: Initializing ProtocolHandler ["http-bio-8080"]
Nov 24, 2017 4:27:28 PM org.apache.coyote.AbstractProtocol init
INFO: Initializing ProtocolHandler ["ajp-bio-8009"]
Nov 24, 2017 4:27:28 PM org.apache.catalina.startup.Catalina load
INFO: Initialization processed in 401 ms
Nov 24, 2017 4:27:28 PM org.apache.catalina.core.StandardService startInternal
INFO: Starting service Catalina
Nov 24, 2017 4:27:28 PM org.apache.catalina.core.StandardEngine startInternal
INFO: Starting Servlet Engine: Apache Tomcat/7.0.62
Nov 24, 2017 4:27:28 PM org.apache.catalina.startup.HostConfig deployDescriptor
INFO: Deploying configuration descriptor /opt/hd2/vananh/Documents/Training/WebApp/apache-tomcat-7.0.62/conf/Catalina/localhost/test.xml
Nov 24, 2017 4:27:28 PM org.apache.catalina.startup.HostConfig deployDescriptor
INFO: Deployment of configuration descriptor /opt/hd2/vananh/Documents/Training/WebApp/apache-tomcat-7.0.62/conf/Catalina/localhost/test.xml has finished in 260 ms
Nov 24, 2017 4:27:28 PM org.apache.catalina.startup.HostConfig deployDirectory
INFO: Deploying web application directory /opt/hd2/vananh/Documents/Training/WebApp/apache-tomcat-7.0.62/webapps/ROOT
Nov 24, 2017 4:27:28 PM org.apache.catalina.startup.HostConfig deployDirectory
INFO: Deployment of web application directory /opt/hd2/vananh/Documents/Training/WebApp/apache-tomcat-7.0.62/webapps/ROOT has finished in 41 ms
Nov 24, 2017 4:27:28 PM org.apache.catalina.startup.HostConfig deployDirectory
INFO: Deploying web application directory /opt/hd2/vananh/Documents/Training/WebApp/apache-tomcat-7.0.62/webapps/host-manager
Nov 24, 2017 4:27:28 PM org.apache.catalina.startup.HostConfig deployDirectory
INFO: Deployment of web application directory /opt/hd2/vananh/Documents/Training/WebApp/apache-tomcat-7.0.62/webapps/host-manager has finished in 47 ms
Nov 24, 2017 4:27:28 PM org.apache.catalina.startup.HostConfig deployDirectory
INFO: Deploying web application directory /opt/hd2/vananh/Documents/Training/WebApp/apache-tomcat-7.0.62/webapps/docs
Nov 24, 2017 4:27:28 PM org.apache.catalina.startup.HostConfig deployDirectory
INFO: Deployment of web application directory /opt/hd2/vananh/Documents/Training/WebApp/apache-tomcat-7.0.62/webapps/docs has finished in 52 ms
Nov 24, 2017 4:27:28 PM org.apache.catalina.startup.HostConfig deployDirectory
INFO: Deploying web application directory /opt/hd2/vananh/Documents/Training/WebApp/apache-tomcat-7.0.62/webapps/examples
Nov 24, 2017 4:27:28 PM org.apache.catalina.startup.HostConfig deployDirectory
INFO: Deployment of web application directory /opt/hd2/vananh/Documents/Training/WebApp/apache-tomcat-7.0.62/webapps/examples has finished in 164 ms
Nov 24, 2017 4:27:28 PM org.apache.catalina.startup.HostConfig deployDirectory
INFO: Deploying web application directory /opt/hd2/vananh/Documents/Training/WebApp/apache-tomcat-7.0.62/webapps/manager
Nov 24, 2017 4:27:28 PM org.apache.catalina.startup.HostConfig deployDirectory
INFO: Deployment of web application directory /opt/hd2/vananh/Documents/Training/WebApp/apache-tomcat-7.0.62/webapps/manager has finished in 34 ms
Nov 24, 2017 4:27:28 PM org.apache.coyote.AbstractProtocol start
INFO: Starting ProtocolHandler ["http-bio-8080"]
Nov 24, 2017 4:27:28 PM org.apache.coyote.AbstractProtocol start
INFO: Starting ProtocolHandler ["ajp-bio-8009"]
Nov 24, 2017 4:27:28 PM org.apache.catalina.startup.Catalina start
INFO: Server startup in 643 ms
Nov 24, 2017 5:31:50 PM org.apache.coyote.AbstractProtocol pause
INFO: Pausing ProtocolHandler ["http-bio-8080"]
Nov 24, 2017 5:31:50 PM org.apache.coyote.AbstractProtocol pause
INFO: Pausing ProtocolHandler ["ajp-bio-8009"]
Nov 24, 2017 5:31:50 PM org.apache.catalina.core.StandardService stopInternal
INFO: Stopping service Catalina
Nov 24, 2017 5:31:50 PM org.apache.coyote.AbstractProtocol stop
INFO: Stopping ProtocolHandler ["http-bio-8080"]
Nov 24, 2017 5:31:50 PM org.apache.coyote.AbstractProtocol stop
INFO: Stopping ProtocolHandler ["ajp-bio-8009"]
Nov 24, 2017 5:31:50 PM org.apache.coyote.AbstractProtocol destroy
INFO: Destroying ProtocolHandler ["http-bio-8080"]
Nov 24, 2017 5:31:50 PM org.apache.coyote.AbstractProtocol destroy
INFO: Destroying ProtocolHandler ["ajp-bio-8009"]
