Nov 29, 2017 10:28:53 AM org.apache.catalina.startup.VersionLoggerListener log
INFO: Server version:        Apache Tomcat/7.0.62
Nov 29, 2017 10:28:53 AM org.apache.catalina.startup.VersionLoggerListener log
INFO: Server built:          May 7 2015 17:14:55 UTC
Nov 29, 2017 10:28:53 AM org.apache.catalina.startup.VersionLoggerListener log
INFO: Server number:         7.0.62.0
Nov 29, 2017 10:28:53 AM org.apache.catalina.startup.VersionLoggerListener log
INFO: OS Name:               Linux
Nov 29, 2017 10:28:53 AM org.apache.catalina.startup.VersionLoggerListener log
INFO: OS Version:            4.5.5-300.fc24.x86_64
Nov 29, 2017 10:28:53 AM org.apache.catalina.startup.VersionLoggerListener log
INFO: Architecture:          amd64
Nov 29, 2017 10:28:53 AM org.apache.catalina.startup.VersionLoggerListener log
INFO: Java Home:             /usr/java/jdk1.8.0_101/jre
Nov 29, 2017 10:28:53 AM org.apache.catalina.startup.VersionLoggerListener log
INFO: JVM Version:           1.8.0_101-b13
Nov 29, 2017 10:28:53 AM org.apache.catalina.startup.VersionLoggerListener log
INFO: JVM Vendor:            Oracle Corporation
Nov 29, 2017 10:28:53 AM org.apache.catalina.startup.VersionLoggerListener log
INFO: CATALINA_BASE:         /opt/hd2/vananh/Documents/Training/WebApp/apache-tomcat-7.0.62
Nov 29, 2017 10:28:53 AM org.apache.catalina.startup.VersionLoggerListener log
INFO: CATALINA_HOME:         /opt/hd2/vananh/Documents/Training/WebApp/apache-tomcat-7.0.62
Nov 29, 2017 10:28:53 AM org.apache.catalina.startup.VersionLoggerListener log
INFO: Command line argument: -Djava.util.logging.config.file=/opt/hd2/vananh/Documents/Training/WebApp/apache-tomcat-7.0.62/conf/logging.properties
Nov 29, 2017 10:28:53 AM org.apache.catalina.startup.VersionLoggerListener log
INFO: Command line argument: -Djava.util.logging.manager=org.apache.juli.ClassLoaderLogManager
Nov 29, 2017 10:28:53 AM org.apache.catalina.startup.VersionLoggerListener log
INFO: Command line argument: -Djava.endorsed.dirs=/opt/hd2/vananh/Documents/Training/WebApp/apache-tomcat-7.0.62/endorsed
Nov 29, 2017 10:28:53 AM org.apache.catalina.startup.VersionLoggerListener log
INFO: Command line argument: -Dcatalina.base=/opt/hd2/vananh/Documents/Training/WebApp/apache-tomcat-7.0.62
Nov 29, 2017 10:28:53 AM org.apache.catalina.startup.VersionLoggerListener log
INFO: Command line argument: -Dcatalina.home=/opt/hd2/vananh/Documents/Training/WebApp/apache-tomcat-7.0.62
Nov 29, 2017 10:28:53 AM org.apache.catalina.startup.VersionLoggerListener log
INFO: Command line argument: -Djava.io.tmpdir=/opt/hd2/vananh/Documents/Training/WebApp/apache-tomcat-7.0.62/temp
Nov 29, 2017 10:28:53 AM org.apache.catalina.core.AprLifecycleListener lifecycleEvent
INFO: The APR based Apache Tomcat Native library which allows optimal performance in production environments was not found on the java.library.path: /usr/java/packages/lib/amd64:/usr/lib64:/lib64:/lib:/usr/lib
Nov 29, 2017 10:28:53 AM org.apache.coyote.AbstractProtocol init
INFO: Initializing ProtocolHandler ["http-bio-8080"]
Nov 29, 2017 10:28:53 AM org.apache.coyote.AbstractProtocol init
INFO: Initializing ProtocolHandler ["ajp-bio-8009"]
Nov 29, 2017 10:28:53 AM org.apache.catalina.startup.Catalina load
INFO: Initialization processed in 533 ms
Nov 29, 2017 10:28:53 AM org.apache.catalina.core.StandardService startInternal
INFO: Starting service Catalina
Nov 29, 2017 10:28:53 AM org.apache.catalina.core.StandardEngine startInternal
INFO: Starting Servlet Engine: Apache Tomcat/7.0.62
Nov 29, 2017 10:28:53 AM org.apache.catalina.startup.HostConfig deployDescriptor
INFO: Deploying configuration descriptor /opt/hd2/vananh/Documents/Training/WebApp/apache-tomcat-7.0.62/conf/Catalina/localhost/test.xml
Nov 29, 2017 10:28:54 AM org.apache.catalina.startup.HostConfig deployDescriptor
INFO: Deployment of configuration descriptor /opt/hd2/vananh/Documents/Training/WebApp/apache-tomcat-7.0.62/conf/Catalina/localhost/test.xml has finished in 367 ms
Nov 29, 2017 10:28:54 AM org.apache.catalina.startup.HostConfig deployDirectory
INFO: Deploying web application directory /opt/hd2/vananh/Documents/Training/WebApp/apache-tomcat-7.0.62/webapps/ROOT
Nov 29, 2017 10:28:54 AM org.apache.catalina.startup.HostConfig deployDirectory
INFO: Deployment of web application directory /opt/hd2/vananh/Documents/Training/WebApp/apache-tomcat-7.0.62/webapps/ROOT has finished in 54 ms
Nov 29, 2017 10:28:54 AM org.apache.catalina.startup.HostConfig deployDirectory
INFO: Deploying web application directory /opt/hd2/vananh/Documents/Training/WebApp/apache-tomcat-7.0.62/webapps/host-manager
Nov 29, 2017 10:28:54 AM org.apache.catalina.startup.HostConfig deployDirectory
INFO: Deployment of web application directory /opt/hd2/vananh/Documents/Training/WebApp/apache-tomcat-7.0.62/webapps/host-manager has finished in 83 ms
Nov 29, 2017 10:28:54 AM org.apache.catalina.startup.HostConfig deployDirectory
INFO: Deploying web application directory /opt/hd2/vananh/Documents/Training/WebApp/apache-tomcat-7.0.62/webapps/docs
Nov 29, 2017 10:28:54 AM org.apache.catalina.startup.HostConfig deployDirectory
INFO: Deployment of web application directory /opt/hd2/vananh/Documents/Training/WebApp/apache-tomcat-7.0.62/webapps/docs has finished in 41 ms
Nov 29, 2017 10:28:54 AM org.apache.catalina.startup.HostConfig deployDirectory
INFO: Deploying web application directory /opt/hd2/vananh/Documents/Training/WebApp/apache-tomcat-7.0.62/webapps/examples
Nov 29, 2017 10:28:55 AM org.apache.catalina.startup.HostConfig deployDirectory
INFO: Deployment of web application directory /opt/hd2/vananh/Documents/Training/WebApp/apache-tomcat-7.0.62/webapps/examples has finished in 545 ms
Nov 29, 2017 10:28:55 AM org.apache.catalina.startup.HostConfig deployDirectory
INFO: Deploying web application directory /opt/hd2/vananh/Documents/Training/WebApp/apache-tomcat-7.0.62/webapps/manager
Nov 29, 2017 10:28:55 AM org.apache.catalina.startup.HostConfig deployDirectory
INFO: Deployment of web application directory /opt/hd2/vananh/Documents/Training/WebApp/apache-tomcat-7.0.62/webapps/manager has finished in 76 ms
Nov 29, 2017 10:28:55 AM org.apache.coyote.AbstractProtocol start
INFO: Starting ProtocolHandler ["http-bio-8080"]
Nov 29, 2017 10:28:55 AM org.apache.coyote.AbstractProtocol start
INFO: Starting ProtocolHandler ["ajp-bio-8009"]
Nov 29, 2017 10:28:55 AM org.apache.catalina.startup.Catalina start
INFO: Server startup in 1218 ms
Nov 29, 2017 10:30:35 AM org.apache.catalina.startup.HostConfig reload
INFO: Reloading context [/test]
Nov 29, 2017 10:30:35 AM org.apache.catalina.core.StandardContext reload
INFO: Reloading Context with name [/test] has started
Nov 29, 2017 10:30:35 AM org.apache.catalina.core.StandardContext reload
INFO: Reloading Context with name [/test] is completed
Nov 29, 2017 10:33:05 AM org.apache.catalina.startup.HostConfig reload
INFO: Reloading context [/test]
Nov 29, 2017 10:33:05 AM org.apache.catalina.core.StandardContext reload
INFO: Reloading Context with name [/test] has started
Nov 29, 2017 10:33:05 AM org.apache.catalina.core.StandardContext reload
INFO: Reloading Context with name [/test] is completed
Nov 29, 2017 10:43:25 AM org.apache.catalina.core.StandardContext reload
INFO: Reloading Context with name [/test] has started
Nov 29, 2017 10:43:25 AM org.apache.catalina.core.StandardContext reload
INFO: Reloading Context with name [/test] is completed
Nov 29, 2017 10:44:15 AM org.apache.catalina.loader.WebappClassLoader modified
INFO:     Additional JARs have been added
Nov 29, 2017 10:44:15 AM org.apache.catalina.core.StandardContext reload
INFO: Reloading Context with name [/test] has started
Nov 29, 2017 10:44:15 AM org.apache.catalina.core.StandardContext reload
INFO: Reloading Context with name [/test] is completed
Nov 29, 2017 10:44:45 AM org.apache.catalina.core.StandardContext reload
INFO: Reloading Context with name [/test] has started
Nov 29, 2017 10:44:45 AM org.apache.catalina.core.StandardContext reload
INFO: Reloading Context with name [/test] is completed
Nov 29, 2017 10:48:35 AM org.apache.catalina.core.StandardContext reload
INFO: Reloading Context with name [/test] has started
Nov 29, 2017 10:48:35 AM org.apache.catalina.core.StandardContext reload
INFO: Reloading Context with name [/test] is completed
Nov 29, 2017 10:51:55 AM org.apache.catalina.startup.HostConfig reload
INFO: Reloading context [/test]
Nov 29, 2017 10:51:55 AM org.apache.catalina.core.StandardContext reload
INFO: Reloading Context with name [/test] has started
Nov 29, 2017 10:51:55 AM org.apache.catalina.core.StandardContext reload
INFO: Reloading Context with name [/test] is completed
Nov 29, 2017 1:46:36 PM org.apache.catalina.loader.WebappClassLoader modified
SEVERE:     Resource '/WEB-INF/classes/vn/webapp/HelloServlet.class' is missing
Nov 29, 2017 1:46:36 PM org.apache.catalina.core.StandardContext reload
INFO: Reloading Context with name [/test] has started
Nov 29, 2017 1:46:36 PM org.apache.catalina.core.StandardContext reload
INFO: Reloading Context with name [/test] is completed
Nov 29, 2017 1:52:16 PM org.apache.catalina.core.StandardContext reload
INFO: Reloading Context with name [/test] has started
Nov 29, 2017 1:52:16 PM org.apache.catalina.core.StandardContext reload
INFO: Reloading Context with name [/test] is completed
Nov 29, 2017 2:18:16 PM org.apache.catalina.startup.HostConfig reload
INFO: Reloading context [/test]
Nov 29, 2017 2:18:16 PM org.apache.catalina.core.StandardContext reload
INFO: Reloading Context with name [/test] has started
Nov 29, 2017 2:18:16 PM org.apache.catalina.core.StandardContext reload
SEVERE: Exception starting Context with name [/test]
org.apache.catalina.LifecycleException: Failed to start component [StandardEngine[Catalina].StandardHost[localhost].StandardContext[/test]]
	at org.apache.catalina.util.LifecycleBase.start(LifecycleBase.java:154)
	at org.apache.catalina.core.StandardContext.reload(StandardContext.java:4033)
	at org.apache.catalina.startup.HostConfig.reload(HostConfig.java:1524)
	at org.apache.catalina.startup.HostConfig.checkResources(HostConfig.java:1497)
	at org.apache.catalina.startup.HostConfig.check(HostConfig.java:1695)
	at org.apache.catalina.startup.HostConfig.lifecycleEvent(HostConfig.java:333)
	at org.apache.catalina.util.LifecycleSupport.fireLifecycleEvent(LifecycleSupport.java:117)
	at org.apache.catalina.util.LifecycleBase.fireLifecycleEvent(LifecycleBase.java:90)
	at org.apache.catalina.core.ContainerBase.backgroundProcess(ContainerBase.java:1374)
	at org.apache.catalina.core.ContainerBase$ContainerBackgroundProcessor.processChildren(ContainerBase.java:1546)
	at org.apache.catalina.core.ContainerBase$ContainerBackgroundProcessor.processChildren(ContainerBase.java:1556)
	at org.apache.catalina.core.ContainerBase$ContainerBackgroundProcessor.run(ContainerBase.java:1524)
	at java.lang.Thread.run(Thread.java:745)
Caused by: java.lang.IllegalArgumentException: Filter mapping specifies an unknown filter name springSecurityFilterChain
	at org.apache.catalina.core.StandardContext.validateFilterMap(StandardContext.java:3119)
	at org.apache.catalina.core.StandardContext.addFilterMap(StandardContext.java:3084)
	at org.apache.catalina.deploy.WebXml.configureContext(WebXml.java:1343)
	at org.apache.catalina.startup.ContextConfig.webConfig(ContextConfig.java:1357)
	at org.apache.catalina.startup.ContextConfig.configureStart(ContextConfig.java:889)
	at org.apache.catalina.startup.ContextConfig.lifecycleEvent(ContextConfig.java:386)
	at org.apache.catalina.util.LifecycleSupport.fireLifecycleEvent(LifecycleSupport.java:117)
	at org.apache.catalina.util.LifecycleBase.fireLifecycleEvent(LifecycleBase.java:90)
	at org.apache.catalina.core.StandardContext.startInternal(StandardContext.java:5416)
	at org.apache.catalina.util.LifecycleBase.start(LifecycleBase.java:150)
	... 12 more

Nov 29, 2017 2:18:16 PM org.apache.catalina.core.StandardContext reload
INFO: Reloading Context with name [/test] is completed
Nov 29, 2017 2:18:36 PM org.apache.catalina.startup.HostConfig reload
INFO: Reloading context [/test]
Nov 29, 2017 2:18:36 PM org.apache.catalina.core.StandardContext startInternal
SEVERE: One or more Filters failed to start. Full details will be found in the appropriate container log file
Nov 29, 2017 2:18:36 PM org.apache.catalina.core.StandardContext startInternal
SEVERE: Context [/test] startup failed due to previous errors
Nov 29, 2017 2:20:32 PM org.apache.coyote.AbstractProtocol pause
INFO: Pausing ProtocolHandler ["http-bio-8080"]
Nov 29, 2017 2:20:32 PM org.apache.coyote.AbstractProtocol pause
INFO: Pausing ProtocolHandler ["ajp-bio-8009"]
Nov 29, 2017 2:20:32 PM org.apache.catalina.core.StandardService stopInternal
INFO: Stopping service Catalina
Nov 29, 2017 2:20:32 PM org.apache.coyote.AbstractProtocol stop
INFO: Stopping ProtocolHandler ["http-bio-8080"]
Nov 29, 2017 2:20:32 PM org.apache.coyote.AbstractProtocol stop
INFO: Stopping ProtocolHandler ["ajp-bio-8009"]
Nov 29, 2017 2:20:32 PM org.apache.coyote.AbstractProtocol destroy
INFO: Destroying ProtocolHandler ["http-bio-8080"]
Nov 29, 2017 2:20:32 PM org.apache.coyote.AbstractProtocol destroy
INFO: Destroying ProtocolHandler ["ajp-bio-8009"]
Nov 29, 2017 2:20:34 PM org.apache.catalina.startup.VersionLoggerListener log
INFO: Server version:        Apache Tomcat/7.0.62
Nov 29, 2017 2:20:34 PM org.apache.catalina.startup.VersionLoggerListener log
INFO: Server built:          May 7 2015 17:14:55 UTC
Nov 29, 2017 2:20:34 PM org.apache.catalina.startup.VersionLoggerListener log
INFO: Server number:         7.0.62.0
Nov 29, 2017 2:20:34 PM org.apache.catalina.startup.VersionLoggerListener log
INFO: OS Name:               Linux
Nov 29, 2017 2:20:34 PM org.apache.catalina.startup.VersionLoggerListener log
INFO: OS Version:            4.5.5-300.fc24.x86_64
Nov 29, 2017 2:20:34 PM org.apache.catalina.startup.VersionLoggerListener log
INFO: Architecture:          amd64
Nov 29, 2017 2:20:34 PM org.apache.catalina.startup.VersionLoggerListener log
INFO: Java Home:             /usr/java/jdk1.8.0_101/jre
Nov 29, 2017 2:20:34 PM org.apache.catalina.startup.VersionLoggerListener log
INFO: JVM Version:           1.8.0_101-b13
Nov 29, 2017 2:20:34 PM org.apache.catalina.startup.VersionLoggerListener log
INFO: JVM Vendor:            Oracle Corporation
Nov 29, 2017 2:20:34 PM org.apache.catalina.startup.VersionLoggerListener log
INFO: CATALINA_BASE:         /opt/hd2/vananh/Documents/Training/WebApp/apache-tomcat-7.0.62
Nov 29, 2017 2:20:34 PM org.apache.catalina.startup.VersionLoggerListener log
INFO: CATALINA_HOME:         /opt/hd2/vananh/Documents/Training/WebApp/apache-tomcat-7.0.62
Nov 29, 2017 2:20:34 PM org.apache.catalina.startup.VersionLoggerListener log
INFO: Command line argument: -Djava.util.logging.config.file=/opt/hd2/vananh/Documents/Training/WebApp/apache-tomcat-7.0.62/conf/logging.properties
Nov 29, 2017 2:20:34 PM org.apache.catalina.startup.VersionLoggerListener log
INFO: Command line argument: -Djava.util.logging.manager=org.apache.juli.ClassLoaderLogManager
Nov 29, 2017 2:20:34 PM org.apache.catalina.startup.VersionLoggerListener log
INFO: Command line argument: -Djava.endorsed.dirs=/opt/hd2/vananh/Documents/Training/WebApp/apache-tomcat-7.0.62/endorsed
Nov 29, 2017 2:20:34 PM org.apache.catalina.startup.VersionLoggerListener log
INFO: Command line argument: -Dcatalina.base=/opt/hd2/vananh/Documents/Training/WebApp/apache-tomcat-7.0.62
Nov 29, 2017 2:20:34 PM org.apache.catalina.startup.VersionLoggerListener log
INFO: Command line argument: -Dcatalina.home=/opt/hd2/vananh/Documents/Training/WebApp/apache-tomcat-7.0.62
Nov 29, 2017 2:20:34 PM org.apache.catalina.startup.VersionLoggerListener log
INFO: Command line argument: -Djava.io.tmpdir=/opt/hd2/vananh/Documents/Training/WebApp/apache-tomcat-7.0.62/temp
Nov 29, 2017 2:20:34 PM org.apache.catalina.core.AprLifecycleListener lifecycleEvent
INFO: The APR based Apache Tomcat Native library which allows optimal performance in production environments was not found on the java.library.path: /usr/java/packages/lib/amd64:/usr/lib64:/lib64:/lib:/usr/lib
Nov 29, 2017 2:20:34 PM org.apache.coyote.AbstractProtocol init
INFO: Initializing ProtocolHandler ["http-bio-8080"]
Nov 29, 2017 2:20:34 PM org.apache.coyote.AbstractProtocol init
INFO: Initializing ProtocolHandler ["ajp-bio-8009"]
Nov 29, 2017 2:20:34 PM org.apache.catalina.startup.Catalina load
INFO: Initialization processed in 396 ms
Nov 29, 2017 2:20:34 PM org.apache.catalina.core.StandardService startInternal
INFO: Starting service Catalina
Nov 29, 2017 2:20:34 PM org.apache.catalina.core.StandardEngine startInternal
INFO: Starting Servlet Engine: Apache Tomcat/7.0.62
Nov 29, 2017 2:20:34 PM org.apache.catalina.startup.HostConfig deployDescriptor
INFO: Deploying configuration descriptor /opt/hd2/vananh/Documents/Training/WebApp/apache-tomcat-7.0.62/conf/Catalina/localhost/test.xml
Nov 29, 2017 2:20:34 PM org.apache.catalina.core.StandardContext startInternal
SEVERE: One or more Filters failed to start. Full details will be found in the appropriate container log file
Nov 29, 2017 2:20:34 PM org.apache.catalina.core.StandardContext startInternal
SEVERE: Context [/test] startup failed due to previous errors
Nov 29, 2017 2:20:34 PM org.apache.catalina.startup.HostConfig deployDescriptor
INFO: Deployment of configuration descriptor /opt/hd2/vananh/Documents/Training/WebApp/apache-tomcat-7.0.62/conf/Catalina/localhost/test.xml has finished in 336 ms
Nov 29, 2017 2:20:34 PM org.apache.catalina.startup.HostConfig deployDirectory
INFO: Deploying web application directory /opt/hd2/vananh/Documents/Training/WebApp/apache-tomcat-7.0.62/webapps/ROOT
Nov 29, 2017 2:20:34 PM org.apache.catalina.startup.HostConfig deployDirectory
INFO: Deployment of web application directory /opt/hd2/vananh/Documents/Training/WebApp/apache-tomcat-7.0.62/webapps/ROOT has finished in 61 ms
Nov 29, 2017 2:20:34 PM org.apache.catalina.startup.HostConfig deployDirectory
INFO: Deploying web application directory /opt/hd2/vananh/Documents/Training/WebApp/apache-tomcat-7.0.62/webapps/host-manager
Nov 29, 2017 2:20:34 PM org.apache.catalina.startup.HostConfig deployDirectory
INFO: Deployment of web application directory /opt/hd2/vananh/Documents/Training/WebApp/apache-tomcat-7.0.62/webapps/host-manager has finished in 43 ms
Nov 29, 2017 2:20:34 PM org.apache.catalina.startup.HostConfig deployDirectory
INFO: Deploying web application directory /opt/hd2/vananh/Documents/Training/WebApp/apache-tomcat-7.0.62/webapps/docs
Nov 29, 2017 2:20:34 PM org.apache.catalina.startup.HostConfig deployDirectory
INFO: Deployment of web application directory /opt/hd2/vananh/Documents/Training/WebApp/apache-tomcat-7.0.62/webapps/docs has finished in 32 ms
Nov 29, 2017 2:20:34 PM org.apache.catalina.startup.HostConfig deployDirectory
INFO: Deploying web application directory /opt/hd2/vananh/Documents/Training/WebApp/apache-tomcat-7.0.62/webapps/examples
Nov 29, 2017 2:20:35 PM org.apache.catalina.startup.HostConfig deployDirectory
INFO: Deployment of web application directory /opt/hd2/vananh/Documents/Training/WebApp/apache-tomcat-7.0.62/webapps/examples has finished in 142 ms
Nov 29, 2017 2:20:35 PM org.apache.catalina.startup.HostConfig deployDirectory
INFO: Deploying web application directory /opt/hd2/vananh/Documents/Training/WebApp/apache-tomcat-7.0.62/webapps/manager
Nov 29, 2017 2:20:35 PM org.apache.catalina.startup.HostConfig deployDirectory
INFO: Deployment of web application directory /opt/hd2/vananh/Documents/Training/WebApp/apache-tomcat-7.0.62/webapps/manager has finished in 50 ms
Nov 29, 2017 2:20:35 PM org.apache.coyote.AbstractProtocol start
INFO: Starting ProtocolHandler ["http-bio-8080"]
Nov 29, 2017 2:20:35 PM org.apache.coyote.AbstractProtocol start
INFO: Starting ProtocolHandler ["ajp-bio-8009"]
Nov 29, 2017 2:20:35 PM org.apache.catalina.startup.Catalina start
INFO: Server startup in 720 ms
Nov 29, 2017 2:21:45 PM org.apache.catalina.startup.HostConfig reload
INFO: Reloading context [/test]
Nov 29, 2017 2:22:55 PM org.apache.catalina.startup.HostConfig reload
INFO: Reloading context [/test]
Nov 29, 2017 2:22:55 PM org.apache.catalina.core.StandardContext reload
INFO: Reloading Context with name [/test] has started
Nov 29, 2017 2:22:55 PM org.apache.catalina.core.StandardContext reload
INFO: Reloading Context with name [/test] is completed
Nov 29, 2017 2:23:35 PM org.apache.catalina.startup.HostConfig reload
INFO: Reloading context [/test]
Nov 29, 2017 2:23:35 PM org.apache.catalina.core.StandardContext reload
INFO: Reloading Context with name [/test] has started
Nov 29, 2017 2:23:35 PM org.apache.catalina.core.StandardContext startInternal
SEVERE: One or more Filters failed to start. Full details will be found in the appropriate container log file
Nov 29, 2017 2:23:35 PM org.apache.catalina.core.StandardContext startInternal
SEVERE: Context [/test] startup failed due to previous errors
Nov 29, 2017 2:23:35 PM org.apache.catalina.core.StandardContext reload
INFO: Reloading Context with name [/test] is completed
Nov 29, 2017 2:34:06 PM org.apache.coyote.AbstractProtocol pause
INFO: Pausing ProtocolHandler ["http-bio-8080"]
Nov 29, 2017 2:34:06 PM org.apache.coyote.AbstractProtocol pause
INFO: Pausing ProtocolHandler ["ajp-bio-8009"]
Nov 29, 2017 2:34:06 PM org.apache.catalina.core.StandardService stopInternal
INFO: Stopping service Catalina
Nov 29, 2017 2:34:06 PM org.apache.coyote.AbstractProtocol stop
INFO: Stopping ProtocolHandler ["http-bio-8080"]
Nov 29, 2017 2:34:06 PM org.apache.coyote.AbstractProtocol stop
INFO: Stopping ProtocolHandler ["ajp-bio-8009"]
Nov 29, 2017 2:34:06 PM org.apache.coyote.AbstractProtocol destroy
INFO: Destroying ProtocolHandler ["http-bio-8080"]
Nov 29, 2017 2:34:06 PM org.apache.coyote.AbstractProtocol destroy
INFO: Destroying ProtocolHandler ["ajp-bio-8009"]
Nov 29, 2017 2:34:07 PM org.apache.catalina.startup.VersionLoggerListener log
INFO: Server version:        Apache Tomcat/7.0.62
Nov 29, 2017 2:34:07 PM org.apache.catalina.startup.VersionLoggerListener log
INFO: Server built:          May 7 2015 17:14:55 UTC
Nov 29, 2017 2:34:07 PM org.apache.catalina.startup.VersionLoggerListener log
INFO: Server number:         7.0.62.0
Nov 29, 2017 2:34:07 PM org.apache.catalina.startup.VersionLoggerListener log
INFO: OS Name:               Linux
Nov 29, 2017 2:34:07 PM org.apache.catalina.startup.VersionLoggerListener log
INFO: OS Version:            4.5.5-300.fc24.x86_64
Nov 29, 2017 2:34:07 PM org.apache.catalina.startup.VersionLoggerListener log
INFO: Architecture:          amd64
Nov 29, 2017 2:34:07 PM org.apache.catalina.startup.VersionLoggerListener log
INFO: Java Home:             /usr/java/jdk1.8.0_101/jre
Nov 29, 2017 2:34:07 PM org.apache.catalina.startup.VersionLoggerListener log
INFO: JVM Version:           1.8.0_101-b13
Nov 29, 2017 2:34:07 PM org.apache.catalina.startup.VersionLoggerListener log
INFO: JVM Vendor:            Oracle Corporation
Nov 29, 2017 2:34:07 PM org.apache.catalina.startup.VersionLoggerListener log
INFO: CATALINA_BASE:         /opt/hd2/vananh/Documents/Training/WebApp/apache-tomcat-7.0.62
Nov 29, 2017 2:34:07 PM org.apache.catalina.startup.VersionLoggerListener log
INFO: CATALINA_HOME:         /opt/hd2/vananh/Documents/Training/WebApp/apache-tomcat-7.0.62
Nov 29, 2017 2:34:07 PM org.apache.catalina.startup.VersionLoggerListener log
INFO: Command line argument: -Djava.util.logging.config.file=/opt/hd2/vananh/Documents/Training/WebApp/apache-tomcat-7.0.62/conf/logging.properties
Nov 29, 2017 2:34:07 PM org.apache.catalina.startup.VersionLoggerListener log
INFO: Command line argument: -Djava.util.logging.manager=org.apache.juli.ClassLoaderLogManager
Nov 29, 2017 2:34:07 PM org.apache.catalina.startup.VersionLoggerListener log
INFO: Command line argument: -Djava.endorsed.dirs=/opt/hd2/vananh/Documents/Training/WebApp/apache-tomcat-7.0.62/endorsed
Nov 29, 2017 2:34:07 PM org.apache.catalina.startup.VersionLoggerListener log
INFO: Command line argument: -Dcatalina.base=/opt/hd2/vananh/Documents/Training/WebApp/apache-tomcat-7.0.62
Nov 29, 2017 2:34:07 PM org.apache.catalina.startup.VersionLoggerListener log
INFO: Command line argument: -Dcatalina.home=/opt/hd2/vananh/Documents/Training/WebApp/apache-tomcat-7.0.62
Nov 29, 2017 2:34:07 PM org.apache.catalina.startup.VersionLoggerListener log
INFO: Command line argument: -Djava.io.tmpdir=/opt/hd2/vananh/Documents/Training/WebApp/apache-tomcat-7.0.62/temp
Nov 29, 2017 2:34:07 PM org.apache.catalina.core.AprLifecycleListener lifecycleEvent
INFO: The APR based Apache Tomcat Native library which allows optimal performance in production environments was not found on the java.library.path: /usr/java/packages/lib/amd64:/usr/lib64:/lib64:/lib:/usr/lib
Nov 29, 2017 2:34:08 PM org.apache.coyote.AbstractProtocol init
INFO: Initializing ProtocolHandler ["http-bio-8080"]
Nov 29, 2017 2:34:08 PM org.apache.coyote.AbstractProtocol init
INFO: Initializing ProtocolHandler ["ajp-bio-8009"]
Nov 29, 2017 2:34:08 PM org.apache.catalina.startup.Catalina load
INFO: Initialization processed in 402 ms
Nov 29, 2017 2:34:08 PM org.apache.catalina.core.StandardService startInternal
INFO: Starting service Catalina
Nov 29, 2017 2:34:08 PM org.apache.catalina.core.StandardEngine startInternal
INFO: Starting Servlet Engine: Apache Tomcat/7.0.62
Nov 29, 2017 2:34:08 PM org.apache.catalina.startup.HostConfig deployDescriptor
INFO: Deploying configuration descriptor /opt/hd2/vananh/Documents/Training/WebApp/apache-tomcat-7.0.62/conf/Catalina/localhost/test.xml
Nov 29, 2017 2:34:08 PM org.apache.catalina.startup.HostConfig deployDescriptor
INFO: Deployment of configuration descriptor /opt/hd2/vananh/Documents/Training/WebApp/apache-tomcat-7.0.62/conf/Catalina/localhost/test.xml has finished in 450 ms
Nov 29, 2017 2:34:08 PM org.apache.catalina.startup.HostConfig deployDirectory
INFO: Deploying web application directory /opt/hd2/vananh/Documents/Training/WebApp/apache-tomcat-7.0.62/webapps/ROOT
Nov 29, 2017 2:34:08 PM org.apache.catalina.startup.HostConfig deployDirectory
INFO: Deployment of web application directory /opt/hd2/vananh/Documents/Training/WebApp/apache-tomcat-7.0.62/webapps/ROOT has finished in 72 ms
Nov 29, 2017 2:34:08 PM org.apache.catalina.startup.HostConfig deployDirectory
INFO: Deploying web application directory /opt/hd2/vananh/Documents/Training/WebApp/apache-tomcat-7.0.62/webapps/host-manager
Nov 29, 2017 2:34:08 PM org.apache.catalina.startup.HostConfig deployDirectory
INFO: Deployment of web application directory /opt/hd2/vananh/Documents/Training/WebApp/apache-tomcat-7.0.62/webapps/host-manager has finished in 43 ms
Nov 29, 2017 2:34:08 PM org.apache.catalina.startup.HostConfig deployDirectory
INFO: Deploying web application directory /opt/hd2/vananh/Documents/Training/WebApp/apache-tomcat-7.0.62/webapps/docs
Nov 29, 2017 2:34:08 PM org.apache.catalina.startup.HostConfig deployDirectory
INFO: Deployment of web application directory /opt/hd2/vananh/Documents/Training/WebApp/apache-tomcat-7.0.62/webapps/docs has finished in 30 ms
Nov 29, 2017 2:34:08 PM org.apache.catalina.startup.HostConfig deployDirectory
INFO: Deploying web application directory /opt/hd2/vananh/Documents/Training/WebApp/apache-tomcat-7.0.62/webapps/examples
Nov 29, 2017 2:34:08 PM org.apache.catalina.startup.HostConfig deployDirectory
INFO: Deployment of web application directory /opt/hd2/vananh/Documents/Training/WebApp/apache-tomcat-7.0.62/webapps/examples has finished in 129 ms
Nov 29, 2017 2:34:08 PM org.apache.catalina.startup.HostConfig deployDirectory
INFO: Deploying web application directory /opt/hd2/vananh/Documents/Training/WebApp/apache-tomcat-7.0.62/webapps/manager
Nov 29, 2017 2:34:08 PM org.apache.catalina.startup.HostConfig deployDirectory
INFO: Deployment of web application directory /opt/hd2/vananh/Documents/Training/WebApp/apache-tomcat-7.0.62/webapps/manager has finished in 32 ms
Nov 29, 2017 2:34:08 PM org.apache.coyote.AbstractProtocol start
INFO: Starting ProtocolHandler ["http-bio-8080"]
Nov 29, 2017 2:34:08 PM org.apache.coyote.AbstractProtocol start
INFO: Starting ProtocolHandler ["ajp-bio-8009"]
Nov 29, 2017 2:34:08 PM org.apache.catalina.startup.Catalina start
INFO: Server startup in 809 ms
Nov 29, 2017 2:34:48 PM org.apache.catalina.core.StandardContext reload
INFO: Reloading Context with name [/test] has started
Nov 29, 2017 2:34:48 PM org.apache.catalina.core.StandardContext reload
INFO: Reloading Context with name [/test] is completed
Nov 29, 2017 2:35:20 PM org.apache.coyote.AbstractProtocol pause
INFO: Pausing ProtocolHandler ["http-bio-8080"]
Nov 29, 2017 2:35:21 PM org.apache.coyote.AbstractProtocol pause
INFO: Pausing ProtocolHandler ["ajp-bio-8009"]
Nov 29, 2017 2:35:21 PM org.apache.catalina.core.StandardService stopInternal
INFO: Stopping service Catalina
Nov 29, 2017 2:35:21 PM org.apache.coyote.AbstractProtocol stop
INFO: Stopping ProtocolHandler ["http-bio-8080"]
Nov 29, 2017 2:35:21 PM org.apache.coyote.AbstractProtocol stop
INFO: Stopping ProtocolHandler ["ajp-bio-8009"]
Nov 29, 2017 2:35:21 PM org.apache.coyote.AbstractProtocol destroy
INFO: Destroying ProtocolHandler ["http-bio-8080"]
Nov 29, 2017 2:35:21 PM org.apache.coyote.AbstractProtocol destroy
INFO: Destroying ProtocolHandler ["ajp-bio-8009"]
Nov 29, 2017 2:35:22 PM org.apache.catalina.startup.VersionLoggerListener log
INFO: Server version:        Apache Tomcat/7.0.62
Nov 29, 2017 2:35:22 PM org.apache.catalina.startup.VersionLoggerListener log
INFO: Server built:          May 7 2015 17:14:55 UTC
Nov 29, 2017 2:35:22 PM org.apache.catalina.startup.VersionLoggerListener log
INFO: Server number:         7.0.62.0
Nov 29, 2017 2:35:22 PM org.apache.catalina.startup.VersionLoggerListener log
INFO: OS Name:               Linux
Nov 29, 2017 2:35:22 PM org.apache.catalina.startup.VersionLoggerListener log
INFO: OS Version:            4.5.5-300.fc24.x86_64
Nov 29, 2017 2:35:22 PM org.apache.catalina.startup.VersionLoggerListener log
INFO: Architecture:          amd64
Nov 29, 2017 2:35:22 PM org.apache.catalina.startup.VersionLoggerListener log
INFO: Java Home:             /usr/java/jdk1.8.0_101/jre
Nov 29, 2017 2:35:22 PM org.apache.catalina.startup.VersionLoggerListener log
INFO: JVM Version:           1.8.0_101-b13
Nov 29, 2017 2:35:22 PM org.apache.catalina.startup.VersionLoggerListener log
INFO: JVM Vendor:            Oracle Corporation
Nov 29, 2017 2:35:22 PM org.apache.catalina.startup.VersionLoggerListener log
INFO: CATALINA_BASE:         /opt/hd2/vananh/Documents/Training/WebApp/apache-tomcat-7.0.62
Nov 29, 2017 2:35:22 PM org.apache.catalina.startup.VersionLoggerListener log
INFO: CATALINA_HOME:         /opt/hd2/vananh/Documents/Training/WebApp/apache-tomcat-7.0.62
Nov 29, 2017 2:35:22 PM org.apache.catalina.startup.VersionLoggerListener log
INFO: Command line argument: -Djava.util.logging.config.file=/opt/hd2/vananh/Documents/Training/WebApp/apache-tomcat-7.0.62/conf/logging.properties
Nov 29, 2017 2:35:22 PM org.apache.catalina.startup.VersionLoggerListener log
INFO: Command line argument: -Djava.util.logging.manager=org.apache.juli.ClassLoaderLogManager
Nov 29, 2017 2:35:22 PM org.apache.catalina.startup.VersionLoggerListener log
INFO: Command line argument: -Djava.endorsed.dirs=/opt/hd2/vananh/Documents/Training/WebApp/apache-tomcat-7.0.62/endorsed
Nov 29, 2017 2:35:22 PM org.apache.catalina.startup.VersionLoggerListener log
INFO: Command line argument: -Dcatalina.base=/opt/hd2/vananh/Documents/Training/WebApp/apache-tomcat-7.0.62
Nov 29, 2017 2:35:22 PM org.apache.catalina.startup.VersionLoggerListener log
INFO: Command line argument: -Dcatalina.home=/opt/hd2/vananh/Documents/Training/WebApp/apache-tomcat-7.0.62
Nov 29, 2017 2:35:22 PM org.apache.catalina.startup.VersionLoggerListener log
INFO: Command line argument: -Djava.io.tmpdir=/opt/hd2/vananh/Documents/Training/WebApp/apache-tomcat-7.0.62/temp
Nov 29, 2017 2:35:22 PM org.apache.catalina.core.AprLifecycleListener lifecycleEvent
INFO: The APR based Apache Tomcat Native library which allows optimal performance in production environments was not found on the java.library.path: /usr/java/packages/lib/amd64:/usr/lib64:/lib64:/lib:/usr/lib
Nov 29, 2017 2:35:22 PM org.apache.coyote.AbstractProtocol init
INFO: Initializing ProtocolHandler ["http-bio-8080"]
Nov 29, 2017 2:35:22 PM org.apache.coyote.AbstractProtocol init
INFO: Initializing ProtocolHandler ["ajp-bio-8009"]
Nov 29, 2017 2:35:22 PM org.apache.catalina.startup.Catalina load
INFO: Initialization processed in 389 ms
Nov 29, 2017 2:35:22 PM org.apache.catalina.core.StandardService startInternal
INFO: Starting service Catalina
Nov 29, 2017 2:35:22 PM org.apache.catalina.core.StandardEngine startInternal
INFO: Starting Servlet Engine: Apache Tomcat/7.0.62
Nov 29, 2017 2:35:22 PM org.apache.catalina.startup.HostConfig deployDescriptor
INFO: Deploying configuration descriptor /opt/hd2/vananh/Documents/Training/WebApp/apache-tomcat-7.0.62/conf/Catalina/localhost/test.xml
Nov 29, 2017 2:35:23 PM org.apache.catalina.startup.HostConfig deployDescriptor
INFO: Deployment of configuration descriptor /opt/hd2/vananh/Documents/Training/WebApp/apache-tomcat-7.0.62/conf/Catalina/localhost/test.xml has finished in 401 ms
Nov 29, 2017 2:35:23 PM org.apache.catalina.startup.HostConfig deployDirectory
INFO: Deploying web application directory /opt/hd2/vananh/Documents/Training/WebApp/apache-tomcat-7.0.62/webapps/ROOT
Nov 29, 2017 2:35:23 PM org.apache.catalina.startup.HostConfig deployDirectory
INFO: Deployment of web application directory /opt/hd2/vananh/Documents/Training/WebApp/apache-tomcat-7.0.62/webapps/ROOT has finished in 52 ms
Nov 29, 2017 2:35:23 PM org.apache.catalina.startup.HostConfig deployDirectory
INFO: Deploying web application directory /opt/hd2/vananh/Documents/Training/WebApp/apache-tomcat-7.0.62/webapps/host-manager
Nov 29, 2017 2:35:23 PM org.apache.catalina.startup.HostConfig deployDirectory
INFO: Deployment of web application directory /opt/hd2/vananh/Documents/Training/WebApp/apache-tomcat-7.0.62/webapps/host-manager has finished in 43 ms
Nov 29, 2017 2:35:23 PM org.apache.catalina.startup.HostConfig deployDirectory
INFO: Deploying web application directory /opt/hd2/vananh/Documents/Training/WebApp/apache-tomcat-7.0.62/webapps/docs
Nov 29, 2017 2:35:23 PM org.apache.catalina.startup.HostConfig deployDirectory
INFO: Deployment of web application directory /opt/hd2/vananh/Documents/Training/WebApp/apache-tomcat-7.0.62/webapps/docs has finished in 30 ms
Nov 29, 2017 2:35:23 PM org.apache.catalina.startup.HostConfig deployDirectory
INFO: Deploying web application directory /opt/hd2/vananh/Documents/Training/WebApp/apache-tomcat-7.0.62/webapps/examples
Nov 29, 2017 2:35:23 PM org.apache.catalina.startup.HostConfig deployDirectory
INFO: Deployment of web application directory /opt/hd2/vananh/Documents/Training/WebApp/apache-tomcat-7.0.62/webapps/examples has finished in 156 ms
Nov 29, 2017 2:35:23 PM org.apache.catalina.startup.HostConfig deployDirectory
INFO: Deploying web application directory /opt/hd2/vananh/Documents/Training/WebApp/apache-tomcat-7.0.62/webapps/manager
Nov 29, 2017 2:35:23 PM org.apache.catalina.startup.HostConfig deployDirectory
INFO: Deployment of web application directory /opt/hd2/vananh/Documents/Training/WebApp/apache-tomcat-7.0.62/webapps/manager has finished in 41 ms
Nov 29, 2017 2:35:23 PM org.apache.coyote.AbstractProtocol start
INFO: Starting ProtocolHandler ["http-bio-8080"]
Nov 29, 2017 2:35:23 PM org.apache.coyote.AbstractProtocol start
INFO: Starting ProtocolHandler ["ajp-bio-8009"]
Nov 29, 2017 2:35:23 PM org.apache.catalina.startup.Catalina start
INFO: Server startup in 770 ms
Nov 29, 2017 2:37:13 PM org.apache.catalina.core.StandardContext reload
INFO: Reloading Context with name [/test] has started
Nov 29, 2017 2:37:13 PM org.apache.catalina.core.StandardContext reload
INFO: Reloading Context with name [/test] is completed
Nov 29, 2017 2:37:43 PM org.apache.catalina.core.StandardContext reload
INFO: Reloading Context with name [/test] has started
Nov 29, 2017 2:37:43 PM org.apache.catalina.core.StandardContext reload
INFO: Reloading Context with name [/test] is completed
Nov 29, 2017 3:36:20 PM org.apache.coyote.AbstractProtocol pause
INFO: Pausing ProtocolHandler ["http-bio-8080"]
Nov 29, 2017 3:36:20 PM org.apache.coyote.AbstractProtocol pause
INFO: Pausing ProtocolHandler ["ajp-bio-8009"]
Nov 29, 2017 3:36:20 PM org.apache.catalina.core.StandardService stopInternal
INFO: Stopping service Catalina
Nov 29, 2017 3:36:20 PM org.apache.coyote.AbstractProtocol stop
INFO: Stopping ProtocolHandler ["http-bio-8080"]
Nov 29, 2017 3:36:20 PM org.apache.coyote.AbstractProtocol stop
INFO: Stopping ProtocolHandler ["ajp-bio-8009"]
Nov 29, 2017 3:36:20 PM org.apache.coyote.AbstractProtocol destroy
INFO: Destroying ProtocolHandler ["http-bio-8080"]
Nov 29, 2017 3:36:20 PM org.apache.coyote.AbstractProtocol destroy
INFO: Destroying ProtocolHandler ["ajp-bio-8009"]
Nov 29, 2017 3:49:12 PM org.apache.catalina.startup.VersionLoggerListener log
INFO: Server version:        Apache Tomcat/7.0.62
Nov 29, 2017 3:49:12 PM org.apache.catalina.startup.VersionLoggerListener log
INFO: Server built:          May 7 2015 17:14:55 UTC
Nov 29, 2017 3:49:12 PM org.apache.catalina.startup.VersionLoggerListener log
INFO: Server number:         7.0.62.0
Nov 29, 2017 3:49:12 PM org.apache.catalina.startup.VersionLoggerListener log
INFO: OS Name:               Linux
Nov 29, 2017 3:49:12 PM org.apache.catalina.startup.VersionLoggerListener log
INFO: OS Version:            4.5.5-300.fc24.x86_64
Nov 29, 2017 3:49:12 PM org.apache.catalina.startup.VersionLoggerListener log
INFO: Architecture:          amd64
Nov 29, 2017 3:49:12 PM org.apache.catalina.startup.VersionLoggerListener log
INFO: Java Home:             /usr/java/jdk1.8.0_101/jre
Nov 29, 2017 3:49:12 PM org.apache.catalina.startup.VersionLoggerListener log
INFO: JVM Version:           1.8.0_101-b13
Nov 29, 2017 3:49:12 PM org.apache.catalina.startup.VersionLoggerListener log
INFO: JVM Vendor:            Oracle Corporation
Nov 29, 2017 3:49:12 PM org.apache.catalina.startup.VersionLoggerListener log
INFO: CATALINA_BASE:         /opt/hd2/vananh/Documents/Training/WebApp/apache-tomcat-7.0.62
Nov 29, 2017 3:49:12 PM org.apache.catalina.startup.VersionLoggerListener log
INFO: CATALINA_HOME:         /opt/hd2/vananh/Documents/Training/WebApp/apache-tomcat-7.0.62
Nov 29, 2017 3:49:12 PM org.apache.catalina.startup.VersionLoggerListener log
INFO: Command line argument: -Djava.util.logging.config.file=/opt/hd2/vananh/Documents/Training/WebApp/apache-tomcat-7.0.62/conf/logging.properties
Nov 29, 2017 3:49:12 PM org.apache.catalina.startup.VersionLoggerListener log
INFO: Command line argument: -Djava.util.logging.manager=org.apache.juli.ClassLoaderLogManager
Nov 29, 2017 3:49:12 PM org.apache.catalina.startup.VersionLoggerListener log
INFO: Command line argument: -Djava.endorsed.dirs=/opt/hd2/vananh/Documents/Training/WebApp/apache-tomcat-7.0.62/endorsed
Nov 29, 2017 3:49:12 PM org.apache.catalina.startup.VersionLoggerListener log
INFO: Command line argument: -Dcatalina.base=/opt/hd2/vananh/Documents/Training/WebApp/apache-tomcat-7.0.62
Nov 29, 2017 3:49:12 PM org.apache.catalina.startup.VersionLoggerListener log
INFO: Command line argument: -Dcatalina.home=/opt/hd2/vananh/Documents/Training/WebApp/apache-tomcat-7.0.62
Nov 29, 2017 3:49:12 PM org.apache.catalina.startup.VersionLoggerListener log
INFO: Command line argument: -Djava.io.tmpdir=/opt/hd2/vananh/Documents/Training/WebApp/apache-tomcat-7.0.62/temp
Nov 29, 2017 3:49:12 PM org.apache.catalina.core.AprLifecycleListener lifecycleEvent
INFO: The APR based Apache Tomcat Native library which allows optimal performance in production environments was not found on the java.library.path: /usr/java/packages/lib/amd64:/usr/lib64:/lib64:/lib:/usr/lib
Nov 29, 2017 3:49:12 PM org.apache.coyote.AbstractProtocol init
INFO: Initializing ProtocolHandler ["http-bio-8080"]
Nov 29, 2017 3:49:12 PM org.apache.coyote.AbstractProtocol init
SEVERE: Failed to initialize end point associated with ProtocolHandler ["http-bio-8080"]
java.net.BindException: Address already in use <null>:8080
	at org.apache.tomcat.util.net.JIoEndpoint.bind(JIoEndpoint.java:413)
	at org.apache.tomcat.util.net.AbstractEndpoint.init(AbstractEndpoint.java:649)
	at org.apache.coyote.AbstractProtocol.init(AbstractProtocol.java:434)
	at org.apache.coyote.http11.AbstractHttp11JsseProtocol.init(AbstractHttp11JsseProtocol.java:119)
	at org.apache.catalina.connector.Connector.initInternal(Connector.java:978)
	at org.apache.catalina.util.LifecycleBase.init(LifecycleBase.java:102)
	at org.apache.catalina.core.StandardService.initInternal(StandardService.java:559)
	at org.apache.catalina.util.LifecycleBase.init(LifecycleBase.java:102)
	at org.apache.catalina.core.StandardServer.initInternal(StandardServer.java:821)
	at org.apache.catalina.util.LifecycleBase.init(LifecycleBase.java:102)
	at org.apache.catalina.startup.Catalina.load(Catalina.java:638)
	at org.apache.catalina.startup.Catalina.load(Catalina.java:663)
	at sun.reflect.NativeMethodAccessorImpl.invoke0(Native Method)
	at sun.reflect.NativeMethodAccessorImpl.invoke(NativeMethodAccessorImpl.java:62)
	at sun.reflect.DelegatingMethodAccessorImpl.invoke(DelegatingMethodAccessorImpl.java:43)
	at java.lang.reflect.Method.invoke(Method.java:498)
	at org.apache.catalina.startup.Bootstrap.load(Bootstrap.java:280)
	at org.apache.catalina.startup.Bootstrap.main(Bootstrap.java:454)
Caused by: java.net.BindException: Address already in use
	at java.net.PlainSocketImpl.socketBind(Native Method)
	at java.net.AbstractPlainSocketImpl.bind(AbstractPlainSocketImpl.java:387)
	at java.net.ServerSocket.bind(ServerSocket.java:375)
	at java.net.ServerSocket.<init>(ServerSocket.java:237)
	at java.net.ServerSocket.<init>(ServerSocket.java:181)
	at org.apache.tomcat.util.net.DefaultServerSocketFactory.createSocket(DefaultServerSocketFactory.java:49)
	at org.apache.tomcat.util.net.JIoEndpoint.bind(JIoEndpoint.java:400)
	... 17 more

Nov 29, 2017 3:49:12 PM org.apache.catalina.core.StandardService initInternal
SEVERE: Failed to initialize connector [Connector[HTTP/1.1-8080]]
org.apache.catalina.LifecycleException: Failed to initialize component [Connector[HTTP/1.1-8080]]
	at org.apache.catalina.util.LifecycleBase.init(LifecycleBase.java:106)
	at org.apache.catalina.core.StandardService.initInternal(StandardService.java:559)
	at org.apache.catalina.util.LifecycleBase.init(LifecycleBase.java:102)
	at org.apache.catalina.core.StandardServer.initInternal(StandardServer.java:821)
	at org.apache.catalina.util.LifecycleBase.init(LifecycleBase.java:102)
	at org.apache.catalina.startup.Catalina.load(Catalina.java:638)
	at org.apache.catalina.startup.Catalina.load(Catalina.java:663)
	at sun.reflect.NativeMethodAccessorImpl.invoke0(Native Method)
	at sun.reflect.NativeMethodAccessorImpl.invoke(NativeMethodAccessorImpl.java:62)
	at sun.reflect.DelegatingMethodAccessorImpl.invoke(DelegatingMethodAccessorImpl.java:43)
	at java.lang.reflect.Method.invoke(Method.java:498)
	at org.apache.catalina.startup.Bootstrap.load(Bootstrap.java:280)
	at org.apache.catalina.startup.Bootstrap.main(Bootstrap.java:454)
Caused by: org.apache.catalina.LifecycleException: Protocol handler initialization failed
	at org.apache.catalina.connector.Connector.initInternal(Connector.java:980)
	at org.apache.catalina.util.LifecycleBase.init(LifecycleBase.java:102)
	... 12 more
Caused by: java.net.BindException: Address already in use <null>:8080
	at org.apache.tomcat.util.net.JIoEndpoint.bind(JIoEndpoint.java:413)
	at org.apache.tomcat.util.net.AbstractEndpoint.init(AbstractEndpoint.java:649)
	at org.apache.coyote.AbstractProtocol.init(AbstractProtocol.java:434)
	at org.apache.coyote.http11.AbstractHttp11JsseProtocol.init(AbstractHttp11JsseProtocol.java:119)
	at org.apache.catalina.connector.Connector.initInternal(Connector.java:978)
	... 13 more
Caused by: java.net.BindException: Address already in use
	at java.net.PlainSocketImpl.socketBind(Native Method)
	at java.net.AbstractPlainSocketImpl.bind(AbstractPlainSocketImpl.java:387)
	at java.net.ServerSocket.bind(ServerSocket.java:375)
	at java.net.ServerSocket.<init>(ServerSocket.java:237)
	at java.net.ServerSocket.<init>(ServerSocket.java:181)
	at org.apache.tomcat.util.net.DefaultServerSocketFactory.createSocket(DefaultServerSocketFactory.java:49)
	at org.apache.tomcat.util.net.JIoEndpoint.bind(JIoEndpoint.java:400)
	... 17 more

Nov 29, 2017 3:49:12 PM org.apache.coyote.AbstractProtocol init
INFO: Initializing ProtocolHandler ["ajp-bio-8009"]
Nov 29, 2017 3:49:12 PM org.apache.coyote.AbstractProtocol init
SEVERE: Failed to initialize end point associated with ProtocolHandler ["ajp-bio-8009"]
java.net.BindException: Address already in use <null>:8009
	at org.apache.tomcat.util.net.JIoEndpoint.bind(JIoEndpoint.java:413)
	at org.apache.tomcat.util.net.AbstractEndpoint.init(AbstractEndpoint.java:649)
	at org.apache.coyote.AbstractProtocol.init(AbstractProtocol.java:434)
	at org.apache.catalina.connector.Connector.initInternal(Connector.java:978)
	at org.apache.catalina.util.LifecycleBase.init(LifecycleBase.java:102)
	at org.apache.catalina.core.StandardService.initInternal(StandardService.java:559)
	at org.apache.catalina.util.LifecycleBase.init(LifecycleBase.java:102)
	at org.apache.catalina.core.StandardServer.initInternal(StandardServer.java:821)
	at org.apache.catalina.util.LifecycleBase.init(LifecycleBase.java:102)
	at org.apache.catalina.startup.Catalina.load(Catalina.java:638)
	at org.apache.catalina.startup.Catalina.load(Catalina.java:663)
	at sun.reflect.NativeMethodAccessorImpl.invoke0(Native Method)
	at sun.reflect.NativeMethodAccessorImpl.invoke(NativeMethodAccessorImpl.java:62)
	at sun.reflect.DelegatingMethodAccessorImpl.invoke(DelegatingMethodAccessorImpl.java:43)
	at java.lang.reflect.Method.invoke(Method.java:498)
	at org.apache.catalina.startup.Bootstrap.load(Bootstrap.java:280)
	at org.apache.catalina.startup.Bootstrap.main(Bootstrap.java:454)
Caused by: java.net.BindException: Address already in use
	at java.net.PlainSocketImpl.socketBind(Native Method)
	at java.net.AbstractPlainSocketImpl.bind(AbstractPlainSocketImpl.java:387)
	at java.net.ServerSocket.bind(ServerSocket.java:375)
	at java.net.ServerSocket.<init>(ServerSocket.java:237)
	at java.net.ServerSocket.<init>(ServerSocket.java:181)
	at org.apache.tomcat.util.net.DefaultServerSocketFactory.createSocket(DefaultServerSocketFactory.java:49)
	at org.apache.tomcat.util.net.JIoEndpoint.bind(JIoEndpoint.java:400)
	... 16 more

Nov 29, 2017 3:49:12 PM org.apache.catalina.core.StandardService initInternal
SEVERE: Failed to initialize connector [Connector[AJP/1.3-8009]]
org.apache.catalina.LifecycleException: Failed to initialize component [Connector[AJP/1.3-8009]]
	at org.apache.catalina.util.LifecycleBase.init(LifecycleBase.java:106)
	at org.apache.catalina.core.StandardService.initInternal(StandardService.java:559)
	at org.apache.catalina.util.LifecycleBase.init(LifecycleBase.java:102)
	at org.apache.catalina.core.StandardServer.initInternal(StandardServer.java:821)
	at org.apache.catalina.util.LifecycleBase.init(LifecycleBase.java:102)
	at org.apache.catalina.startup.Catalina.load(Catalina.java:638)
	at org.apache.catalina.startup.Catalina.load(Catalina.java:663)
	at sun.reflect.NativeMethodAccessorImpl.invoke0(Native Method)
	at sun.reflect.NativeMethodAccessorImpl.invoke(NativeMethodAccessorImpl.java:62)
	at sun.reflect.DelegatingMethodAccessorImpl.invoke(DelegatingMethodAccessorImpl.java:43)
	at java.lang.reflect.Method.invoke(Method.java:498)
	at org.apache.catalina.startup.Bootstrap.load(Bootstrap.java:280)
	at org.apache.catalina.startup.Bootstrap.main(Bootstrap.java:454)
Caused by: org.apache.catalina.LifecycleException: Protocol handler initialization failed
	at org.apache.catalina.connector.Connector.initInternal(Connector.java:980)
	at org.apache.catalina.util.LifecycleBase.init(LifecycleBase.java:102)
	... 12 more
Caused by: java.net.BindException: Address already in use <null>:8009
	at org.apache.tomcat.util.net.JIoEndpoint.bind(JIoEndpoint.java:413)
	at org.apache.tomcat.util.net.AbstractEndpoint.init(AbstractEndpoint.java:649)
	at org.apache.coyote.AbstractProtocol.init(AbstractProtocol.java:434)
	at org.apache.catalina.connector.Connector.initInternal(Connector.java:978)
	... 13 more
Caused by: java.net.BindException: Address already in use
	at java.net.PlainSocketImpl.socketBind(Native Method)
	at java.net.AbstractPlainSocketImpl.bind(AbstractPlainSocketImpl.java:387)
	at java.net.ServerSocket.bind(ServerSocket.java:375)
	at java.net.ServerSocket.<init>(ServerSocket.java:237)
	at java.net.ServerSocket.<init>(ServerSocket.java:181)
	at org.apache.tomcat.util.net.DefaultServerSocketFactory.createSocket(DefaultServerSocketFactory.java:49)
	at org.apache.tomcat.util.net.JIoEndpoint.bind(JIoEndpoint.java:400)
	... 16 more

Nov 29, 2017 3:49:12 PM org.apache.catalina.startup.Catalina load
INFO: Initialization processed in 415 ms
Nov 29, 2017 3:49:12 PM org.apache.catalina.core.StandardService startInternal
INFO: Starting service Catalina
Nov 29, 2017 3:49:12 PM org.apache.catalina.core.StandardEngine startInternal
INFO: Starting Servlet Engine: Apache Tomcat/7.0.62
Nov 29, 2017 3:49:12 PM org.apache.catalina.startup.HostConfig deployDescriptor
INFO: Deploying configuration descriptor /opt/hd2/vananh/Documents/Training/WebApp/apache-tomcat-7.0.62/conf/Catalina/localhost/test.xml
Nov 29, 2017 3:49:12 PM org.apache.catalina.startup.HostConfig deployDescriptor
INFO: Deployment of configuration descriptor /opt/hd2/vananh/Documents/Training/WebApp/apache-tomcat-7.0.62/conf/Catalina/localhost/test.xml has finished in 318 ms
Nov 29, 2017 3:49:12 PM org.apache.catalina.startup.HostConfig deployDirectory
INFO: Deploying web application directory /opt/hd2/vananh/Documents/Training/WebApp/apache-tomcat-7.0.62/webapps/ROOT
Nov 29, 2017 3:49:12 PM org.apache.catalina.startup.HostConfig deployDirectory
INFO: Deployment of web application directory /opt/hd2/vananh/Documents/Training/WebApp/apache-tomcat-7.0.62/webapps/ROOT has finished in 56 ms
Nov 29, 2017 3:49:12 PM org.apache.catalina.startup.HostConfig deployDirectory
INFO: Deploying web application directory /opt/hd2/vananh/Documents/Training/WebApp/apache-tomcat-7.0.62/webapps/host-manager
Nov 29, 2017 3:49:12 PM org.apache.catalina.startup.HostConfig deployDirectory
INFO: Deployment of web application directory /opt/hd2/vananh/Documents/Training/WebApp/apache-tomcat-7.0.62/webapps/host-manager has finished in 44 ms
Nov 29, 2017 3:49:12 PM org.apache.catalina.startup.HostConfig deployDirectory
INFO: Deploying web application directory /opt/hd2/vananh/Documents/Training/WebApp/apache-tomcat-7.0.62/webapps/docs
Nov 29, 2017 3:49:12 PM org.apache.catalina.startup.HostConfig deployDirectory
INFO: Deployment of web application directory /opt/hd2/vananh/Documents/Training/WebApp/apache-tomcat-7.0.62/webapps/docs has finished in 27 ms
Nov 29, 2017 3:49:12 PM org.apache.catalina.startup.HostConfig deployDirectory
INFO: Deploying web application directory /opt/hd2/vananh/Documents/Training/WebApp/apache-tomcat-7.0.62/webapps/examples
Nov 29, 2017 3:49:12 PM org.apache.catalina.startup.HostConfig deployDirectory
INFO: Deployment of web application directory /opt/hd2/vananh/Documents/Training/WebApp/apache-tomcat-7.0.62/webapps/examples has finished in 129 ms
Nov 29, 2017 3:49:12 PM org.apache.catalina.startup.HostConfig deployDirectory
INFO: Deploying web application directory /opt/hd2/vananh/Documents/Training/WebApp/apache-tomcat-7.0.62/webapps/manager
Nov 29, 2017 3:49:12 PM org.apache.catalina.startup.HostConfig deployDirectory
INFO: Deployment of web application directory /opt/hd2/vananh/Documents/Training/WebApp/apache-tomcat-7.0.62/webapps/manager has finished in 32 ms
Nov 29, 2017 3:49:13 PM org.apache.catalina.startup.Catalina start
INFO: Server startup in 637 ms
Nov 29, 2017 3:49:13 PM org.apache.catalina.core.StandardServer await
SEVERE: StandardServer.await: create[localhost:8005]: 
java.net.BindException: Address already in use
	at java.net.PlainSocketImpl.socketBind(Native Method)
	at java.net.AbstractPlainSocketImpl.bind(AbstractPlainSocketImpl.java:387)
	at java.net.ServerSocket.bind(ServerSocket.java:375)
	at java.net.ServerSocket.<init>(ServerSocket.java:237)
	at org.apache.catalina.core.StandardServer.await(StandardServer.java:427)
	at org.apache.catalina.startup.Catalina.await(Catalina.java:777)
	at org.apache.catalina.startup.Catalina.start(Catalina.java:723)
	at sun.reflect.NativeMethodAccessorImpl.invoke0(Native Method)
	at sun.reflect.NativeMethodAccessorImpl.invoke(NativeMethodAccessorImpl.java:62)
	at sun.reflect.DelegatingMethodAccessorImpl.invoke(DelegatingMethodAccessorImpl.java:43)
	at java.lang.reflect.Method.invoke(Method.java:498)
	at org.apache.catalina.startup.Bootstrap.start(Bootstrap.java:321)
	at org.apache.catalina.startup.Bootstrap.main(Bootstrap.java:455)

Nov 29, 2017 3:49:13 PM org.apache.coyote.AbstractProtocol pause
INFO: Pausing ProtocolHandler ["http-bio-8080"]
Nov 29, 2017 3:49:13 PM org.apache.coyote.AbstractProtocol pause
INFO: Pausing ProtocolHandler ["ajp-bio-8009"]
Nov 29, 2017 3:49:13 PM org.apache.catalina.core.StandardService stopInternal
INFO: Stopping service Catalina
Nov 29, 2017 3:49:13 PM org.apache.coyote.AbstractProtocol stop
INFO: Stopping ProtocolHandler ["http-bio-8080"]
Nov 29, 2017 3:49:13 PM org.apache.coyote.AbstractProtocol destroy
INFO: Destroying ProtocolHandler ["http-bio-8080"]
Nov 29, 2017 3:49:13 PM org.apache.coyote.AbstractProtocol stop
INFO: Stopping ProtocolHandler ["ajp-bio-8009"]
Nov 29, 2017 3:49:13 PM org.apache.coyote.AbstractProtocol destroy
INFO: Destroying ProtocolHandler ["ajp-bio-8009"]
Nov 29, 2017 3:49:37 PM org.apache.catalina.startup.VersionLoggerListener log
INFO: Server version:        Apache Tomcat/7.0.62
Nov 29, 2017 3:49:37 PM org.apache.catalina.startup.VersionLoggerListener log
INFO: Server built:          May 7 2015 17:14:55 UTC
Nov 29, 2017 3:49:37 PM org.apache.catalina.startup.VersionLoggerListener log
INFO: Server number:         7.0.62.0
Nov 29, 2017 3:49:37 PM org.apache.catalina.startup.VersionLoggerListener log
INFO: OS Name:               Linux
Nov 29, 2017 3:49:37 PM org.apache.catalina.startup.VersionLoggerListener log
INFO: OS Version:            4.5.5-300.fc24.x86_64
Nov 29, 2017 3:49:37 PM org.apache.catalina.startup.VersionLoggerListener log
INFO: Architecture:          amd64
Nov 29, 2017 3:49:37 PM org.apache.catalina.startup.VersionLoggerListener log
INFO: Java Home:             /usr/java/jdk1.8.0_101/jre
Nov 29, 2017 3:49:37 PM org.apache.catalina.startup.VersionLoggerListener log
INFO: JVM Version:           1.8.0_101-b13
Nov 29, 2017 3:49:37 PM org.apache.catalina.startup.VersionLoggerListener log
INFO: JVM Vendor:            Oracle Corporation
Nov 29, 2017 3:49:37 PM org.apache.catalina.startup.VersionLoggerListener log
INFO: CATALINA_BASE:         /opt/hd2/vananh/Documents/Training/WebApp/apache-tomcat-7.0.62
Nov 29, 2017 3:49:37 PM org.apache.catalina.startup.VersionLoggerListener log
INFO: CATALINA_HOME:         /opt/hd2/vananh/Documents/Training/WebApp/apache-tomcat-7.0.62
Nov 29, 2017 3:49:37 PM org.apache.catalina.startup.VersionLoggerListener log
INFO: Command line argument: -Djava.util.logging.config.file=/opt/hd2/vananh/Documents/Training/WebApp/apache-tomcat-7.0.62/conf/logging.properties
Nov 29, 2017 3:49:37 PM org.apache.catalina.startup.VersionLoggerListener log
INFO: Command line argument: -Djava.util.logging.manager=org.apache.juli.ClassLoaderLogManager
Nov 29, 2017 3:49:37 PM org.apache.catalina.startup.VersionLoggerListener log
INFO: Command line argument: -Djava.endorsed.dirs=/opt/hd2/vananh/Documents/Training/WebApp/apache-tomcat-7.0.62/endorsed
Nov 29, 2017 3:49:37 PM org.apache.catalina.startup.VersionLoggerListener log
INFO: Command line argument: -Dcatalina.base=/opt/hd2/vananh/Documents/Training/WebApp/apache-tomcat-7.0.62
Nov 29, 2017 3:49:37 PM org.apache.catalina.startup.VersionLoggerListener log
INFO: Command line argument: -Dcatalina.home=/opt/hd2/vananh/Documents/Training/WebApp/apache-tomcat-7.0.62
Nov 29, 2017 3:49:37 PM org.apache.catalina.startup.VersionLoggerListener log
INFO: Command line argument: -Djava.io.tmpdir=/opt/hd2/vananh/Documents/Training/WebApp/apache-tomcat-7.0.62/temp
Nov 29, 2017 3:49:37 PM org.apache.catalina.core.AprLifecycleListener lifecycleEvent
INFO: The APR based Apache Tomcat Native library which allows optimal performance in production environments was not found on the java.library.path: /usr/java/packages/lib/amd64:/usr/lib64:/lib64:/lib:/usr/lib
Nov 29, 2017 3:49:37 PM org.apache.coyote.AbstractProtocol init
INFO: Initializing ProtocolHandler ["http-bio-8080"]
Nov 29, 2017 3:49:37 PM org.apache.coyote.AbstractProtocol init
INFO: Initializing ProtocolHandler ["ajp-bio-8009"]
Nov 29, 2017 3:49:37 PM org.apache.catalina.startup.Catalina load
INFO: Initialization processed in 398 ms
Nov 29, 2017 3:49:37 PM org.apache.catalina.core.StandardService startInternal
INFO: Starting service Catalina
Nov 29, 2017 3:49:37 PM org.apache.catalina.core.StandardEngine startInternal
INFO: Starting Servlet Engine: Apache Tomcat/7.0.62
Nov 29, 2017 3:49:37 PM org.apache.catalina.startup.HostConfig deployDescriptor
INFO: Deploying configuration descriptor /opt/hd2/vananh/Documents/Training/WebApp/apache-tomcat-7.0.62/conf/Catalina/localhost/test.xml
Nov 29, 2017 3:49:38 PM org.apache.catalina.startup.HostConfig deployDescriptor
INFO: Deployment of configuration descriptor /opt/hd2/vananh/Documents/Training/WebApp/apache-tomcat-7.0.62/conf/Catalina/localhost/test.xml has finished in 360 ms
Nov 29, 2017 3:49:38 PM org.apache.catalina.startup.HostConfig deployDirectory
INFO: Deploying web application directory /opt/hd2/vananh/Documents/Training/WebApp/apache-tomcat-7.0.62/webapps/ROOT
Nov 29, 2017 3:49:38 PM org.apache.catalina.startup.HostConfig deployDirectory
INFO: Deployment of web application directory /opt/hd2/vananh/Documents/Training/WebApp/apache-tomcat-7.0.62/webapps/ROOT has finished in 51 ms
Nov 29, 2017 3:49:38 PM org.apache.catalina.startup.HostConfig deployDirectory
INFO: Deploying web application directory /opt/hd2/vananh/Documents/Training/WebApp/apache-tomcat-7.0.62/webapps/host-manager
Nov 29, 2017 3:49:38 PM org.apache.catalina.startup.HostConfig deployDirectory
INFO: Deployment of web application directory /opt/hd2/vananh/Documents/Training/WebApp/apache-tomcat-7.0.62/webapps/host-manager has finished in 46 ms
Nov 29, 2017 3:49:38 PM org.apache.catalina.startup.HostConfig deployDirectory
INFO: Deploying web application directory /opt/hd2/vananh/Documents/Training/WebApp/apache-tomcat-7.0.62/webapps/docs
Nov 29, 2017 3:49:38 PM org.apache.catalina.startup.HostConfig deployDirectory
INFO: Deployment of web application directory /opt/hd2/vananh/Documents/Training/WebApp/apache-tomcat-7.0.62/webapps/docs has finished in 27 ms
Nov 29, 2017 3:49:38 PM org.apache.catalina.startup.HostConfig deployDirectory
INFO: Deploying web application directory /opt/hd2/vananh/Documents/Training/WebApp/apache-tomcat-7.0.62/webapps/examples
Nov 29, 2017 3:49:38 PM org.apache.catalina.startup.HostConfig deployDirectory
INFO: Deployment of web application directory /opt/hd2/vananh/Documents/Training/WebApp/apache-tomcat-7.0.62/webapps/examples has finished in 132 ms
Nov 29, 2017 3:49:38 PM org.apache.catalina.startup.HostConfig deployDirectory
INFO: Deploying web application directory /opt/hd2/vananh/Documents/Training/WebApp/apache-tomcat-7.0.62/webapps/manager
Nov 29, 2017 3:49:38 PM org.apache.catalina.startup.HostConfig deployDirectory
INFO: Deployment of web application directory /opt/hd2/vananh/Documents/Training/WebApp/apache-tomcat-7.0.62/webapps/manager has finished in 32 ms
Nov 29, 2017 3:49:38 PM org.apache.coyote.AbstractProtocol start
INFO: Starting ProtocolHandler ["http-bio-8080"]
Nov 29, 2017 3:49:38 PM org.apache.coyote.AbstractProtocol start
INFO: Starting ProtocolHandler ["ajp-bio-8009"]
Nov 29, 2017 3:49:38 PM org.apache.catalina.startup.Catalina start
INFO: Server startup in 696 ms
Nov 29, 2017 3:50:38 PM org.apache.catalina.startup.HostConfig undeploy
INFO: Undeploying context [/test]
Nov 29, 2017 3:50:38 PM org.apache.catalina.startup.HostConfig deployDescriptor
INFO: Deploying configuration descriptor /opt/hd2/vananh/Documents/Training/WebApp/apache-tomcat-7.0.62/conf/Catalina/localhost/test.xml
Nov 29, 2017 3:50:38 PM org.apache.catalina.startup.HostConfig deployDescriptor
INFO: Deployment of configuration descriptor /opt/hd2/vananh/Documents/Training/WebApp/apache-tomcat-7.0.62/conf/Catalina/localhost/test.xml has finished in 104 ms
