Jun 1, 2015 10:03:03 AM org.apache.catalina.startup.VersionLoggerListener log
INFO: Server version:        Apache Tomcat/7.0.62
Jun 1, 2015 10:03:03 AM org.apache.catalina.startup.VersionLoggerListener log
INFO: Server built:          May 7 2015 17:14:55 UTC
Jun 1, 2015 10:03:03 AM org.apache.catalina.startup.VersionLoggerListener log
INFO: Server number:         7.0.62.0
Jun 1, 2015 10:03:03 AM org.apache.catalina.startup.VersionLoggerListener log
INFO: OS Name:               Linux
Jun 1, 2015 10:03:03 AM org.apache.catalina.startup.VersionLoggerListener log
INFO: OS Version:            3.17.7-300.fc21.x86_64
Jun 1, 2015 10:03:03 AM org.apache.catalina.startup.VersionLoggerListener log
INFO: Architecture:          amd64
Jun 1, 2015 10:03:03 AM org.apache.catalina.startup.VersionLoggerListener log
INFO: Java Home:             /home/vananh/Apps/jdk1.6.0_35/jre
Jun 1, 2015 10:03:03 AM org.apache.catalina.startup.VersionLoggerListener log
INFO: JVM Version:           1.6.0_35-b10
Jun 1, 2015 10:03:03 AM org.apache.catalina.startup.VersionLoggerListener log
INFO: JVM Vendor:            Sun Microsystems Inc.
Jun 1, 2015 10:03:03 AM org.apache.catalina.startup.VersionLoggerListener log
INFO: CATALINA_BASE:         /home/vananh/Projects/EvoMed/TemplateManagement/apache-tomcat-7.0.62
Jun 1, 2015 10:03:03 AM org.apache.catalina.startup.VersionLoggerListener log
INFO: CATALINA_HOME:         /home/vananh/Projects/EvoMed/TemplateManagement/apache-tomcat-7.0.62
Jun 1, 2015 10:03:03 AM org.apache.catalina.startup.VersionLoggerListener log
INFO: Command line argument: -Djava.util.logging.config.file=/home/vananh/Projects/EvoMed/TemplateManagement/apache-tomcat-7.0.62/conf/logging.properties
Jun 1, 2015 10:03:03 AM org.apache.catalina.startup.VersionLoggerListener log
INFO: Command line argument: -Djava.util.logging.manager=org.apache.juli.ClassLoaderLogManager
Jun 1, 2015 10:03:03 AM org.apache.catalina.startup.VersionLoggerListener log
INFO: Command line argument: -Djava.endorsed.dirs=/home/vananh/Projects/EvoMed/TemplateManagement/apache-tomcat-7.0.62/endorsed
Jun 1, 2015 10:03:03 AM org.apache.catalina.startup.VersionLoggerListener log
INFO: Command line argument: -Dcatalina.base=/home/vananh/Projects/EvoMed/TemplateManagement/apache-tomcat-7.0.62
Jun 1, 2015 10:03:03 AM org.apache.catalina.startup.VersionLoggerListener log
INFO: Command line argument: -Dcatalina.home=/home/vananh/Projects/EvoMed/TemplateManagement/apache-tomcat-7.0.62
Jun 1, 2015 10:03:03 AM org.apache.catalina.startup.VersionLoggerListener log
INFO: Command line argument: -Djava.io.tmpdir=/home/vananh/Projects/EvoMed/TemplateManagement/apache-tomcat-7.0.62/temp
Jun 1, 2015 10:03:03 AM org.apache.catalina.core.AprLifecycleListener lifecycleEvent
INFO: The APR based Apache Tomcat Native library which allows optimal performance in production environments was not found on the java.library.path: /home/vananh/Apps/jdk1.6.0_35/jre/lib/amd64/server:/home/vananh/Apps/jdk1.6.0_35/jre/lib/amd64:/home/vananh/Apps/jdk1.6.0_35/jre/../lib/amd64:/usr/java/packages/lib/amd64:/usr/lib64:/lib64:/lib:/usr/lib
Jun 1, 2015 10:03:04 AM org.apache.coyote.AbstractProtocol init
INFO: Initializing ProtocolHandler ["http-bio-8080"]
Jun 1, 2015 10:03:04 AM org.apache.coyote.AbstractProtocol init
INFO: Initializing ProtocolHandler ["ajp-bio-8009"]
Jun 1, 2015 10:03:04 AM org.apache.catalina.startup.Catalina load
INFO: Initialization processed in 1565 ms
Jun 1, 2015 10:03:04 AM org.apache.catalina.core.StandardService startInternal
INFO: Starting service Catalina
Jun 1, 2015 10:03:04 AM org.apache.catalina.core.StandardEngine startInternal
INFO: Starting Servlet Engine: Apache Tomcat/7.0.62
Jun 1, 2015 10:03:04 AM org.apache.catalina.startup.HostConfig deployDescriptor
INFO: Deploying configuration descriptor /home/vananh/Projects/EvoMed/TemplateManagement/apache-tomcat-7.0.62/conf/Catalina/localhost/template.xml
Jun 1, 2015 10:03:06 AM org.apache.catalina.startup.TldConfig execute
INFO: At least one JAR was scanned for TLDs yet contained no TLDs. Enable debug logging for this logger for a complete list of JARs that were scanned but no TLDs were found in them. Skipping unneeded JARs during scanning can improve startup time and JSP compilation time.
Jun 1, 2015 10:03:06 AM org.apache.tomcat.websocket.server.WsSci onStartup
INFO: JSR 356 WebSocket (Java WebSocket 1.1) support is not available when running on Java 6. To suppress this message, run Tomcat on Java 7, remove the WebSocket JARs from $CATALINA_HOME/lib or add the WebSocket JARs to the tomcat.util.scan.DefaultJarScanner.jarsToSkip property in $CATALINA_BASE/conf/catalina.properties. Note that the deprecated Tomcat 7 WebSocket API will be available. 
Jun 1, 2015 10:03:06 AM org.apache.catalina.startup.HostConfig deployDescriptor
INFO: Deployment of configuration descriptor /home/vananh/Projects/EvoMed/TemplateManagement/apache-tomcat-7.0.62/conf/Catalina/localhost/template.xml has finished in 2,605 ms
Jun 1, 2015 10:03:06 AM org.apache.catalina.startup.HostConfig deployDirectory
INFO: Deploying web application directory /home/vananh/Projects/EvoMed/TemplateManagement/apache-tomcat-7.0.62/webapps/ROOT
Jun 1, 2015 10:03:07 AM org.apache.catalina.startup.HostConfig deployDirectory
INFO: Deployment of web application directory /home/vananh/Projects/EvoMed/TemplateManagement/apache-tomcat-7.0.62/webapps/ROOT has finished in 44 ms
Jun 1, 2015 10:03:07 AM org.apache.catalina.startup.HostConfig deployDirectory
INFO: Deploying web application directory /home/vananh/Projects/EvoMed/TemplateManagement/apache-tomcat-7.0.62/webapps/host-manager
Jun 1, 2015 10:03:07 AM org.apache.catalina.startup.HostConfig deployDirectory
INFO: Deployment of web application directory /home/vananh/Projects/EvoMed/TemplateManagement/apache-tomcat-7.0.62/webapps/host-manager has finished in 78 ms
Jun 1, 2015 10:03:07 AM org.apache.catalina.startup.HostConfig deployDirectory
INFO: Deploying web application directory /home/vananh/Projects/EvoMed/TemplateManagement/apache-tomcat-7.0.62/webapps/docs
Jun 1, 2015 10:03:07 AM org.apache.catalina.startup.HostConfig deployDirectory
INFO: Deployment of web application directory /home/vananh/Projects/EvoMed/TemplateManagement/apache-tomcat-7.0.62/webapps/docs has finished in 48 ms
Jun 1, 2015 10:03:07 AM org.apache.catalina.startup.HostConfig deployDirectory
INFO: Deploying web application directory /home/vananh/Projects/EvoMed/TemplateManagement/apache-tomcat-7.0.62/webapps/examples
Jun 1, 2015 10:03:07 AM org.apache.catalina.startup.HostConfig deployDirectory
INFO: Deployment of web application directory /home/vananh/Projects/EvoMed/TemplateManagement/apache-tomcat-7.0.62/webapps/examples has finished in 289 ms
Jun 1, 2015 10:03:07 AM org.apache.catalina.startup.HostConfig deployDirectory
INFO: Deploying web application directory /home/vananh/Projects/EvoMed/TemplateManagement/apache-tomcat-7.0.62/webapps/manager
Jun 1, 2015 10:03:07 AM org.apache.catalina.startup.HostConfig deployDirectory
INFO: Deployment of web application directory /home/vananh/Projects/EvoMed/TemplateManagement/apache-tomcat-7.0.62/webapps/manager has finished in 69 ms
Jun 1, 2015 10:03:07 AM org.apache.coyote.AbstractProtocol start
INFO: Starting ProtocolHandler ["http-bio-8080"]
Jun 1, 2015 10:03:07 AM org.apache.coyote.AbstractProtocol start
INFO: Starting ProtocolHandler ["ajp-bio-8009"]
Jun 1, 2015 10:03:07 AM org.apache.catalina.startup.Catalina start
INFO: Server startup in 3259 ms
Jun 1, 2015 10:03:27 AM org.apache.catalina.core.StandardContext reload
INFO: Reloading Context with name [/template] has started
Jun 1, 2015 10:03:27 AM org.apache.catalina.startup.TldConfig execute
INFO: At least one JAR was scanned for TLDs yet contained no TLDs. Enable debug logging for this logger for a complete list of JARs that were scanned but no TLDs were found in them. Skipping unneeded JARs during scanning can improve startup time and JSP compilation time.
Jun 1, 2015 10:03:28 AM org.apache.catalina.core.StandardContext reload
INFO: Reloading Context with name [/template] is completed
Jun 1, 2015 10:17:08 AM org.apache.catalina.startup.HostConfig reload
INFO: Reloading context [/template]
Jun 1, 2015 10:17:08 AM org.apache.catalina.core.StandardContext reload
INFO: Reloading Context with name [/template] has started
Jun 1, 2015 10:17:08 AM org.apache.catalina.startup.TldConfig execute
INFO: At least one JAR was scanned for TLDs yet contained no TLDs. Enable debug logging for this logger for a complete list of JARs that were scanned but no TLDs were found in them. Skipping unneeded JARs during scanning can improve startup time and JSP compilation time.
Jun 1, 2015 10:17:09 AM org.apache.catalina.core.StandardContext reload
INFO: Reloading Context with name [/template] is completed
Jun 1, 2015 10:32:39 AM org.apache.catalina.loader.WebappClassLoader modified
INFO:     Additional JARs have been added
Jun 1, 2015 10:32:39 AM org.apache.catalina.core.StandardContext reload
INFO: Reloading Context with name [/template] has started
Jun 1, 2015 10:32:39 AM org.apache.catalina.startup.TldConfig execute
INFO: At least one JAR was scanned for TLDs yet contained no TLDs. Enable debug logging for this logger for a complete list of JARs that were scanned but no TLDs were found in them. Skipping unneeded JARs during scanning can improve startup time and JSP compilation time.
Jun 1, 2015 10:32:40 AM org.apache.catalina.core.StandardContext reload
INFO: Reloading Context with name [/template] is completed
Jun 1, 2015 10:33:50 AM org.apache.catalina.core.StandardContext reload
INFO: Reloading Context with name [/template] has started
Jun 1, 2015 10:33:50 AM org.apache.catalina.startup.TldConfig execute
INFO: At least one JAR was scanned for TLDs yet contained no TLDs. Enable debug logging for this logger for a complete list of JARs that were scanned but no TLDs were found in them. Skipping unneeded JARs during scanning can improve startup time and JSP compilation time.
Jun 1, 2015 10:33:50 AM org.apache.catalina.core.StandardContext reload
INFO: Reloading Context with name [/template] is completed
Jun 1, 2015 10:35:30 AM org.apache.catalina.core.StandardContext reload
INFO: Reloading Context with name [/template] has started
Jun 1, 2015 10:35:31 AM org.apache.catalina.startup.TldConfig execute
INFO: At least one JAR was scanned for TLDs yet contained no TLDs. Enable debug logging for this logger for a complete list of JARs that were scanned but no TLDs were found in them. Skipping unneeded JARs during scanning can improve startup time and JSP compilation time.
Jun 1, 2015 10:35:31 AM org.apache.catalina.core.StandardContext reload
INFO: Reloading Context with name [/template] is completed
Jun 1, 2015 10:37:01 AM org.apache.catalina.startup.HostConfig reload
INFO: Reloading context [/template]
Jun 1, 2015 10:37:01 AM org.apache.catalina.core.StandardContext reload
INFO: Reloading Context with name [/template] has started
Jun 1, 2015 10:37:01 AM org.apache.catalina.startup.TldConfig execute
INFO: At least one JAR was scanned for TLDs yet contained no TLDs. Enable debug logging for this logger for a complete list of JARs that were scanned but no TLDs were found in them. Skipping unneeded JARs during scanning can improve startup time and JSP compilation time.
Jun 1, 2015 10:37:02 AM org.apache.catalina.core.StandardContext reload
INFO: Reloading Context with name [/template] is completed
Jun 1, 2015 10:46:22 AM org.apache.catalina.core.StandardContext reload
INFO: Reloading Context with name [/template] has started
Jun 1, 2015 10:46:22 AM org.apache.catalina.loader.WebappClassLoader validateJarFile
INFO: validateJarFile(/home/vananh/Projects/EvoMed/TemplateManagement/Workspace/TemplateWeb/webapp/WEB-INF/lib/el-api-1.0.jar) - jar not loaded. See Servlet Spec 3.0, section 10.7.2. Offending class: javax/el/Expression.class
Jun 1, 2015 10:46:22 AM org.apache.catalina.loader.WebappClassLoader validateJarFile
INFO: validateJarFile(/home/vananh/Projects/EvoMed/TemplateManagement/Workspace/TemplateWeb/webapp/WEB-INF/lib/javax.servlet-api-3.0.1.jar) - jar not loaded. See Servlet Spec 3.0, section 10.7.2. Offending class: javax/servlet/Servlet.class
Jun 1, 2015 10:46:22 AM org.apache.catalina.loader.WebappClassLoader validateJarFile
INFO: validateJarFile(/home/vananh/Projects/EvoMed/TemplateManagement/Workspace/TemplateWeb/webapp/WEB-INF/lib/jsp-api-2.1.jar) - jar not loaded. See Servlet Spec 3.0, section 10.7.2. Offending class: javax/el/Expression.class
Jun 1, 2015 10:46:22 AM org.apache.catalina.loader.WebappClassLoader validateJarFile
INFO: validateJarFile(/home/vananh/Projects/EvoMed/TemplateManagement/Workspace/TemplateWeb/webapp/WEB-INF/lib/servlet-api-2.4.jar) - jar not loaded. See Servlet Spec 3.0, section 10.7.2. Offending class: javax/servlet/Servlet.class
Jun 1, 2015 10:46:23 AM org.apache.catalina.startup.TaglibUriRule body
INFO: TLD skipped. URI: http://www.springframework.org/tags is already defined
Jun 1, 2015 10:46:23 AM org.apache.catalina.startup.TaglibUriRule body
INFO: TLD skipped. URI: http://www.springframework.org/tags/form is already defined
Jun 1, 2015 10:46:23 AM org.apache.catalina.startup.TldConfig execute
INFO: At least one JAR was scanned for TLDs yet contained no TLDs. Enable debug logging for this logger for a complete list of JARs that were scanned but no TLDs were found in them. Skipping unneeded JARs during scanning can improve startup time and JSP compilation time.
Jun 1, 2015 10:46:24 AM org.apache.catalina.core.StandardContext reload
INFO: Reloading Context with name [/template] is completed
Jun 1, 2015 10:47:24 AM org.apache.catalina.core.StandardContext reload
INFO: Reloading Context with name [/template] has started
Jun 1, 2015 10:47:24 AM org.apache.catalina.loader.WebappClassLoader validateJarFile
INFO: validateJarFile(/home/vananh/Projects/EvoMed/TemplateManagement/Workspace/TemplateWeb/webapp/WEB-INF/lib/el-api-1.0.jar) - jar not loaded. See Servlet Spec 3.0, section 10.7.2. Offending class: javax/el/Expression.class
Jun 1, 2015 10:47:24 AM org.apache.catalina.loader.WebappClassLoader validateJarFile
INFO: validateJarFile(/home/vananh/Projects/EvoMed/TemplateManagement/Workspace/TemplateWeb/webapp/WEB-INF/lib/javax.servlet-api-3.0.1.jar) - jar not loaded. See Servlet Spec 3.0, section 10.7.2. Offending class: javax/servlet/Servlet.class
Jun 1, 2015 10:47:24 AM org.apache.catalina.loader.WebappClassLoader validateJarFile
INFO: validateJarFile(/home/vananh/Projects/EvoMed/TemplateManagement/Workspace/TemplateWeb/webapp/WEB-INF/lib/jsp-api-2.1.jar) - jar not loaded. See Servlet Spec 3.0, section 10.7.2. Offending class: javax/el/Expression.class
Jun 1, 2015 10:47:24 AM org.apache.catalina.loader.WebappClassLoader validateJarFile
INFO: validateJarFile(/home/vananh/Projects/EvoMed/TemplateManagement/Workspace/TemplateWeb/webapp/WEB-INF/lib/servlet-api-2.4.jar) - jar not loaded. See Servlet Spec 3.0, section 10.7.2. Offending class: javax/servlet/Servlet.class
Jun 1, 2015 10:47:25 AM org.apache.catalina.startup.TaglibUriRule body
INFO: TLD skipped. URI: http://www.springframework.org/tags is already defined
Jun 1, 2015 10:47:25 AM org.apache.catalina.startup.TaglibUriRule body
INFO: TLD skipped. URI: http://www.springframework.org/tags/form is already defined
Jun 1, 2015 10:47:25 AM org.apache.catalina.startup.TldConfig execute
INFO: At least one JAR was scanned for TLDs yet contained no TLDs. Enable debug logging for this logger for a complete list of JARs that were scanned but no TLDs were found in them. Skipping unneeded JARs during scanning can improve startup time and JSP compilation time.
Jun 1, 2015 10:47:26 AM org.apache.catalina.core.StandardContext reload
INFO: Reloading Context with name [/template] is completed
Jun 1, 2015 10:50:56 AM org.apache.catalina.loader.WebappClassLoader modified
SEVERE:     Resource '/WEB-INF/lib/ant-1.7.0.jar' is missing
Jun 1, 2015 10:50:56 AM org.apache.catalina.core.StandardContext reload
INFO: Reloading Context with name [/template] has started
Jun 1, 2015 10:50:56 AM org.apache.catalina.core.StandardContext reload
INFO: Reloading Context with name [/template] is completed
Jun 1, 2015 10:51:36 AM org.apache.catalina.loader.WebappClassLoader modified
INFO:     Additional JARs have been added
Jun 1, 2015 10:51:36 AM org.apache.catalina.core.StandardContext reload
INFO: Reloading Context with name [/template] has started
Jun 1, 2015 10:51:36 AM org.apache.catalina.loader.WebappClassLoader validateJarFile
INFO: validateJarFile(/home/vananh/Projects/EvoMed/TemplateManagement/Workspace/TemplateWeb/webapp/WEB-INF/lib/el-api-1.0.jar) - jar not loaded. See Servlet Spec 3.0, section 10.7.2. Offending class: javax/el/Expression.class
Jun 1, 2015 10:51:36 AM org.apache.catalina.loader.WebappClassLoader validateJarFile
INFO: validateJarFile(/home/vananh/Projects/EvoMed/TemplateManagement/Workspace/TemplateWeb/webapp/WEB-INF/lib/javax.servlet-api-3.0.1.jar) - jar not loaded. See Servlet Spec 3.0, section 10.7.2. Offending class: javax/servlet/Servlet.class
Jun 1, 2015 10:51:36 AM org.apache.catalina.loader.WebappClassLoader validateJarFile
INFO: validateJarFile(/home/vananh/Projects/EvoMed/TemplateManagement/Workspace/TemplateWeb/webapp/WEB-INF/lib/jsp-api-2.1.jar) - jar not loaded. See Servlet Spec 3.0, section 10.7.2. Offending class: javax/el/Expression.class
Jun 1, 2015 10:51:36 AM org.apache.catalina.loader.WebappClassLoader validateJarFile
INFO: validateJarFile(/home/vananh/Projects/EvoMed/TemplateManagement/Workspace/TemplateWeb/webapp/WEB-INF/lib/servlet-api-2.4.jar) - jar not loaded. See Servlet Spec 3.0, section 10.7.2. Offending class: javax/servlet/Servlet.class
Jun 1, 2015 10:51:37 AM org.apache.catalina.startup.TldConfig execute
INFO: At least one JAR was scanned for TLDs yet contained no TLDs. Enable debug logging for this logger for a complete list of JARs that were scanned but no TLDs were found in them. Skipping unneeded JARs during scanning can improve startup time and JSP compilation time.
Jun 1, 2015 10:51:38 AM org.apache.catalina.core.StandardContext reload
INFO: Reloading Context with name [/template] is completed
Jun 1, 2015 10:53:28 AM org.apache.catalina.core.StandardContext reload
INFO: Reloading Context with name [/template] has started
Jun 1, 2015 10:53:28 AM org.apache.catalina.loader.WebappClassLoader validateJarFile
INFO: validateJarFile(/home/vananh/Projects/EvoMed/TemplateManagement/Workspace/TemplateWeb/webapp/WEB-INF/lib/el-api-1.0.jar) - jar not loaded. See Servlet Spec 3.0, section 10.7.2. Offending class: javax/el/Expression.class
Jun 1, 2015 10:53:28 AM org.apache.catalina.loader.WebappClassLoader validateJarFile
INFO: validateJarFile(/home/vananh/Projects/EvoMed/TemplateManagement/Workspace/TemplateWeb/webapp/WEB-INF/lib/javax.servlet-api-3.0.1.jar) - jar not loaded. See Servlet Spec 3.0, section 10.7.2. Offending class: javax/servlet/Servlet.class
Jun 1, 2015 10:53:28 AM org.apache.catalina.loader.WebappClassLoader validateJarFile
INFO: validateJarFile(/home/vananh/Projects/EvoMed/TemplateManagement/Workspace/TemplateWeb/webapp/WEB-INF/lib/jsp-api-2.1.jar) - jar not loaded. See Servlet Spec 3.0, section 10.7.2. Offending class: javax/el/Expression.class
Jun 1, 2015 10:53:28 AM org.apache.catalina.loader.WebappClassLoader validateJarFile
INFO: validateJarFile(/home/vananh/Projects/EvoMed/TemplateManagement/Workspace/TemplateWeb/webapp/WEB-INF/lib/servlet-api-2.4.jar) - jar not loaded. See Servlet Spec 3.0, section 10.7.2. Offending class: javax/servlet/Servlet.class
Jun 1, 2015 10:53:29 AM org.apache.catalina.startup.TldConfig execute
INFO: At least one JAR was scanned for TLDs yet contained no TLDs. Enable debug logging for this logger for a complete list of JARs that were scanned but no TLDs were found in them. Skipping unneeded JARs during scanning can improve startup time and JSP compilation time.
Jun 1, 2015 10:53:29 AM org.apache.catalina.core.StandardContext reload
INFO: Reloading Context with name [/template] is completed
Jun 1, 2015 10:57:09 AM org.apache.catalina.loader.WebappClassLoader modified
INFO:     Additional JARs have been added : 'hibernate-3.2.7.ga.jar'
Jun 1, 2015 10:57:09 AM org.apache.catalina.core.StandardContext reload
INFO: Reloading Context with name [/template] has started
Jun 1, 2015 10:57:09 AM org.apache.catalina.loader.WebappClassLoader validateJarFile
INFO: validateJarFile(/home/vananh/Projects/EvoMed/TemplateManagement/Workspace/TemplateWeb/webapp/WEB-INF/lib/el-api-1.0.jar) - jar not loaded. See Servlet Spec 3.0, section 10.7.2. Offending class: javax/el/Expression.class
Jun 1, 2015 10:57:09 AM org.apache.catalina.loader.WebappClassLoader validateJarFile
INFO: validateJarFile(/home/vananh/Projects/EvoMed/TemplateManagement/Workspace/TemplateWeb/webapp/WEB-INF/lib/javax.servlet-api-3.0.1.jar) - jar not loaded. See Servlet Spec 3.0, section 10.7.2. Offending class: javax/servlet/Servlet.class
Jun 1, 2015 10:57:09 AM org.apache.catalina.loader.WebappClassLoader validateJarFile
INFO: validateJarFile(/home/vananh/Projects/EvoMed/TemplateManagement/Workspace/TemplateWeb/webapp/WEB-INF/lib/jsp-api-2.1.jar) - jar not loaded. See Servlet Spec 3.0, section 10.7.2. Offending class: javax/el/Expression.class
Jun 1, 2015 10:57:09 AM org.apache.catalina.loader.WebappClassLoader validateJarFile
INFO: validateJarFile(/home/vananh/Projects/EvoMed/TemplateManagement/Workspace/TemplateWeb/webapp/WEB-INF/lib/servlet-api-2.4.jar) - jar not loaded. See Servlet Spec 3.0, section 10.7.2. Offending class: javax/servlet/Servlet.class
Jun 1, 2015 10:57:10 AM org.apache.catalina.startup.TldConfig execute
INFO: At least one JAR was scanned for TLDs yet contained no TLDs. Enable debug logging for this logger for a complete list of JARs that were scanned but no TLDs were found in them. Skipping unneeded JARs during scanning can improve startup time and JSP compilation time.
Jun 1, 2015 10:57:11 AM org.apache.catalina.core.StandardContext reload
INFO: Reloading Context with name [/template] is completed
Jun 1, 2015 10:58:31 AM org.apache.catalina.core.StandardContext reload
INFO: Reloading Context with name [/template] has started
Jun 1, 2015 10:58:31 AM org.apache.catalina.loader.WebappClassLoader validateJarFile
INFO: validateJarFile(/home/vananh/Projects/EvoMed/TemplateManagement/Workspace/TemplateWeb/webapp/WEB-INF/lib/el-api-1.0.jar) - jar not loaded. See Servlet Spec 3.0, section 10.7.2. Offending class: javax/el/Expression.class
Jun 1, 2015 10:58:31 AM org.apache.catalina.loader.WebappClassLoader validateJarFile
INFO: validateJarFile(/home/vananh/Projects/EvoMed/TemplateManagement/Workspace/TemplateWeb/webapp/WEB-INF/lib/javax.servlet-api-3.0.1.jar) - jar not loaded. See Servlet Spec 3.0, section 10.7.2. Offending class: javax/servlet/Servlet.class
Jun 1, 2015 10:58:31 AM org.apache.catalina.loader.WebappClassLoader validateJarFile
INFO: validateJarFile(/home/vananh/Projects/EvoMed/TemplateManagement/Workspace/TemplateWeb/webapp/WEB-INF/lib/jsp-api-2.1.jar) - jar not loaded. See Servlet Spec 3.0, section 10.7.2. Offending class: javax/el/Expression.class
Jun 1, 2015 10:58:31 AM org.apache.catalina.loader.WebappClassLoader validateJarFile
INFO: validateJarFile(/home/vananh/Projects/EvoMed/TemplateManagement/Workspace/TemplateWeb/webapp/WEB-INF/lib/servlet-api-2.4.jar) - jar not loaded. See Servlet Spec 3.0, section 10.7.2. Offending class: javax/servlet/Servlet.class
Jun 1, 2015 10:58:32 AM org.apache.catalina.startup.TldConfig execute
INFO: At least one JAR was scanned for TLDs yet contained no TLDs. Enable debug logging for this logger for a complete list of JARs that were scanned but no TLDs were found in them. Skipping unneeded JARs during scanning can improve startup time and JSP compilation time.
Jun 1, 2015 10:58:33 AM org.apache.catalina.core.StandardContext reload
INFO: Reloading Context with name [/template] is completed
Jun 1, 2015 11:00:13 AM org.apache.catalina.core.StandardContext reload
INFO: Reloading Context with name [/template] has started
Jun 1, 2015 11:00:13 AM org.apache.catalina.loader.WebappClassLoader validateJarFile
INFO: validateJarFile(/home/vananh/Projects/EvoMed/TemplateManagement/Workspace/TemplateWeb/webapp/WEB-INF/lib/el-api-1.0.jar) - jar not loaded. See Servlet Spec 3.0, section 10.7.2. Offending class: javax/el/Expression.class
Jun 1, 2015 11:00:13 AM org.apache.catalina.loader.WebappClassLoader validateJarFile
INFO: validateJarFile(/home/vananh/Projects/EvoMed/TemplateManagement/Workspace/TemplateWeb/webapp/WEB-INF/lib/javax.servlet-api-3.0.1.jar) - jar not loaded. See Servlet Spec 3.0, section 10.7.2. Offending class: javax/servlet/Servlet.class
Jun 1, 2015 11:00:13 AM org.apache.catalina.loader.WebappClassLoader validateJarFile
INFO: validateJarFile(/home/vananh/Projects/EvoMed/TemplateManagement/Workspace/TemplateWeb/webapp/WEB-INF/lib/jsp-api-2.1.jar) - jar not loaded. See Servlet Spec 3.0, section 10.7.2. Offending class: javax/el/Expression.class
Jun 1, 2015 11:00:13 AM org.apache.catalina.loader.WebappClassLoader validateJarFile
INFO: validateJarFile(/home/vananh/Projects/EvoMed/TemplateManagement/Workspace/TemplateWeb/webapp/WEB-INF/lib/servlet-api-2.4.jar) - jar not loaded. See Servlet Spec 3.0, section 10.7.2. Offending class: javax/servlet/Servlet.class
Jun 1, 2015 11:00:14 AM org.apache.catalina.startup.TldConfig execute
INFO: At least one JAR was scanned for TLDs yet contained no TLDs. Enable debug logging for this logger for a complete list of JARs that were scanned but no TLDs were found in them. Skipping unneeded JARs during scanning can improve startup time and JSP compilation time.
Jun 1, 2015 11:00:14 AM org.apache.catalina.core.StandardContext reload
INFO: Reloading Context with name [/template] is completed
Jun 1, 2015 11:01:14 AM org.apache.catalina.core.StandardContext reload
INFO: Reloading Context with name [/template] has started
Jun 1, 2015 11:01:14 AM org.apache.catalina.loader.WebappClassLoader validateJarFile
INFO: validateJarFile(/home/vananh/Projects/EvoMed/TemplateManagement/Workspace/TemplateWeb/webapp/WEB-INF/lib/el-api-1.0.jar) - jar not loaded. See Servlet Spec 3.0, section 10.7.2. Offending class: javax/el/Expression.class
Jun 1, 2015 11:01:14 AM org.apache.catalina.loader.WebappClassLoader validateJarFile
INFO: validateJarFile(/home/vananh/Projects/EvoMed/TemplateManagement/Workspace/TemplateWeb/webapp/WEB-INF/lib/javax.servlet-api-3.0.1.jar) - jar not loaded. See Servlet Spec 3.0, section 10.7.2. Offending class: javax/servlet/Servlet.class
Jun 1, 2015 11:01:14 AM org.apache.catalina.loader.WebappClassLoader validateJarFile
INFO: validateJarFile(/home/vananh/Projects/EvoMed/TemplateManagement/Workspace/TemplateWeb/webapp/WEB-INF/lib/jsp-api-2.1.jar) - jar not loaded. See Servlet Spec 3.0, section 10.7.2. Offending class: javax/el/Expression.class
Jun 1, 2015 11:01:14 AM org.apache.catalina.loader.WebappClassLoader validateJarFile
INFO: validateJarFile(/home/vananh/Projects/EvoMed/TemplateManagement/Workspace/TemplateWeb/webapp/WEB-INF/lib/servlet-api-2.4.jar) - jar not loaded. See Servlet Spec 3.0, section 10.7.2. Offending class: javax/servlet/Servlet.class
Jun 1, 2015 11:01:15 AM org.apache.catalina.startup.TldConfig execute
INFO: At least one JAR was scanned for TLDs yet contained no TLDs. Enable debug logging for this logger for a complete list of JARs that were scanned but no TLDs were found in them. Skipping unneeded JARs during scanning can improve startup time and JSP compilation time.
Jun 1, 2015 11:01:16 AM org.apache.catalina.core.StandardContext reload
INFO: Reloading Context with name [/template] is completed
Jun 1, 2015 11:04:26 AM org.apache.catalina.core.StandardContext reload
INFO: Reloading Context with name [/template] has started
Jun 1, 2015 11:04:26 AM org.apache.catalina.loader.WebappClassLoader validateJarFile
INFO: validateJarFile(/home/vananh/Projects/EvoMed/TemplateManagement/Workspace/TemplateWeb/webapp/WEB-INF/lib/el-api-1.0.jar) - jar not loaded. See Servlet Spec 3.0, section 10.7.2. Offending class: javax/el/Expression.class
Jun 1, 2015 11:04:26 AM org.apache.catalina.loader.WebappClassLoader validateJarFile
INFO: validateJarFile(/home/vananh/Projects/EvoMed/TemplateManagement/Workspace/TemplateWeb/webapp/WEB-INF/lib/javax.servlet-api-3.0.1.jar) - jar not loaded. See Servlet Spec 3.0, section 10.7.2. Offending class: javax/servlet/Servlet.class
Jun 1, 2015 11:04:26 AM org.apache.catalina.loader.WebappClassLoader validateJarFile
INFO: validateJarFile(/home/vananh/Projects/EvoMed/TemplateManagement/Workspace/TemplateWeb/webapp/WEB-INF/lib/jsp-api-2.1.jar) - jar not loaded. See Servlet Spec 3.0, section 10.7.2. Offending class: javax/el/Expression.class
Jun 1, 2015 11:04:26 AM org.apache.catalina.loader.WebappClassLoader validateJarFile
INFO: validateJarFile(/home/vananh/Projects/EvoMed/TemplateManagement/Workspace/TemplateWeb/webapp/WEB-INF/lib/servlet-api-2.4.jar) - jar not loaded. See Servlet Spec 3.0, section 10.7.2. Offending class: javax/servlet/Servlet.class
Jun 1, 2015 11:04:27 AM org.apache.catalina.startup.TldConfig execute
INFO: At least one JAR was scanned for TLDs yet contained no TLDs. Enable debug logging for this logger for a complete list of JARs that were scanned but no TLDs were found in them. Skipping unneeded JARs during scanning can improve startup time and JSP compilation time.
Jun 1, 2015 11:04:27 AM org.apache.catalina.core.StandardContext reload
INFO: Reloading Context with name [/template] is completed
Jun 1, 2015 11:58:28 AM org.apache.catalina.loader.WebappClassLoader modified
INFO:     Additional JARs have been added : 'tiles-api-2.2.1.jar'
Jun 1, 2015 11:58:28 AM org.apache.catalina.core.StandardContext reload
INFO: Reloading Context with name [/template] has started
Jun 1, 2015 11:58:28 AM org.apache.catalina.loader.WebappClassLoader validateJarFile
INFO: validateJarFile(/home/vananh/Projects/EvoMed/TemplateManagement/Workspace/TemplateWeb/webapp/WEB-INF/lib/el-api-1.0.jar) - jar not loaded. See Servlet Spec 3.0, section 10.7.2. Offending class: javax/el/Expression.class
Jun 1, 2015 11:58:28 AM org.apache.catalina.loader.WebappClassLoader validateJarFile
INFO: validateJarFile(/home/vananh/Projects/EvoMed/TemplateManagement/Workspace/TemplateWeb/webapp/WEB-INF/lib/javax.servlet-api-3.0.1.jar) - jar not loaded. See Servlet Spec 3.0, section 10.7.2. Offending class: javax/servlet/Servlet.class
Jun 1, 2015 11:58:28 AM org.apache.catalina.loader.WebappClassLoader validateJarFile
INFO: validateJarFile(/home/vananh/Projects/EvoMed/TemplateManagement/Workspace/TemplateWeb/webapp/WEB-INF/lib/jsp-api-2.1.jar) - jar not loaded. See Servlet Spec 3.0, section 10.7.2. Offending class: javax/el/Expression.class
Jun 1, 2015 11:58:28 AM org.apache.catalina.loader.WebappClassLoader validateJarFile
INFO: validateJarFile(/home/vananh/Projects/EvoMed/TemplateManagement/Workspace/TemplateWeb/webapp/WEB-INF/lib/servlet-api-2.4.jar) - jar not loaded. See Servlet Spec 3.0, section 10.7.2. Offending class: javax/servlet/Servlet.class
Jun 1, 2015 11:58:29 AM org.apache.catalina.startup.TldConfig execute
INFO: At least one JAR was scanned for TLDs yet contained no TLDs. Enable debug logging for this logger for a complete list of JARs that were scanned but no TLDs were found in them. Skipping unneeded JARs during scanning can improve startup time and JSP compilation time.
Jun 1, 2015 11:58:29 AM org.apache.catalina.core.StandardContext reload
INFO: Reloading Context with name [/template] is completed
Jun 1, 2015 11:58:39 AM org.apache.catalina.core.StandardContext reload
INFO: Reloading Context with name [/template] has started
Jun 1, 2015 11:58:39 AM org.apache.catalina.loader.WebappClassLoader validateJarFile
INFO: validateJarFile(/home/vananh/Projects/EvoMed/TemplateManagement/Workspace/TemplateWeb/webapp/WEB-INF/lib/el-api-1.0.jar) - jar not loaded. See Servlet Spec 3.0, section 10.7.2. Offending class: javax/el/Expression.class
Jun 1, 2015 11:58:39 AM org.apache.catalina.loader.WebappClassLoader validateJarFile
INFO: validateJarFile(/home/vananh/Projects/EvoMed/TemplateManagement/Workspace/TemplateWeb/webapp/WEB-INF/lib/javax.servlet-api-3.0.1.jar) - jar not loaded. See Servlet Spec 3.0, section 10.7.2. Offending class: javax/servlet/Servlet.class
Jun 1, 2015 11:58:39 AM org.apache.catalina.loader.WebappClassLoader validateJarFile
INFO: validateJarFile(/home/vananh/Projects/EvoMed/TemplateManagement/Workspace/TemplateWeb/webapp/WEB-INF/lib/jsp-api-2.1.jar) - jar not loaded. See Servlet Spec 3.0, section 10.7.2. Offending class: javax/el/Expression.class
Jun 1, 2015 11:58:39 AM org.apache.catalina.loader.WebappClassLoader validateJarFile
INFO: validateJarFile(/home/vananh/Projects/EvoMed/TemplateManagement/Workspace/TemplateWeb/webapp/WEB-INF/lib/servlet-api-2.4.jar) - jar not loaded. See Servlet Spec 3.0, section 10.7.2. Offending class: javax/servlet/Servlet.class
Jun 1, 2015 11:58:40 AM org.apache.catalina.startup.TldConfig execute
INFO: At least one JAR was scanned for TLDs yet contained no TLDs. Enable debug logging for this logger for a complete list of JARs that were scanned but no TLDs were found in them. Skipping unneeded JARs during scanning can improve startup time and JSP compilation time.
Jun 1, 2015 11:58:41 AM org.apache.catalina.core.StandardContext reload
INFO: Reloading Context with name [/template] is completed
Jun 1, 2015 3:49:34 PM org.apache.catalina.core.StandardContext reload
INFO: Reloading Context with name [/template] has started
Jun 1, 2015 3:49:34 PM org.apache.catalina.loader.WebappClassLoader validateJarFile
INFO: validateJarFile(/home/vananh/Projects/EvoMed/TemplateManagement/Workspace/TemplateWeb/webapp/WEB-INF/lib/el-api-1.0.jar) - jar not loaded. See Servlet Spec 3.0, section 10.7.2. Offending class: javax/el/Expression.class
Jun 1, 2015 3:49:34 PM org.apache.catalina.loader.WebappClassLoader validateJarFile
INFO: validateJarFile(/home/vananh/Projects/EvoMed/TemplateManagement/Workspace/TemplateWeb/webapp/WEB-INF/lib/javax.servlet-api-3.0.1.jar) - jar not loaded. See Servlet Spec 3.0, section 10.7.2. Offending class: javax/servlet/Servlet.class
Jun 1, 2015 3:49:34 PM org.apache.catalina.loader.WebappClassLoader validateJarFile
INFO: validateJarFile(/home/vananh/Projects/EvoMed/TemplateManagement/Workspace/TemplateWeb/webapp/WEB-INF/lib/jsp-api-2.1.jar) - jar not loaded. See Servlet Spec 3.0, section 10.7.2. Offending class: javax/el/Expression.class
Jun 1, 2015 3:49:34 PM org.apache.catalina.loader.WebappClassLoader validateJarFile
INFO: validateJarFile(/home/vananh/Projects/EvoMed/TemplateManagement/Workspace/TemplateWeb/webapp/WEB-INF/lib/servlet-api-2.4.jar) - jar not loaded. See Servlet Spec 3.0, section 10.7.2. Offending class: javax/servlet/Servlet.class
Jun 1, 2015 3:49:35 PM org.apache.catalina.startup.TldConfig execute
INFO: At least one JAR was scanned for TLDs yet contained no TLDs. Enable debug logging for this logger for a complete list of JARs that were scanned but no TLDs were found in them. Skipping unneeded JARs during scanning can improve startup time and JSP compilation time.
Jun 1, 2015 3:49:35 PM org.apache.catalina.core.StandardContext reload
INFO: Reloading Context with name [/template] is completed
Jun 1, 2015 3:52:25 PM org.apache.catalina.core.StandardContext reload
INFO: Reloading Context with name [/template] has started
Jun 1, 2015 3:52:25 PM org.apache.catalina.loader.WebappClassLoader validateJarFile
INFO: validateJarFile(/home/vananh/Projects/EvoMed/TemplateManagement/Workspace/TemplateWeb/webapp/WEB-INF/lib/el-api-1.0.jar) - jar not loaded. See Servlet Spec 3.0, section 10.7.2. Offending class: javax/el/Expression.class
Jun 1, 2015 3:52:25 PM org.apache.catalina.loader.WebappClassLoader validateJarFile
INFO: validateJarFile(/home/vananh/Projects/EvoMed/TemplateManagement/Workspace/TemplateWeb/webapp/WEB-INF/lib/javax.servlet-api-3.0.1.jar) - jar not loaded. See Servlet Spec 3.0, section 10.7.2. Offending class: javax/servlet/Servlet.class
Jun 1, 2015 3:52:25 PM org.apache.catalina.loader.WebappClassLoader validateJarFile
INFO: validateJarFile(/home/vananh/Projects/EvoMed/TemplateManagement/Workspace/TemplateWeb/webapp/WEB-INF/lib/jsp-api-2.1.jar) - jar not loaded. See Servlet Spec 3.0, section 10.7.2. Offending class: javax/el/Expression.class
Jun 1, 2015 3:52:25 PM org.apache.catalina.loader.WebappClassLoader validateJarFile
INFO: validateJarFile(/home/vananh/Projects/EvoMed/TemplateManagement/Workspace/TemplateWeb/webapp/WEB-INF/lib/servlet-api-2.4.jar) - jar not loaded. See Servlet Spec 3.0, section 10.7.2. Offending class: javax/servlet/Servlet.class
Jun 1, 2015 3:52:26 PM org.apache.catalina.startup.TldConfig execute
INFO: At least one JAR was scanned for TLDs yet contained no TLDs. Enable debug logging for this logger for a complete list of JARs that were scanned but no TLDs were found in them. Skipping unneeded JARs during scanning can improve startup time and JSP compilation time.
Jun 1, 2015 3:52:26 PM org.apache.catalina.core.StandardContext reload
INFO: Reloading Context with name [/template] is completed
Jun 1, 2015 4:50:17 PM org.apache.catalina.loader.WebappClassLoader modified
SEVERE:     Resource '/WEB-INF/lib/ant-1.7.0.jar' is missing
Jun 1, 2015 4:50:17 PM org.apache.catalina.core.StandardContext reload
INFO: Reloading Context with name [/template] has started
Jun 1, 2015 4:50:17 PM org.apache.catalina.core.StandardContext reload
INFO: Reloading Context with name [/template] is completed
Jun 1, 2015 4:50:57 PM org.apache.catalina.loader.WebappClassLoader modified
INFO:     Additional JARs have been added
Jun 1, 2015 4:50:57 PM org.apache.catalina.core.StandardContext reload
INFO: Reloading Context with name [/template] has started
Jun 1, 2015 4:50:57 PM org.apache.catalina.loader.WebappClassLoader validateJarFile
INFO: validateJarFile(/home/vananh/Projects/EvoMed/TemplateManagement/Workspace/TemplateWeb/webapp/WEB-INF/lib/el-api-1.0.jar) - jar not loaded. See Servlet Spec 3.0, section 10.7.2. Offending class: javax/el/Expression.class
Jun 1, 2015 4:50:57 PM org.apache.catalina.loader.WebappClassLoader validateJarFile
INFO: validateJarFile(/home/vananh/Projects/EvoMed/TemplateManagement/Workspace/TemplateWeb/webapp/WEB-INF/lib/javax.servlet-api-3.0.1.jar) - jar not loaded. See Servlet Spec 3.0, section 10.7.2. Offending class: javax/servlet/Servlet.class
Jun 1, 2015 4:50:57 PM org.apache.catalina.loader.WebappClassLoader validateJarFile
INFO: validateJarFile(/home/vananh/Projects/EvoMed/TemplateManagement/Workspace/TemplateWeb/webapp/WEB-INF/lib/jsp-api-2.1.jar) - jar not loaded. See Servlet Spec 3.0, section 10.7.2. Offending class: javax/el/Expression.class
Jun 1, 2015 4:50:57 PM org.apache.catalina.loader.WebappClassLoader validateJarFile
INFO: validateJarFile(/home/vananh/Projects/EvoMed/TemplateManagement/Workspace/TemplateWeb/webapp/WEB-INF/lib/servlet-api-2.4.jar) - jar not loaded. See Servlet Spec 3.0, section 10.7.2. Offending class: javax/servlet/Servlet.class
Jun 1, 2015 4:50:58 PM org.apache.catalina.startup.TldConfig execute
INFO: At least one JAR was scanned for TLDs yet contained no TLDs. Enable debug logging for this logger for a complete list of JARs that were scanned but no TLDs were found in them. Skipping unneeded JARs during scanning can improve startup time and JSP compilation time.
Jun 1, 2015 4:50:58 PM org.apache.catalina.core.StandardContext reload
INFO: Reloading Context with name [/template] is completed
Jun 1, 2015 4:53:56 PM org.apache.coyote.AbstractProtocol pause
INFO: Pausing ProtocolHandler ["http-bio-8080"]
Jun 1, 2015 4:53:56 PM org.apache.coyote.AbstractProtocol pause
INFO: Pausing ProtocolHandler ["ajp-bio-8009"]
Jun 1, 2015 4:53:56 PM org.apache.catalina.core.StandardService stopInternal
INFO: Stopping service Catalina
Jun 1, 2015 4:53:56 PM org.apache.coyote.AbstractProtocol stop
INFO: Stopping ProtocolHandler ["http-bio-8080"]
Jun 1, 2015 4:53:56 PM org.apache.coyote.AbstractProtocol stop
INFO: Stopping ProtocolHandler ["ajp-bio-8009"]
Jun 1, 2015 4:53:56 PM org.apache.coyote.AbstractProtocol destroy
INFO: Destroying ProtocolHandler ["http-bio-8080"]
Jun 1, 2015 4:53:56 PM org.apache.coyote.AbstractProtocol destroy
INFO: Destroying ProtocolHandler ["ajp-bio-8009"]
Jun 1, 2015 4:53:58 PM org.apache.catalina.startup.VersionLoggerListener log
INFO: Server version:        Apache Tomcat/7.0.62
Jun 1, 2015 4:53:58 PM org.apache.catalina.startup.VersionLoggerListener log
INFO: Server built:          May 7 2015 17:14:55 UTC
Jun 1, 2015 4:53:58 PM org.apache.catalina.startup.VersionLoggerListener log
INFO: Server number:         7.0.62.0
Jun 1, 2015 4:53:58 PM org.apache.catalina.startup.VersionLoggerListener log
INFO: OS Name:               Linux
Jun 1, 2015 4:53:58 PM org.apache.catalina.startup.VersionLoggerListener log
INFO: OS Version:            3.17.7-300.fc21.x86_64
Jun 1, 2015 4:53:58 PM org.apache.catalina.startup.VersionLoggerListener log
INFO: Architecture:          amd64
Jun 1, 2015 4:53:58 PM org.apache.catalina.startup.VersionLoggerListener log
INFO: Java Home:             /home/vananh/Apps/jdk1.6.0_35/jre
Jun 1, 2015 4:53:58 PM org.apache.catalina.startup.VersionLoggerListener log
INFO: JVM Version:           1.6.0_35-b10
Jun 1, 2015 4:53:58 PM org.apache.catalina.startup.VersionLoggerListener log
INFO: JVM Vendor:            Sun Microsystems Inc.
Jun 1, 2015 4:53:58 PM org.apache.catalina.startup.VersionLoggerListener log
INFO: CATALINA_BASE:         /home/vananh/Projects/EvoMed/TemplateManagement/apache-tomcat-7.0.62
Jun 1, 2015 4:53:58 PM org.apache.catalina.startup.VersionLoggerListener log
INFO: CATALINA_HOME:         /home/vananh/Projects/EvoMed/TemplateManagement/apache-tomcat-7.0.62
Jun 1, 2015 4:53:58 PM org.apache.catalina.startup.VersionLoggerListener log
INFO: Command line argument: -Djava.util.logging.config.file=/home/vananh/Projects/EvoMed/TemplateManagement/apache-tomcat-7.0.62/conf/logging.properties
Jun 1, 2015 4:53:58 PM org.apache.catalina.startup.VersionLoggerListener log
INFO: Command line argument: -Djava.util.logging.manager=org.apache.juli.ClassLoaderLogManager
Jun 1, 2015 4:53:58 PM org.apache.catalina.startup.VersionLoggerListener log
INFO: Command line argument: -Djava.endorsed.dirs=/home/vananh/Projects/EvoMed/TemplateManagement/apache-tomcat-7.0.62/endorsed
Jun 1, 2015 4:53:58 PM org.apache.catalina.startup.VersionLoggerListener log
INFO: Command line argument: -Dcatalina.base=/home/vananh/Projects/EvoMed/TemplateManagement/apache-tomcat-7.0.62
Jun 1, 2015 4:53:58 PM org.apache.catalina.startup.VersionLoggerListener log
INFO: Command line argument: -Dcatalina.home=/home/vananh/Projects/EvoMed/TemplateManagement/apache-tomcat-7.0.62
Jun 1, 2015 4:53:58 PM org.apache.catalina.startup.VersionLoggerListener log
INFO: Command line argument: -Djava.io.tmpdir=/home/vananh/Projects/EvoMed/TemplateManagement/apache-tomcat-7.0.62/temp
Jun 1, 2015 4:53:58 PM org.apache.catalina.core.AprLifecycleListener lifecycleEvent
INFO: The APR based Apache Tomcat Native library which allows optimal performance in production environments was not found on the java.library.path: /home/vananh/Apps/jdk1.6.0_35/jre/lib/amd64/server:/home/vananh/Apps/jdk1.6.0_35/jre/lib/amd64:/home/vananh/Apps/jdk1.6.0_35/jre/../lib/amd64:/usr/java/packages/lib/amd64:/usr/lib64:/lib64:/lib:/usr/lib
Jun 1, 2015 4:53:59 PM org.apache.coyote.AbstractProtocol init
INFO: Initializing ProtocolHandler ["http-bio-8080"]
Jun 1, 2015 4:53:59 PM org.apache.coyote.AbstractProtocol init
INFO: Initializing ProtocolHandler ["ajp-bio-8009"]
Jun 1, 2015 4:53:59 PM org.apache.catalina.startup.Catalina load
INFO: Initialization processed in 1366 ms
Jun 1, 2015 4:53:59 PM org.apache.catalina.core.StandardService startInternal
INFO: Starting service Catalina
Jun 1, 2015 4:53:59 PM org.apache.catalina.core.StandardEngine startInternal
INFO: Starting Servlet Engine: Apache Tomcat/7.0.62
Jun 1, 2015 4:53:59 PM org.apache.catalina.startup.HostConfig deployDescriptor
INFO: Deploying configuration descriptor /home/vananh/Projects/EvoMed/TemplateManagement/apache-tomcat-7.0.62/conf/Catalina/localhost/template.xml
Jun 1, 2015 4:53:59 PM org.apache.catalina.loader.WebappClassLoader validateJarFile
INFO: validateJarFile(/home/vananh/Projects/EvoMed/TemplateManagement/Workspace/TemplateWeb/webapp/WEB-INF/lib/el-api-1.0.jar) - jar not loaded. See Servlet Spec 3.0, section 10.7.2. Offending class: javax/el/Expression.class
Jun 1, 2015 4:53:59 PM org.apache.catalina.loader.WebappClassLoader validateJarFile
INFO: validateJarFile(/home/vananh/Projects/EvoMed/TemplateManagement/Workspace/TemplateWeb/webapp/WEB-INF/lib/javax.servlet-api-3.0.1.jar) - jar not loaded. See Servlet Spec 3.0, section 10.7.2. Offending class: javax/servlet/Servlet.class
Jun 1, 2015 4:53:59 PM org.apache.catalina.loader.WebappClassLoader validateJarFile
INFO: validateJarFile(/home/vananh/Projects/EvoMed/TemplateManagement/Workspace/TemplateWeb/webapp/WEB-INF/lib/jsp-api-2.1.jar) - jar not loaded. See Servlet Spec 3.0, section 10.7.2. Offending class: javax/el/Expression.class
Jun 1, 2015 4:53:59 PM org.apache.catalina.loader.WebappClassLoader validateJarFile
INFO: validateJarFile(/home/vananh/Projects/EvoMed/TemplateManagement/Workspace/TemplateWeb/webapp/WEB-INF/lib/servlet-api-2.4.jar) - jar not loaded. See Servlet Spec 3.0, section 10.7.2. Offending class: javax/servlet/Servlet.class
Jun 1, 2015 4:54:02 PM org.apache.catalina.startup.TldConfig execute
INFO: At least one JAR was scanned for TLDs yet contained no TLDs. Enable debug logging for this logger for a complete list of JARs that were scanned but no TLDs were found in them. Skipping unneeded JARs during scanning can improve startup time and JSP compilation time.
Jun 1, 2015 4:54:02 PM org.apache.tomcat.websocket.server.WsSci onStartup
INFO: JSR 356 WebSocket (Java WebSocket 1.1) support is not available when running on Java 6. To suppress this message, run Tomcat on Java 7, remove the WebSocket JARs from $CATALINA_HOME/lib or add the WebSocket JARs to the tomcat.util.scan.DefaultJarScanner.jarsToSkip property in $CATALINA_BASE/conf/catalina.properties. Note that the deprecated Tomcat 7 WebSocket API will be available. 
Jun 1, 2015 4:54:03 PM org.apache.catalina.startup.HostConfig deployDescriptor
INFO: Deployment of configuration descriptor /home/vananh/Projects/EvoMed/TemplateManagement/apache-tomcat-7.0.62/conf/Catalina/localhost/template.xml has finished in 3,940 ms
Jun 1, 2015 4:54:03 PM org.apache.catalina.startup.HostConfig deployDirectory
INFO: Deploying web application directory /home/vananh/Projects/EvoMed/TemplateManagement/apache-tomcat-7.0.62/webapps/ROOT
Jun 1, 2015 4:54:03 PM org.apache.catalina.startup.HostConfig deployDirectory
INFO: Deployment of web application directory /home/vananh/Projects/EvoMed/TemplateManagement/apache-tomcat-7.0.62/webapps/ROOT has finished in 40 ms
Jun 1, 2015 4:54:03 PM org.apache.catalina.startup.HostConfig deployDirectory
INFO: Deploying web application directory /home/vananh/Projects/EvoMed/TemplateManagement/apache-tomcat-7.0.62/webapps/host-manager
Jun 1, 2015 4:54:03 PM org.apache.catalina.startup.HostConfig deployDirectory
INFO: Deployment of web application directory /home/vananh/Projects/EvoMed/TemplateManagement/apache-tomcat-7.0.62/webapps/host-manager has finished in 51 ms
Jun 1, 2015 4:54:03 PM org.apache.catalina.startup.HostConfig deployDirectory
INFO: Deploying web application directory /home/vananh/Projects/EvoMed/TemplateManagement/apache-tomcat-7.0.62/webapps/docs
Jun 1, 2015 4:54:03 PM org.apache.catalina.startup.HostConfig deployDirectory
INFO: Deployment of web application directory /home/vananh/Projects/EvoMed/TemplateManagement/apache-tomcat-7.0.62/webapps/docs has finished in 31 ms
Jun 1, 2015 4:54:03 PM org.apache.catalina.startup.HostConfig deployDirectory
INFO: Deploying web application directory /home/vananh/Projects/EvoMed/TemplateManagement/apache-tomcat-7.0.62/webapps/examples
Jun 1, 2015 4:54:03 PM org.apache.catalina.startup.HostConfig deployDirectory
INFO: Deployment of web application directory /home/vananh/Projects/EvoMed/TemplateManagement/apache-tomcat-7.0.62/webapps/examples has finished in 227 ms
Jun 1, 2015 4:54:03 PM org.apache.catalina.startup.HostConfig deployDirectory
INFO: Deploying web application directory /home/vananh/Projects/EvoMed/TemplateManagement/apache-tomcat-7.0.62/webapps/manager
Jun 1, 2015 4:54:03 PM org.apache.catalina.startup.HostConfig deployDirectory
INFO: Deployment of web application directory /home/vananh/Projects/EvoMed/TemplateManagement/apache-tomcat-7.0.62/webapps/manager has finished in 50 ms
Jun 1, 2015 4:54:03 PM org.apache.coyote.AbstractProtocol start
INFO: Starting ProtocolHandler ["http-bio-8080"]
Jun 1, 2015 4:54:03 PM org.apache.coyote.AbstractProtocol start
INFO: Starting ProtocolHandler ["ajp-bio-8009"]
Jun 1, 2015 4:54:03 PM org.apache.catalina.startup.Catalina start
INFO: Server startup in 4439 ms
Jun 1, 2015 5:08:34 PM org.apache.catalina.loader.WebappClassLoader modified
SEVERE:     Resource '/WEB-INF/lib/ant-1.7.0.jar' is missing
Jun 1, 2015 5:08:34 PM org.apache.catalina.core.StandardContext reload
INFO: Reloading Context with name [/template] has started
Jun 1, 2015 5:08:34 PM org.apache.catalina.core.StandardContext reload
INFO: Reloading Context with name [/template] is completed
Jun 1, 2015 5:08:44 PM org.apache.catalina.core.StandardContext reload
INFO: Reloading Context with name [/template] has started
Jun 1, 2015 5:08:44 PM org.apache.catalina.core.StandardContext reload
INFO: Reloading Context with name [/template] is completed
Jun 1, 2015 5:26:14 PM org.apache.catalina.loader.WebappClassLoader modified
INFO:     Additional JARs have been added
Jun 1, 2015 5:26:14 PM org.apache.catalina.core.StandardContext reload
INFO: Reloading Context with name [/template] has started
Jun 1, 2015 5:26:14 PM org.apache.catalina.loader.WebappClassLoader validateJarFile
INFO: validateJarFile(/home/vananh/Projects/EvoMed/TemplateManagement/Workspace/TemplateWeb/webapp/WEB-INF/lib/el-api-1.0.jar) - jar not loaded. See Servlet Spec 3.0, section 10.7.2. Offending class: javax/el/Expression.class
Jun 1, 2015 5:26:14 PM org.apache.catalina.loader.WebappClassLoader validateJarFile
INFO: validateJarFile(/home/vananh/Projects/EvoMed/TemplateManagement/Workspace/TemplateWeb/webapp/WEB-INF/lib/javax.servlet-api-3.0.1.jar) - jar not loaded. See Servlet Spec 3.0, section 10.7.2. Offending class: javax/servlet/Servlet.class
Jun 1, 2015 5:26:14 PM org.apache.catalina.loader.WebappClassLoader validateJarFile
INFO: validateJarFile(/home/vananh/Projects/EvoMed/TemplateManagement/Workspace/TemplateWeb/webapp/WEB-INF/lib/jsp-api-2.1.jar) - jar not loaded. See Servlet Spec 3.0, section 10.7.2. Offending class: javax/el/Expression.class
Jun 1, 2015 5:26:14 PM org.apache.catalina.loader.WebappClassLoader validateJarFile
INFO: validateJarFile(/home/vananh/Projects/EvoMed/TemplateManagement/Workspace/TemplateWeb/webapp/WEB-INF/lib/servlet-api-2.5.jar) - jar not loaded. See Servlet Spec 3.0, section 10.7.2. Offending class: javax/servlet/Servlet.class
Jun 1, 2015 5:26:16 PM org.apache.catalina.startup.TaglibUriRule body
INFO: TLD skipped. URI: http://tiles.apache.org/tags-tiles-extras is already defined
Jun 1, 2015 5:26:16 PM org.apache.catalina.startup.TaglibUriRule body
INFO: TLD skipped. URI: http://tiles.apache.org/tags-tiles is already defined
Jun 1, 2015 5:26:16 PM org.apache.catalina.startup.TaglibUriRule body
INFO: TLD skipped. URI: http://java.sun.com/jstl/core_rt is already defined
Jun 1, 2015 5:26:16 PM org.apache.catalina.startup.TaglibUriRule body
INFO: TLD skipped. URI: http://java.sun.com/jstl/core is already defined
Jun 1, 2015 5:26:16 PM org.apache.catalina.startup.TaglibUriRule body
INFO: TLD skipped. URI: http://java.sun.com/jsp/jstl/core is already defined
Jun 1, 2015 5:26:16 PM org.apache.catalina.startup.TaglibUriRule body
INFO: TLD skipped. URI: http://java.sun.com/jstl/fmt_rt is already defined
Jun 1, 2015 5:26:16 PM org.apache.catalina.startup.TaglibUriRule body
INFO: TLD skipped. URI: http://java.sun.com/jstl/fmt is already defined
Jun 1, 2015 5:26:16 PM org.apache.catalina.startup.TaglibUriRule body
INFO: TLD skipped. URI: http://java.sun.com/jsp/jstl/fmt is already defined
Jun 1, 2015 5:26:16 PM org.apache.catalina.startup.TaglibUriRule body
INFO: TLD skipped. URI: http://java.sun.com/jsp/jstl/functions is already defined
Jun 1, 2015 5:26:16 PM org.apache.catalina.startup.TaglibUriRule body
INFO: TLD skipped. URI: http://jakarta.apache.org/taglibs/standard/permittedTaglibs is already defined
Jun 1, 2015 5:26:16 PM org.apache.catalina.startup.TaglibUriRule body
INFO: TLD skipped. URI: http://jakarta.apache.org/taglibs/standard/scriptfree is already defined
Jun 1, 2015 5:26:16 PM org.apache.catalina.startup.TaglibUriRule body
INFO: TLD skipped. URI: http://java.sun.com/jstl/sql_rt is already defined
Jun 1, 2015 5:26:16 PM org.apache.catalina.startup.TaglibUriRule body
INFO: TLD skipped. URI: http://java.sun.com/jstl/sql is already defined
Jun 1, 2015 5:26:16 PM org.apache.catalina.startup.TaglibUriRule body
INFO: TLD skipped. URI: http://java.sun.com/jsp/jstl/sql is already defined
Jun 1, 2015 5:26:16 PM org.apache.catalina.startup.TaglibUriRule body
INFO: TLD skipped. URI: http://java.sun.com/jstl/xml_rt is already defined
Jun 1, 2015 5:26:16 PM org.apache.catalina.startup.TaglibUriRule body
INFO: TLD skipped. URI: http://java.sun.com/jstl/xml is already defined
Jun 1, 2015 5:26:16 PM org.apache.catalina.startup.TaglibUriRule body
INFO: TLD skipped. URI: http://java.sun.com/jsp/jstl/xml is already defined
Jun 1, 2015 5:26:16 PM org.apache.catalina.startup.TaglibUriRule body
INFO: TLD skipped. URI: http://www.springframework.org/tags is already defined
Jun 1, 2015 5:26:16 PM org.apache.catalina.startup.TaglibUriRule body
INFO: TLD skipped. URI: http://www.springframework.org/tags/form is already defined
Jun 1, 2015 5:26:16 PM org.apache.catalina.startup.TaglibUriRule body
INFO: TLD skipped. URI: http://tiles.apache.org/tags-tiles-extras is already defined
Jun 1, 2015 5:26:16 PM org.apache.catalina.startup.TaglibUriRule body
INFO: TLD skipped. URI: http://tiles.apache.org/tags-tiles is already defined
Jun 1, 2015 5:26:16 PM org.apache.catalina.startup.TaglibUriRule body
INFO: TLD skipped. URI: http://tiles.apache.org/tags-tiles is already defined
Jun 1, 2015 5:26:16 PM org.apache.catalina.startup.TaglibUriRule body
INFO: TLD skipped. URI: http://tiles.apache.org/tags-tiles-extras is already defined
Jun 1, 2015 5:26:16 PM org.apache.catalina.startup.TldConfig execute
INFO: At least one JAR was scanned for TLDs yet contained no TLDs. Enable debug logging for this logger for a complete list of JARs that were scanned but no TLDs were found in them. Skipping unneeded JARs during scanning can improve startup time and JSP compilation time.
Jun 1, 2015 5:26:17 PM org.apache.catalina.core.StandardContext reload
INFO: Reloading Context with name [/template] is completed
Jun 1, 2015 5:26:34 PM org.apache.coyote.AbstractProtocol pause
INFO: Pausing ProtocolHandler ["http-bio-8080"]
Jun 1, 2015 5:26:35 PM org.apache.coyote.AbstractProtocol pause
INFO: Pausing ProtocolHandler ["ajp-bio-8009"]
Jun 1, 2015 5:26:35 PM org.apache.catalina.core.StandardService stopInternal
INFO: Stopping service Catalina
Jun 1, 2015 5:26:35 PM org.apache.coyote.AbstractProtocol stop
INFO: Stopping ProtocolHandler ["http-bio-8080"]
Jun 1, 2015 5:26:35 PM org.apache.coyote.AbstractProtocol stop
INFO: Stopping ProtocolHandler ["ajp-bio-8009"]
Jun 1, 2015 5:26:35 PM org.apache.coyote.AbstractProtocol destroy
INFO: Destroying ProtocolHandler ["http-bio-8080"]
Jun 1, 2015 5:26:35 PM org.apache.coyote.AbstractProtocol destroy
INFO: Destroying ProtocolHandler ["ajp-bio-8009"]
Jun 1, 2015 5:26:37 PM org.apache.catalina.startup.VersionLoggerListener log
INFO: Server version:        Apache Tomcat/7.0.62
Jun 1, 2015 5:26:37 PM org.apache.catalina.startup.VersionLoggerListener log
INFO: Server built:          May 7 2015 17:14:55 UTC
Jun 1, 2015 5:26:37 PM org.apache.catalina.startup.VersionLoggerListener log
INFO: Server number:         7.0.62.0
Jun 1, 2015 5:26:37 PM org.apache.catalina.startup.VersionLoggerListener log
INFO: OS Name:               Linux
Jun 1, 2015 5:26:37 PM org.apache.catalina.startup.VersionLoggerListener log
INFO: OS Version:            3.17.7-300.fc21.x86_64
Jun 1, 2015 5:26:37 PM org.apache.catalina.startup.VersionLoggerListener log
INFO: Architecture:          amd64
Jun 1, 2015 5:26:37 PM org.apache.catalina.startup.VersionLoggerListener log
INFO: Java Home:             /home/vananh/Apps/jdk1.6.0_35/jre
Jun 1, 2015 5:26:37 PM org.apache.catalina.startup.VersionLoggerListener log
INFO: JVM Version:           1.6.0_35-b10
Jun 1, 2015 5:26:37 PM org.apache.catalina.startup.VersionLoggerListener log
INFO: JVM Vendor:            Sun Microsystems Inc.
Jun 1, 2015 5:26:37 PM org.apache.catalina.startup.VersionLoggerListener log
INFO: CATALINA_BASE:         /home/vananh/Projects/EvoMed/TemplateManagement/apache-tomcat-7.0.62
Jun 1, 2015 5:26:37 PM org.apache.catalina.startup.VersionLoggerListener log
INFO: CATALINA_HOME:         /home/vananh/Projects/EvoMed/TemplateManagement/apache-tomcat-7.0.62
Jun 1, 2015 5:26:37 PM org.apache.catalina.startup.VersionLoggerListener log
INFO: Command line argument: -Djava.util.logging.config.file=/home/vananh/Projects/EvoMed/TemplateManagement/apache-tomcat-7.0.62/conf/logging.properties
Jun 1, 2015 5:26:37 PM org.apache.catalina.startup.VersionLoggerListener log
INFO: Command line argument: -Djava.util.logging.manager=org.apache.juli.ClassLoaderLogManager
Jun 1, 2015 5:26:37 PM org.apache.catalina.startup.VersionLoggerListener log
INFO: Command line argument: -Djava.endorsed.dirs=/home/vananh/Projects/EvoMed/TemplateManagement/apache-tomcat-7.0.62/endorsed
Jun 1, 2015 5:26:37 PM org.apache.catalina.startup.VersionLoggerListener log
INFO: Command line argument: -Dcatalina.base=/home/vananh/Projects/EvoMed/TemplateManagement/apache-tomcat-7.0.62
Jun 1, 2015 5:26:37 PM org.apache.catalina.startup.VersionLoggerListener log
INFO: Command line argument: -Dcatalina.home=/home/vananh/Projects/EvoMed/TemplateManagement/apache-tomcat-7.0.62
Jun 1, 2015 5:26:37 PM org.apache.catalina.startup.VersionLoggerListener log
INFO: Command line argument: -Djava.io.tmpdir=/home/vananh/Projects/EvoMed/TemplateManagement/apache-tomcat-7.0.62/temp
Jun 1, 2015 5:26:37 PM org.apache.catalina.core.AprLifecycleListener lifecycleEvent
INFO: The APR based Apache Tomcat Native library which allows optimal performance in production environments was not found on the java.library.path: /home/vananh/Apps/jdk1.6.0_35/jre/lib/amd64/server:/home/vananh/Apps/jdk1.6.0_35/jre/lib/amd64:/home/vananh/Apps/jdk1.6.0_35/jre/../lib/amd64:/usr/java/packages/lib/amd64:/usr/lib64:/lib64:/lib:/usr/lib
Jun 1, 2015 5:26:37 PM org.apache.coyote.AbstractProtocol init
INFO: Initializing ProtocolHandler ["http-bio-8080"]
Jun 1, 2015 5:26:37 PM org.apache.coyote.AbstractProtocol init
INFO: Initializing ProtocolHandler ["ajp-bio-8009"]
Jun 1, 2015 5:26:37 PM org.apache.catalina.startup.Catalina load
INFO: Initialization processed in 387 ms
Jun 1, 2015 5:26:37 PM org.apache.catalina.core.StandardService startInternal
INFO: Starting service Catalina
Jun 1, 2015 5:26:37 PM org.apache.catalina.core.StandardEngine startInternal
INFO: Starting Servlet Engine: Apache Tomcat/7.0.62
Jun 1, 2015 5:26:37 PM org.apache.catalina.startup.HostConfig deployDescriptor
INFO: Deploying configuration descriptor /home/vananh/Projects/EvoMed/TemplateManagement/apache-tomcat-7.0.62/conf/Catalina/localhost/template.xml
Jun 1, 2015 5:26:37 PM org.apache.catalina.loader.WebappClassLoader validateJarFile
INFO: validateJarFile(/home/vananh/Projects/EvoMed/TemplateManagement/Workspace/TemplateWeb/webapp/WEB-INF/lib/el-api-1.0.jar) - jar not loaded. See Servlet Spec 3.0, section 10.7.2. Offending class: javax/el/Expression.class
Jun 1, 2015 5:26:37 PM org.apache.catalina.loader.WebappClassLoader validateJarFile
INFO: validateJarFile(/home/vananh/Projects/EvoMed/TemplateManagement/Workspace/TemplateWeb/webapp/WEB-INF/lib/javax.servlet-api-3.0.1.jar) - jar not loaded. See Servlet Spec 3.0, section 10.7.2. Offending class: javax/servlet/Servlet.class
Jun 1, 2015 5:26:37 PM org.apache.catalina.loader.WebappClassLoader validateJarFile
INFO: validateJarFile(/home/vananh/Projects/EvoMed/TemplateManagement/Workspace/TemplateWeb/webapp/WEB-INF/lib/jsp-api-2.1.jar) - jar not loaded. See Servlet Spec 3.0, section 10.7.2. Offending class: javax/el/Expression.class
Jun 1, 2015 5:26:37 PM org.apache.catalina.loader.WebappClassLoader validateJarFile
INFO: validateJarFile(/home/vananh/Projects/EvoMed/TemplateManagement/Workspace/TemplateWeb/webapp/WEB-INF/lib/servlet-api-2.5.jar) - jar not loaded. See Servlet Spec 3.0, section 10.7.2. Offending class: javax/servlet/Servlet.class
Jun 1, 2015 5:26:40 PM org.apache.catalina.startup.TaglibUriRule body
INFO: TLD skipped. URI: http://tiles.apache.org/tags-tiles-extras is already defined
Jun 1, 2015 5:26:40 PM org.apache.catalina.startup.TaglibUriRule body
INFO: TLD skipped. URI: http://tiles.apache.org/tags-tiles is already defined
Jun 1, 2015 5:26:40 PM org.apache.catalina.startup.TaglibUriRule body
INFO: TLD skipped. URI: http://java.sun.com/jstl/core_rt is already defined
Jun 1, 2015 5:26:40 PM org.apache.catalina.startup.TaglibUriRule body
INFO: TLD skipped. URI: http://java.sun.com/jstl/core is already defined
Jun 1, 2015 5:26:40 PM org.apache.catalina.startup.TaglibUriRule body
INFO: TLD skipped. URI: http://java.sun.com/jsp/jstl/core is already defined
Jun 1, 2015 5:26:40 PM org.apache.catalina.startup.TaglibUriRule body
INFO: TLD skipped. URI: http://java.sun.com/jstl/fmt_rt is already defined
Jun 1, 2015 5:26:40 PM org.apache.catalina.startup.TaglibUriRule body
INFO: TLD skipped. URI: http://java.sun.com/jstl/fmt is already defined
Jun 1, 2015 5:26:40 PM org.apache.catalina.startup.TaglibUriRule body
INFO: TLD skipped. URI: http://java.sun.com/jsp/jstl/fmt is already defined
Jun 1, 2015 5:26:40 PM org.apache.catalina.startup.TaglibUriRule body
INFO: TLD skipped. URI: http://java.sun.com/jsp/jstl/functions is already defined
Jun 1, 2015 5:26:40 PM org.apache.catalina.startup.TaglibUriRule body
INFO: TLD skipped. URI: http://jakarta.apache.org/taglibs/standard/permittedTaglibs is already defined
Jun 1, 2015 5:26:40 PM org.apache.catalina.startup.TaglibUriRule body
INFO: TLD skipped. URI: http://jakarta.apache.org/taglibs/standard/scriptfree is already defined
Jun 1, 2015 5:26:40 PM org.apache.catalina.startup.TaglibUriRule body
INFO: TLD skipped. URI: http://java.sun.com/jstl/sql_rt is already defined
Jun 1, 2015 5:26:40 PM org.apache.catalina.startup.TaglibUriRule body
INFO: TLD skipped. URI: http://java.sun.com/jstl/sql is already defined
Jun 1, 2015 5:26:40 PM org.apache.catalina.startup.TaglibUriRule body
INFO: TLD skipped. URI: http://java.sun.com/jsp/jstl/sql is already defined
Jun 1, 2015 5:26:40 PM org.apache.catalina.startup.TaglibUriRule body
INFO: TLD skipped. URI: http://java.sun.com/jstl/xml_rt is already defined
Jun 1, 2015 5:26:40 PM org.apache.catalina.startup.TaglibUriRule body
INFO: TLD skipped. URI: http://java.sun.com/jstl/xml is already defined
Jun 1, 2015 5:26:40 PM org.apache.catalina.startup.TaglibUriRule body
INFO: TLD skipped. URI: http://java.sun.com/jsp/jstl/xml is already defined
Jun 1, 2015 5:26:40 PM org.apache.catalina.startup.TaglibUriRule body
INFO: TLD skipped. URI: http://www.springframework.org/tags is already defined
Jun 1, 2015 5:26:40 PM org.apache.catalina.startup.TaglibUriRule body
INFO: TLD skipped. URI: http://www.springframework.org/tags/form is already defined
Jun 1, 2015 5:26:40 PM org.apache.catalina.startup.TaglibUriRule body
INFO: TLD skipped. URI: http://tiles.apache.org/tags-tiles-extras is already defined
Jun 1, 2015 5:26:40 PM org.apache.catalina.startup.TaglibUriRule body
INFO: TLD skipped. URI: http://tiles.apache.org/tags-tiles is already defined
Jun 1, 2015 5:26:40 PM org.apache.catalina.startup.TaglibUriRule body
INFO: TLD skipped. URI: http://tiles.apache.org/tags-tiles is already defined
Jun 1, 2015 5:26:40 PM org.apache.catalina.startup.TaglibUriRule body
INFO: TLD skipped. URI: http://tiles.apache.org/tags-tiles-extras is already defined
Jun 1, 2015 5:26:40 PM org.apache.catalina.startup.TldConfig execute
INFO: At least one JAR was scanned for TLDs yet contained no TLDs. Enable debug logging for this logger for a complete list of JARs that were scanned but no TLDs were found in them. Skipping unneeded JARs during scanning can improve startup time and JSP compilation time.
Jun 1, 2015 5:26:40 PM org.apache.tomcat.websocket.server.WsSci onStartup
INFO: JSR 356 WebSocket (Java WebSocket 1.1) support is not available when running on Java 6. To suppress this message, run Tomcat on Java 7, remove the WebSocket JARs from $CATALINA_HOME/lib or add the WebSocket JARs to the tomcat.util.scan.DefaultJarScanner.jarsToSkip property in $CATALINA_BASE/conf/catalina.properties. Note that the deprecated Tomcat 7 WebSocket API will be available. 
Jun 1, 2015 5:26:40 PM org.apache.catalina.startup.HostConfig deployDescriptor
INFO: Deployment of configuration descriptor /home/vananh/Projects/EvoMed/TemplateManagement/apache-tomcat-7.0.62/conf/Catalina/localhost/template.xml has finished in 3,787 ms
Jun 1, 2015 5:26:40 PM org.apache.catalina.startup.HostConfig deployDirectory
INFO: Deploying web application directory /home/vananh/Projects/EvoMed/TemplateManagement/apache-tomcat-7.0.62/webapps/ROOT
Jun 1, 2015 5:26:41 PM org.apache.catalina.startup.HostConfig deployDirectory
INFO: Deployment of web application directory /home/vananh/Projects/EvoMed/TemplateManagement/apache-tomcat-7.0.62/webapps/ROOT has finished in 27 ms
Jun 1, 2015 5:26:41 PM org.apache.catalina.startup.HostConfig deployDirectory
INFO: Deploying web application directory /home/vananh/Projects/EvoMed/TemplateManagement/apache-tomcat-7.0.62/webapps/host-manager
Jun 1, 2015 5:26:41 PM org.apache.catalina.startup.HostConfig deployDirectory
INFO: Deployment of web application directory /home/vananh/Projects/EvoMed/TemplateManagement/apache-tomcat-7.0.62/webapps/host-manager has finished in 33 ms
Jun 1, 2015 5:26:41 PM org.apache.catalina.startup.HostConfig deployDirectory
INFO: Deploying web application directory /home/vananh/Projects/EvoMed/TemplateManagement/apache-tomcat-7.0.62/webapps/docs
Jun 1, 2015 5:26:41 PM org.apache.catalina.startup.HostConfig deployDirectory
INFO: Deployment of web application directory /home/vananh/Projects/EvoMed/TemplateManagement/apache-tomcat-7.0.62/webapps/docs has finished in 25 ms
Jun 1, 2015 5:26:41 PM org.apache.catalina.startup.HostConfig deployDirectory
INFO: Deploying web application directory /home/vananh/Projects/EvoMed/TemplateManagement/apache-tomcat-7.0.62/webapps/examples
Jun 1, 2015 5:26:41 PM org.apache.catalina.startup.HostConfig deployDirectory
INFO: Deployment of web application directory /home/vananh/Projects/EvoMed/TemplateManagement/apache-tomcat-7.0.62/webapps/examples has finished in 101 ms
Jun 1, 2015 5:26:41 PM org.apache.catalina.startup.HostConfig deployDirectory
INFO: Deploying web application directory /home/vananh/Projects/EvoMed/TemplateManagement/apache-tomcat-7.0.62/webapps/manager
Jun 1, 2015 5:26:41 PM org.apache.catalina.startup.HostConfig deployDirectory
INFO: Deployment of web application directory /home/vananh/Projects/EvoMed/TemplateManagement/apache-tomcat-7.0.62/webapps/manager has finished in 32 ms
Jun 1, 2015 5:26:41 PM org.apache.coyote.AbstractProtocol start
INFO: Starting ProtocolHandler ["http-bio-8080"]
Jun 1, 2015 5:26:41 PM org.apache.coyote.AbstractProtocol start
INFO: Starting ProtocolHandler ["ajp-bio-8009"]
Jun 1, 2015 5:26:41 PM org.apache.catalina.startup.Catalina start
INFO: Server startup in 4036 ms
Jun 1, 2015 5:26:54 PM org.apache.jasper.compiler.TldLocationsCache tldScanJar
INFO: At least one JAR was scanned for TLDs yet contained no TLDs. Enable debug logging for this logger for a complete list of JARs that were scanned but no TLDs were found in them. Skipping unneeded JARs during scanning can improve startup time and JSP compilation time.
Jun 1, 2015 5:28:09 PM org.apache.coyote.AbstractProtocol pause
INFO: Pausing ProtocolHandler ["http-bio-8080"]
Jun 1, 2015 5:28:09 PM org.apache.coyote.AbstractProtocol pause
INFO: Pausing ProtocolHandler ["ajp-bio-8009"]
Jun 1, 2015 5:28:10 PM org.apache.catalina.core.StandardService stopInternal
INFO: Stopping service Catalina
Jun 1, 2015 5:28:10 PM org.apache.coyote.AbstractProtocol stop
INFO: Stopping ProtocolHandler ["http-bio-8080"]
Jun 1, 2015 5:28:10 PM org.apache.coyote.AbstractProtocol stop
INFO: Stopping ProtocolHandler ["ajp-bio-8009"]
Jun 1, 2015 5:28:10 PM org.apache.coyote.AbstractProtocol destroy
INFO: Destroying ProtocolHandler ["http-bio-8080"]
Jun 1, 2015 5:28:10 PM org.apache.coyote.AbstractProtocol destroy
INFO: Destroying ProtocolHandler ["ajp-bio-8009"]
Jun 1, 2015 5:29:04 PM org.apache.catalina.startup.VersionLoggerListener log
INFO: Server version:        Apache Tomcat/7.0.62
Jun 1, 2015 5:29:04 PM org.apache.catalina.startup.VersionLoggerListener log
INFO: Server built:          May 7 2015 17:14:55 UTC
Jun 1, 2015 5:29:04 PM org.apache.catalina.startup.VersionLoggerListener log
INFO: Server number:         7.0.62.0
Jun 1, 2015 5:29:04 PM org.apache.catalina.startup.VersionLoggerListener log
INFO: OS Name:               Linux
Jun 1, 2015 5:29:04 PM org.apache.catalina.startup.VersionLoggerListener log
INFO: OS Version:            3.17.7-300.fc21.x86_64
Jun 1, 2015 5:29:04 PM org.apache.catalina.startup.VersionLoggerListener log
INFO: Architecture:          amd64
Jun 1, 2015 5:29:04 PM org.apache.catalina.startup.VersionLoggerListener log
INFO: Java Home:             /home/vananh/Apps/jdk1.6.0_35/jre
Jun 1, 2015 5:29:04 PM org.apache.catalina.startup.VersionLoggerListener log
INFO: JVM Version:           1.6.0_35-b10
Jun 1, 2015 5:29:04 PM org.apache.catalina.startup.VersionLoggerListener log
INFO: JVM Vendor:            Sun Microsystems Inc.
Jun 1, 2015 5:29:04 PM org.apache.catalina.startup.VersionLoggerListener log
INFO: CATALINA_BASE:         /home/vananh/Projects/EvoMed/TemplateManagement/apache-tomcat-7.0.62
Jun 1, 2015 5:29:04 PM org.apache.catalina.startup.VersionLoggerListener log
INFO: CATALINA_HOME:         /home/vananh/Projects/EvoMed/TemplateManagement/apache-tomcat-7.0.62
Jun 1, 2015 5:29:04 PM org.apache.catalina.startup.VersionLoggerListener log
INFO: Command line argument: -Djava.util.logging.config.file=/home/vananh/Projects/EvoMed/TemplateManagement/apache-tomcat-7.0.62/conf/logging.properties
Jun 1, 2015 5:29:04 PM org.apache.catalina.startup.VersionLoggerListener log
INFO: Command line argument: -Djava.util.logging.manager=org.apache.juli.ClassLoaderLogManager
Jun 1, 2015 5:29:04 PM org.apache.catalina.startup.VersionLoggerListener log
INFO: Command line argument: -Djava.endorsed.dirs=/home/vananh/Projects/EvoMed/TemplateManagement/apache-tomcat-7.0.62/endorsed
Jun 1, 2015 5:29:04 PM org.apache.catalina.startup.VersionLoggerListener log
INFO: Command line argument: -Dcatalina.base=/home/vananh/Projects/EvoMed/TemplateManagement/apache-tomcat-7.0.62
Jun 1, 2015 5:29:04 PM org.apache.catalina.startup.VersionLoggerListener log
INFO: Command line argument: -Dcatalina.home=/home/vananh/Projects/EvoMed/TemplateManagement/apache-tomcat-7.0.62
Jun 1, 2015 5:29:04 PM org.apache.catalina.startup.VersionLoggerListener log
INFO: Command line argument: -Djava.io.tmpdir=/home/vananh/Projects/EvoMed/TemplateManagement/apache-tomcat-7.0.62/temp
Jun 1, 2015 5:29:04 PM org.apache.catalina.core.AprLifecycleListener lifecycleEvent
INFO: The APR based Apache Tomcat Native library which allows optimal performance in production environments was not found on the java.library.path: /home/vananh/Apps/jdk1.6.0_35/jre/lib/amd64/server:/home/vananh/Apps/jdk1.6.0_35/jre/lib/amd64:/home/vananh/Apps/jdk1.6.0_35/jre/../lib/amd64:/usr/java/packages/lib/amd64:/usr/lib64:/lib64:/lib:/usr/lib
Jun 1, 2015 5:29:04 PM org.apache.coyote.AbstractProtocol init
INFO: Initializing ProtocolHandler ["http-bio-8080"]
Jun 1, 2015 5:29:04 PM org.apache.coyote.AbstractProtocol init
INFO: Initializing ProtocolHandler ["ajp-bio-8009"]
Jun 1, 2015 5:29:04 PM org.apache.catalina.startup.Catalina load
INFO: Initialization processed in 381 ms
Jun 1, 2015 5:29:04 PM org.apache.catalina.core.StandardService startInternal
INFO: Starting service Catalina
Jun 1, 2015 5:29:04 PM org.apache.catalina.core.StandardEngine startInternal
INFO: Starting Servlet Engine: Apache Tomcat/7.0.62
Jun 1, 2015 5:29:04 PM org.apache.catalina.startup.HostConfig deployDescriptor
INFO: Deploying configuration descriptor /home/vananh/Projects/EvoMed/TemplateManagement/apache-tomcat-7.0.62/conf/Catalina/localhost/template.xml
Jun 1, 2015 5:29:04 PM org.apache.catalina.loader.WebappClassLoader validateJarFile
INFO: validateJarFile(/home/vananh/Projects/EvoMed/TemplateManagement/Workspace/TemplateWeb/webapp/WEB-INF/lib/el-api-1.0.jar) - jar not loaded. See Servlet Spec 3.0, section 10.7.2. Offending class: javax/el/Expression.class
Jun 1, 2015 5:29:04 PM org.apache.catalina.loader.WebappClassLoader validateJarFile
INFO: validateJarFile(/home/vananh/Projects/EvoMed/TemplateManagement/Workspace/TemplateWeb/webapp/WEB-INF/lib/javax.servlet-api-3.0.1.jar) - jar not loaded. See Servlet Spec 3.0, section 10.7.2. Offending class: javax/servlet/Servlet.class
Jun 1, 2015 5:29:07 PM org.apache.catalina.startup.TaglibUriRule body
INFO: TLD skipped. URI: http://tiles.apache.org/tags-tiles-extras is already defined
Jun 1, 2015 5:29:07 PM org.apache.catalina.startup.TaglibUriRule body
INFO: TLD skipped. URI: http://tiles.apache.org/tags-tiles is already defined
Jun 1, 2015 5:29:07 PM org.apache.catalina.startup.TaglibUriRule body
INFO: TLD skipped. URI: http://java.sun.com/jstl/core_rt is already defined
Jun 1, 2015 5:29:07 PM org.apache.catalina.startup.TaglibUriRule body
INFO: TLD skipped. URI: http://java.sun.com/jstl/core is already defined
Jun 1, 2015 5:29:07 PM org.apache.catalina.startup.TaglibUriRule body
INFO: TLD skipped. URI: http://java.sun.com/jsp/jstl/core is already defined
Jun 1, 2015 5:29:07 PM org.apache.catalina.startup.TaglibUriRule body
INFO: TLD skipped. URI: http://java.sun.com/jstl/fmt_rt is already defined
Jun 1, 2015 5:29:07 PM org.apache.catalina.startup.TaglibUriRule body
INFO: TLD skipped. URI: http://java.sun.com/jstl/fmt is already defined
Jun 1, 2015 5:29:07 PM org.apache.catalina.startup.TaglibUriRule body
INFO: TLD skipped. URI: http://java.sun.com/jsp/jstl/fmt is already defined
Jun 1, 2015 5:29:07 PM org.apache.catalina.startup.TaglibUriRule body
INFO: TLD skipped. URI: http://java.sun.com/jsp/jstl/functions is already defined
Jun 1, 2015 5:29:07 PM org.apache.catalina.startup.TaglibUriRule body
INFO: TLD skipped. URI: http://jakarta.apache.org/taglibs/standard/permittedTaglibs is already defined
Jun 1, 2015 5:29:07 PM org.apache.catalina.startup.TaglibUriRule body
INFO: TLD skipped. URI: http://jakarta.apache.org/taglibs/standard/scriptfree is already defined
Jun 1, 2015 5:29:07 PM org.apache.catalina.startup.TaglibUriRule body
INFO: TLD skipped. URI: http://java.sun.com/jstl/sql_rt is already defined
Jun 1, 2015 5:29:07 PM org.apache.catalina.startup.TaglibUriRule body
INFO: TLD skipped. URI: http://java.sun.com/jstl/sql is already defined
Jun 1, 2015 5:29:07 PM org.apache.catalina.startup.TaglibUriRule body
INFO: TLD skipped. URI: http://java.sun.com/jsp/jstl/sql is already defined
Jun 1, 2015 5:29:07 PM org.apache.catalina.startup.TaglibUriRule body
INFO: TLD skipped. URI: http://java.sun.com/jstl/xml_rt is already defined
Jun 1, 2015 5:29:07 PM org.apache.catalina.startup.TaglibUriRule body
INFO: TLD skipped. URI: http://java.sun.com/jstl/xml is already defined
Jun 1, 2015 5:29:07 PM org.apache.catalina.startup.TaglibUriRule body
INFO: TLD skipped. URI: http://java.sun.com/jsp/jstl/xml is already defined
Jun 1, 2015 5:29:07 PM org.apache.catalina.startup.TaglibUriRule body
INFO: TLD skipped. URI: http://www.springframework.org/tags is already defined
Jun 1, 2015 5:29:07 PM org.apache.catalina.startup.TaglibUriRule body
INFO: TLD skipped. URI: http://www.springframework.org/tags/form is already defined
Jun 1, 2015 5:29:07 PM org.apache.catalina.startup.TaglibUriRule body
INFO: TLD skipped. URI: http://tiles.apache.org/tags-tiles-extras is already defined
Jun 1, 2015 5:29:07 PM org.apache.catalina.startup.TaglibUriRule body
INFO: TLD skipped. URI: http://tiles.apache.org/tags-tiles is already defined
Jun 1, 2015 5:29:07 PM org.apache.catalina.startup.TaglibUriRule body
INFO: TLD skipped. URI: http://tiles.apache.org/tags-tiles is already defined
Jun 1, 2015 5:29:07 PM org.apache.catalina.startup.TaglibUriRule body
INFO: TLD skipped. URI: http://tiles.apache.org/tags-tiles-extras is already defined
Jun 1, 2015 5:29:07 PM org.apache.catalina.startup.TldConfig execute
INFO: At least one JAR was scanned for TLDs yet contained no TLDs. Enable debug logging for this logger for a complete list of JARs that were scanned but no TLDs were found in them. Skipping unneeded JARs during scanning can improve startup time and JSP compilation time.
Jun 1, 2015 5:29:07 PM org.apache.tomcat.websocket.server.WsSci onStartup
INFO: JSR 356 WebSocket (Java WebSocket 1.1) support is not available when running on Java 6. To suppress this message, run Tomcat on Java 7, remove the WebSocket JARs from $CATALINA_HOME/lib or add the WebSocket JARs to the tomcat.util.scan.DefaultJarScanner.jarsToSkip property in $CATALINA_BASE/conf/catalina.properties. Note that the deprecated Tomcat 7 WebSocket API will be available. 
Jun 1, 2015 5:29:08 PM org.apache.catalina.startup.HostConfig deployDescriptor
INFO: Deployment of configuration descriptor /home/vananh/Projects/EvoMed/TemplateManagement/apache-tomcat-7.0.62/conf/Catalina/localhost/template.xml has finished in 3,673 ms
Jun 1, 2015 5:29:08 PM org.apache.catalina.startup.HostConfig deployDirectory
INFO: Deploying web application directory /home/vananh/Projects/EvoMed/TemplateManagement/apache-tomcat-7.0.62/webapps/ROOT
Jun 1, 2015 5:29:08 PM org.apache.catalina.startup.HostConfig deployDirectory
INFO: Deployment of web application directory /home/vananh/Projects/EvoMed/TemplateManagement/apache-tomcat-7.0.62/webapps/ROOT has finished in 27 ms
Jun 1, 2015 5:29:08 PM org.apache.catalina.startup.HostConfig deployDirectory
INFO: Deploying web application directory /home/vananh/Projects/EvoMed/TemplateManagement/apache-tomcat-7.0.62/webapps/host-manager
Jun 1, 2015 5:29:08 PM org.apache.catalina.startup.HostConfig deployDirectory
INFO: Deployment of web application directory /home/vananh/Projects/EvoMed/TemplateManagement/apache-tomcat-7.0.62/webapps/host-manager has finished in 35 ms
Jun 1, 2015 5:29:08 PM org.apache.catalina.startup.HostConfig deployDirectory
INFO: Deploying web application directory /home/vananh/Projects/EvoMed/TemplateManagement/apache-tomcat-7.0.62/webapps/docs
Jun 1, 2015 5:29:08 PM org.apache.catalina.startup.HostConfig deployDirectory
INFO: Deployment of web application directory /home/vananh/Projects/EvoMed/TemplateManagement/apache-tomcat-7.0.62/webapps/docs has finished in 23 ms
Jun 1, 2015 5:29:08 PM org.apache.catalina.startup.HostConfig deployDirectory
INFO: Deploying web application directory /home/vananh/Projects/EvoMed/TemplateManagement/apache-tomcat-7.0.62/webapps/examples
Jun 1, 2015 5:29:08 PM org.apache.catalina.startup.HostConfig deployDirectory
INFO: Deployment of web application directory /home/vananh/Projects/EvoMed/TemplateManagement/apache-tomcat-7.0.62/webapps/examples has finished in 96 ms
Jun 1, 2015 5:29:08 PM org.apache.catalina.startup.HostConfig deployDirectory
INFO: Deploying web application directory /home/vananh/Projects/EvoMed/TemplateManagement/apache-tomcat-7.0.62/webapps/manager
Jun 1, 2015 5:29:08 PM org.apache.catalina.startup.HostConfig deployDirectory
INFO: Deployment of web application directory /home/vananh/Projects/EvoMed/TemplateManagement/apache-tomcat-7.0.62/webapps/manager has finished in 28 ms
Jun 1, 2015 5:29:08 PM org.apache.coyote.AbstractProtocol start
INFO: Starting ProtocolHandler ["http-bio-8080"]
Jun 1, 2015 5:29:08 PM org.apache.coyote.AbstractProtocol start
INFO: Starting ProtocolHandler ["ajp-bio-8009"]
Jun 1, 2015 5:29:08 PM org.apache.catalina.startup.Catalina start
INFO: Server startup in 3922 ms
Jun 1, 2015 5:29:19 PM org.apache.jasper.compiler.TldLocationsCache tldScanJar
INFO: At least one JAR was scanned for TLDs yet contained no TLDs. Enable debug logging for this logger for a complete list of JARs that were scanned but no TLDs were found in them. Skipping unneeded JARs during scanning can improve startup time and JSP compilation time.
Jun 1, 2015 5:39:35 PM org.apache.coyote.AbstractProtocol pause
INFO: Pausing ProtocolHandler ["http-bio-8080"]
Jun 1, 2015 5:39:35 PM org.apache.coyote.AbstractProtocol pause
INFO: Pausing ProtocolHandler ["ajp-bio-8009"]
Jun 1, 2015 5:39:35 PM org.apache.catalina.core.StandardService stopInternal
INFO: Stopping service Catalina
Jun 1, 2015 5:39:35 PM org.apache.coyote.AbstractProtocol stop
INFO: Stopping ProtocolHandler ["http-bio-8080"]
Jun 1, 2015 5:39:35 PM org.apache.coyote.AbstractProtocol stop
INFO: Stopping ProtocolHandler ["ajp-bio-8009"]
Jun 1, 2015 5:39:35 PM org.apache.coyote.AbstractProtocol destroy
INFO: Destroying ProtocolHandler ["http-bio-8080"]
Jun 1, 2015 5:39:35 PM org.apache.coyote.AbstractProtocol destroy
INFO: Destroying ProtocolHandler ["ajp-bio-8009"]
Jun 1, 2015 5:39:36 PM org.apache.catalina.startup.VersionLoggerListener log
INFO: Server version:        Apache Tomcat/7.0.62
Jun 1, 2015 5:39:36 PM org.apache.catalina.startup.VersionLoggerListener log
INFO: Server built:          May 7 2015 17:14:55 UTC
Jun 1, 2015 5:39:36 PM org.apache.catalina.startup.VersionLoggerListener log
INFO: Server number:         7.0.62.0
Jun 1, 2015 5:39:36 PM org.apache.catalina.startup.VersionLoggerListener log
INFO: OS Name:               Linux
Jun 1, 2015 5:39:36 PM org.apache.catalina.startup.VersionLoggerListener log
INFO: OS Version:            3.17.7-300.fc21.x86_64
Jun 1, 2015 5:39:36 PM org.apache.catalina.startup.VersionLoggerListener log
INFO: Architecture:          amd64
Jun 1, 2015 5:39:36 PM org.apache.catalina.startup.VersionLoggerListener log
INFO: Java Home:             /home/vananh/Apps/jdk1.6.0_35/jre
Jun 1, 2015 5:39:36 PM org.apache.catalina.startup.VersionLoggerListener log
INFO: JVM Version:           1.6.0_35-b10
Jun 1, 2015 5:39:36 PM org.apache.catalina.startup.VersionLoggerListener log
INFO: JVM Vendor:            Sun Microsystems Inc.
Jun 1, 2015 5:39:36 PM org.apache.catalina.startup.VersionLoggerListener log
INFO: CATALINA_BASE:         /home/vananh/Projects/EvoMed/TemplateManagement/apache-tomcat-7.0.62
Jun 1, 2015 5:39:36 PM org.apache.catalina.startup.VersionLoggerListener log
INFO: CATALINA_HOME:         /home/vananh/Projects/EvoMed/TemplateManagement/apache-tomcat-7.0.62
Jun 1, 2015 5:39:36 PM org.apache.catalina.startup.VersionLoggerListener log
INFO: Command line argument: -Djava.util.logging.config.file=/home/vananh/Projects/EvoMed/TemplateManagement/apache-tomcat-7.0.62/conf/logging.properties
Jun 1, 2015 5:39:36 PM org.apache.catalina.startup.VersionLoggerListener log
INFO: Command line argument: -Djava.util.logging.manager=org.apache.juli.ClassLoaderLogManager
Jun 1, 2015 5:39:36 PM org.apache.catalina.startup.VersionLoggerListener log
INFO: Command line argument: -Djava.endorsed.dirs=/home/vananh/Projects/EvoMed/TemplateManagement/apache-tomcat-7.0.62/endorsed
Jun 1, 2015 5:39:36 PM org.apache.catalina.startup.VersionLoggerListener log
INFO: Command line argument: -Dcatalina.base=/home/vananh/Projects/EvoMed/TemplateManagement/apache-tomcat-7.0.62
Jun 1, 2015 5:39:36 PM org.apache.catalina.startup.VersionLoggerListener log
INFO: Command line argument: -Dcatalina.home=/home/vananh/Projects/EvoMed/TemplateManagement/apache-tomcat-7.0.62
Jun 1, 2015 5:39:36 PM org.apache.catalina.startup.VersionLoggerListener log
INFO: Command line argument: -Djava.io.tmpdir=/home/vananh/Projects/EvoMed/TemplateManagement/apache-tomcat-7.0.62/temp
Jun 1, 2015 5:39:36 PM org.apache.catalina.core.AprLifecycleListener lifecycleEvent
INFO: The APR based Apache Tomcat Native library which allows optimal performance in production environments was not found on the java.library.path: /home/vananh/Apps/jdk1.6.0_35/jre/lib/amd64/server:/home/vananh/Apps/jdk1.6.0_35/jre/lib/amd64:/home/vananh/Apps/jdk1.6.0_35/jre/../lib/amd64:/usr/java/packages/lib/amd64:/usr/lib64:/lib64:/lib:/usr/lib
Jun 1, 2015 5:39:36 PM org.apache.coyote.AbstractProtocol init
INFO: Initializing ProtocolHandler ["http-bio-8080"]
Jun 1, 2015 5:39:36 PM org.apache.coyote.AbstractProtocol init
INFO: Initializing ProtocolHandler ["ajp-bio-8009"]
Jun 1, 2015 5:39:36 PM org.apache.catalina.startup.Catalina load
INFO: Initialization processed in 382 ms
Jun 1, 2015 5:39:36 PM org.apache.catalina.core.StandardService startInternal
INFO: Starting service Catalina
Jun 1, 2015 5:39:36 PM org.apache.catalina.core.StandardEngine startInternal
INFO: Starting Servlet Engine: Apache Tomcat/7.0.62
Jun 1, 2015 5:39:36 PM org.apache.catalina.startup.HostConfig deployDescriptor
INFO: Deploying configuration descriptor /home/vananh/Projects/EvoMed/TemplateManagement/apache-tomcat-7.0.62/conf/Catalina/localhost/template.xml
Jun 1, 2015 5:39:37 PM org.apache.catalina.loader.WebappClassLoader validateJarFile
INFO: validateJarFile(/home/vananh/Projects/EvoMed/TemplateManagement/Workspace/TemplateWeb/webapp/WEB-INF/lib/el-api-1.0.jar) - jar not loaded. See Servlet Spec 3.0, section 10.7.2. Offending class: javax/el/Expression.class
Jun 1, 2015 5:39:37 PM org.apache.catalina.loader.WebappClassLoader validateJarFile
INFO: validateJarFile(/home/vananh/Projects/EvoMed/TemplateManagement/Workspace/TemplateWeb/webapp/WEB-INF/lib/javax.servlet-api-3.0.1.jar) - jar not loaded. See Servlet Spec 3.0, section 10.7.2. Offending class: javax/servlet/Servlet.class
Jun 1, 2015 5:39:40 PM org.apache.catalina.startup.TaglibUriRule body
INFO: TLD skipped. URI: http://tiles.apache.org/tags-tiles-extras is already defined
Jun 1, 2015 5:39:40 PM org.apache.catalina.startup.TaglibUriRule body
INFO: TLD skipped. URI: http://tiles.apache.org/tags-tiles is already defined
Jun 1, 2015 5:39:40 PM org.apache.catalina.startup.TaglibUriRule body
INFO: TLD skipped. URI: http://java.sun.com/jstl/core_rt is already defined
Jun 1, 2015 5:39:40 PM org.apache.catalina.startup.TaglibUriRule body
INFO: TLD skipped. URI: http://java.sun.com/jstl/core is already defined
Jun 1, 2015 5:39:40 PM org.apache.catalina.startup.TaglibUriRule body
INFO: TLD skipped. URI: http://java.sun.com/jsp/jstl/core is already defined
Jun 1, 2015 5:39:40 PM org.apache.catalina.startup.TaglibUriRule body
INFO: TLD skipped. URI: http://java.sun.com/jstl/fmt_rt is already defined
Jun 1, 2015 5:39:40 PM org.apache.catalina.startup.TaglibUriRule body
INFO: TLD skipped. URI: http://java.sun.com/jstl/fmt is already defined
Jun 1, 2015 5:39:40 PM org.apache.catalina.startup.TaglibUriRule body
INFO: TLD skipped. URI: http://java.sun.com/jsp/jstl/fmt is already defined
Jun 1, 2015 5:39:40 PM org.apache.catalina.startup.TaglibUriRule body
INFO: TLD skipped. URI: http://java.sun.com/jsp/jstl/functions is already defined
Jun 1, 2015 5:39:40 PM org.apache.catalina.startup.TaglibUriRule body
INFO: TLD skipped. URI: http://jakarta.apache.org/taglibs/standard/permittedTaglibs is already defined
Jun 1, 2015 5:39:40 PM org.apache.catalina.startup.TaglibUriRule body
INFO: TLD skipped. URI: http://jakarta.apache.org/taglibs/standard/scriptfree is already defined
Jun 1, 2015 5:39:40 PM org.apache.catalina.startup.TaglibUriRule body
INFO: TLD skipped. URI: http://java.sun.com/jstl/sql_rt is already defined
Jun 1, 2015 5:39:40 PM org.apache.catalina.startup.TaglibUriRule body
INFO: TLD skipped. URI: http://java.sun.com/jstl/sql is already defined
Jun 1, 2015 5:39:40 PM org.apache.catalina.startup.TaglibUriRule body
INFO: TLD skipped. URI: http://java.sun.com/jsp/jstl/sql is already defined
Jun 1, 2015 5:39:40 PM org.apache.catalina.startup.TaglibUriRule body
INFO: TLD skipped. URI: http://java.sun.com/jstl/xml_rt is already defined
Jun 1, 2015 5:39:40 PM org.apache.catalina.startup.TaglibUriRule body
INFO: TLD skipped. URI: http://java.sun.com/jstl/xml is already defined
Jun 1, 2015 5:39:40 PM org.apache.catalina.startup.TaglibUriRule body
INFO: TLD skipped. URI: http://java.sun.com/jsp/jstl/xml is already defined
Jun 1, 2015 5:39:40 PM org.apache.catalina.startup.TaglibUriRule body
INFO: TLD skipped. URI: http://www.springframework.org/tags is already defined
Jun 1, 2015 5:39:40 PM org.apache.catalina.startup.TaglibUriRule body
INFO: TLD skipped. URI: http://www.springframework.org/tags/form is already defined
Jun 1, 2015 5:39:40 PM org.apache.catalina.startup.TaglibUriRule body
INFO: TLD skipped. URI: http://tiles.apache.org/tags-tiles-extras is already defined
Jun 1, 2015 5:39:40 PM org.apache.catalina.startup.TaglibUriRule body
INFO: TLD skipped. URI: http://tiles.apache.org/tags-tiles is already defined
Jun 1, 2015 5:39:40 PM org.apache.catalina.startup.TaglibUriRule body
INFO: TLD skipped. URI: http://tiles.apache.org/tags-tiles is already defined
Jun 1, 2015 5:39:40 PM org.apache.catalina.startup.TaglibUriRule body
INFO: TLD skipped. URI: http://tiles.apache.org/tags-tiles-extras is already defined
Jun 1, 2015 5:39:40 PM org.apache.catalina.startup.TldConfig execute
INFO: At least one JAR was scanned for TLDs yet contained no TLDs. Enable debug logging for this logger for a complete list of JARs that were scanned but no TLDs were found in them. Skipping unneeded JARs during scanning can improve startup time and JSP compilation time.
Jun 1, 2015 5:39:40 PM org.apache.tomcat.websocket.server.WsSci onStartup
INFO: JSR 356 WebSocket (Java WebSocket 1.1) support is not available when running on Java 6. To suppress this message, run Tomcat on Java 7, remove the WebSocket JARs from $CATALINA_HOME/lib or add the WebSocket JARs to the tomcat.util.scan.DefaultJarScanner.jarsToSkip property in $CATALINA_BASE/conf/catalina.properties. Note that the deprecated Tomcat 7 WebSocket API will be available. 
Jun 1, 2015 5:39:40 PM org.apache.catalina.startup.HostConfig deployDescriptor
INFO: Deployment of configuration descriptor /home/vananh/Projects/EvoMed/TemplateManagement/apache-tomcat-7.0.62/conf/Catalina/localhost/template.xml has finished in 3,999 ms
Jun 1, 2015 5:39:40 PM org.apache.catalina.startup.HostConfig deployDirectory
INFO: Deploying web application directory /home/vananh/Projects/EvoMed/TemplateManagement/apache-tomcat-7.0.62/webapps/ROOT
Jun 1, 2015 5:39:40 PM org.apache.catalina.startup.HostConfig deployDirectory
INFO: Deployment of web application directory /home/vananh/Projects/EvoMed/TemplateManagement/apache-tomcat-7.0.62/webapps/ROOT has finished in 28 ms
Jun 1, 2015 5:39:40 PM org.apache.catalina.startup.HostConfig deployDirectory
INFO: Deploying web application directory /home/vananh/Projects/EvoMed/TemplateManagement/apache-tomcat-7.0.62/webapps/host-manager
Jun 1, 2015 5:39:40 PM org.apache.catalina.startup.HostConfig deployDirectory
INFO: Deployment of web application directory /home/vananh/Projects/EvoMed/TemplateManagement/apache-tomcat-7.0.62/webapps/host-manager has finished in 35 ms
Jun 1, 2015 5:39:40 PM org.apache.catalina.startup.HostConfig deployDirectory
INFO: Deploying web application directory /home/vananh/Projects/EvoMed/TemplateManagement/apache-tomcat-7.0.62/webapps/docs
Jun 1, 2015 5:39:40 PM org.apache.catalina.startup.HostConfig deployDirectory
INFO: Deployment of web application directory /home/vananh/Projects/EvoMed/TemplateManagement/apache-tomcat-7.0.62/webapps/docs has finished in 25 ms
Jun 1, 2015 5:39:40 PM org.apache.catalina.startup.HostConfig deployDirectory
INFO: Deploying web application directory /home/vananh/Projects/EvoMed/TemplateManagement/apache-tomcat-7.0.62/webapps/examples
Jun 1, 2015 5:39:41 PM org.apache.catalina.startup.HostConfig deployDirectory
INFO: Deployment of web application directory /home/vananh/Projects/EvoMed/TemplateManagement/apache-tomcat-7.0.62/webapps/examples has finished in 100 ms
Jun 1, 2015 5:39:41 PM org.apache.catalina.startup.HostConfig deployDirectory
INFO: Deploying web application directory /home/vananh/Projects/EvoMed/TemplateManagement/apache-tomcat-7.0.62/webapps/manager
Jun 1, 2015 5:39:41 PM org.apache.catalina.startup.HostConfig deployDirectory
INFO: Deployment of web application directory /home/vananh/Projects/EvoMed/TemplateManagement/apache-tomcat-7.0.62/webapps/manager has finished in 31 ms
Jun 1, 2015 5:39:41 PM org.apache.coyote.AbstractProtocol start
INFO: Starting ProtocolHandler ["http-bio-8080"]
Jun 1, 2015 5:39:41 PM org.apache.coyote.AbstractProtocol start
INFO: Starting ProtocolHandler ["ajp-bio-8009"]
Jun 1, 2015 5:39:41 PM org.apache.catalina.startup.Catalina start
INFO: Server startup in 4247 ms
Jun 1, 2015 5:39:44 PM org.apache.jasper.compiler.TldLocationsCache tldScanJar
INFO: At least one JAR was scanned for TLDs yet contained no TLDs. Enable debug logging for this logger for a complete list of JARs that were scanned but no TLDs were found in them. Skipping unneeded JARs during scanning can improve startup time and JSP compilation time.
Jun 1, 2015 6:20:00 PM org.apache.coyote.AbstractProtocol pause
INFO: Pausing ProtocolHandler ["http-bio-8080"]
Jun 1, 2015 6:20:00 PM org.apache.coyote.AbstractProtocol pause
INFO: Pausing ProtocolHandler ["ajp-bio-8009"]
Jun 1, 2015 6:20:00 PM org.apache.catalina.core.StandardService stopInternal
INFO: Stopping service Catalina
Jun 1, 2015 6:20:00 PM org.apache.coyote.AbstractProtocol stop
INFO: Stopping ProtocolHandler ["http-bio-8080"]
Jun 1, 2015 6:20:00 PM org.apache.coyote.AbstractProtocol stop
INFO: Stopping ProtocolHandler ["ajp-bio-8009"]
Jun 1, 2015 6:20:00 PM org.apache.coyote.AbstractProtocol destroy
INFO: Destroying ProtocolHandler ["http-bio-8080"]
Jun 1, 2015 6:20:00 PM org.apache.coyote.AbstractProtocol destroy
INFO: Destroying ProtocolHandler ["ajp-bio-8009"]
