May 28, 2015 5:21:11 PM org.apache.catalina.startup.VersionLoggerListener log
INFO: Server version:        Apache Tomcat/7.0.62
May 28, 2015 5:21:11 PM org.apache.catalina.startup.VersionLoggerListener log
INFO: Server built:          May 7 2015 17:14:55 UTC
May 28, 2015 5:21:11 PM org.apache.catalina.startup.VersionLoggerListener log
INFO: Server number:         7.0.62.0
May 28, 2015 5:21:11 PM org.apache.catalina.startup.VersionLoggerListener log
INFO: OS Name:               Linux
May 28, 2015 5:21:11 PM org.apache.catalina.startup.VersionLoggerListener log
INFO: OS Version:            3.17.7-300.fc21.x86_64
May 28, 2015 5:21:11 PM org.apache.catalina.startup.VersionLoggerListener log
INFO: Architecture:          amd64
May 28, 2015 5:21:11 PM org.apache.catalina.startup.VersionLoggerListener log
INFO: Java Home:             /home/vananh/Apps/jdk1.6.0_35/jre
May 28, 2015 5:21:11 PM org.apache.catalina.startup.VersionLoggerListener log
INFO: JVM Version:           1.6.0_35-b10
May 28, 2015 5:21:11 PM org.apache.catalina.startup.VersionLoggerListener log
INFO: JVM Vendor:            Sun Microsystems Inc.
May 28, 2015 5:21:11 PM org.apache.catalina.startup.VersionLoggerListener log
INFO: CATALINA_BASE:         /home/vananh/Projects/EvoMed/TemplateManagement/apache-tomcat-7.0.62
May 28, 2015 5:21:11 PM org.apache.catalina.startup.VersionLoggerListener log
INFO: CATALINA_HOME:         /home/vananh/Projects/EvoMed/TemplateManagement/apache-tomcat-7.0.62
May 28, 2015 5:21:11 PM org.apache.catalina.startup.VersionLoggerListener log
INFO: Command line argument: -Djava.util.logging.config.file=/home/vananh/Projects/EvoMed/TemplateManagement/apache-tomcat-7.0.62/conf/logging.properties
May 28, 2015 5:21:11 PM org.apache.catalina.startup.VersionLoggerListener log
INFO: Command line argument: -Djava.util.logging.manager=org.apache.juli.ClassLoaderLogManager
May 28, 2015 5:21:11 PM org.apache.catalina.startup.VersionLoggerListener log
INFO: Command line argument: -Djava.endorsed.dirs=/home/vananh/Projects/EvoMed/TemplateManagement/apache-tomcat-7.0.62/endorsed
May 28, 2015 5:21:11 PM org.apache.catalina.startup.VersionLoggerListener log
INFO: Command line argument: -Dcatalina.base=/home/vananh/Projects/EvoMed/TemplateManagement/apache-tomcat-7.0.62
May 28, 2015 5:21:11 PM org.apache.catalina.startup.VersionLoggerListener log
INFO: Command line argument: -Dcatalina.home=/home/vananh/Projects/EvoMed/TemplateManagement/apache-tomcat-7.0.62
May 28, 2015 5:21:11 PM org.apache.catalina.startup.VersionLoggerListener log
INFO: Command line argument: -Djava.io.tmpdir=/home/vananh/Projects/EvoMed/TemplateManagement/apache-tomcat-7.0.62/temp
May 28, 2015 5:21:11 PM org.apache.catalina.core.AprLifecycleListener lifecycleEvent
INFO: The APR based Apache Tomcat Native library which allows optimal performance in production environments was not found on the java.library.path: /home/vananh/Apps/jdk1.6.0_35/jre/lib/amd64/server:/home/vananh/Apps/jdk1.6.0_35/jre/lib/amd64:/home/vananh/Apps/jdk1.6.0_35/jre/../lib/amd64:/usr/java/packages/lib/amd64:/usr/lib64:/lib64:/lib:/usr/lib
May 28, 2015 5:21:11 PM org.apache.coyote.AbstractProtocol init
INFO: Initializing ProtocolHandler ["http-bio-8080"]
May 28, 2015 5:21:11 PM org.apache.coyote.AbstractProtocol init
INFO: Initializing ProtocolHandler ["ajp-bio-8009"]
May 28, 2015 5:21:11 PM org.apache.catalina.startup.Catalina load
INFO: Initialization processed in 1179 ms
May 28, 2015 5:21:12 PM org.apache.catalina.core.StandardService startInternal
INFO: Starting service Catalina
May 28, 2015 5:21:12 PM org.apache.catalina.core.StandardEngine startInternal
INFO: Starting Servlet Engine: Apache Tomcat/7.0.62
May 28, 2015 5:21:12 PM org.apache.catalina.startup.HostConfig deployDirectory
INFO: Deploying web application directory /home/vananh/Projects/EvoMed/TemplateManagement/apache-tomcat-7.0.62/webapps/ROOT
May 28, 2015 5:21:12 PM org.apache.tomcat.websocket.server.WsSci onStartup
INFO: JSR 356 WebSocket (Java WebSocket 1.1) support is not available when running on Java 6. To suppress this message, run Tomcat on Java 7, remove the WebSocket JARs from $CATALINA_HOME/lib or add the WebSocket JARs to the tomcat.util.scan.DefaultJarScanner.jarsToSkip property in $CATALINA_BASE/conf/catalina.properties. Note that the deprecated Tomcat 7 WebSocket API will be available. 
May 28, 2015 5:21:12 PM org.apache.catalina.startup.HostConfig deployDirectory
INFO: Deployment of web application directory /home/vananh/Projects/EvoMed/TemplateManagement/apache-tomcat-7.0.62/webapps/ROOT has finished in 412 ms
May 28, 2015 5:21:12 PM org.apache.catalina.startup.HostConfig deployDirectory
INFO: Deploying web application directory /home/vananh/Projects/EvoMed/TemplateManagement/apache-tomcat-7.0.62/webapps/host-manager
May 28, 2015 5:21:12 PM org.apache.catalina.startup.HostConfig deployDirectory
INFO: Deployment of web application directory /home/vananh/Projects/EvoMed/TemplateManagement/apache-tomcat-7.0.62/webapps/host-manager has finished in 49 ms
May 28, 2015 5:21:12 PM org.apache.catalina.startup.HostConfig deployDirectory
INFO: Deploying web application directory /home/vananh/Projects/EvoMed/TemplateManagement/apache-tomcat-7.0.62/webapps/docs
May 28, 2015 5:21:12 PM org.apache.catalina.startup.HostConfig deployDirectory
INFO: Deployment of web application directory /home/vananh/Projects/EvoMed/TemplateManagement/apache-tomcat-7.0.62/webapps/docs has finished in 33 ms
May 28, 2015 5:21:12 PM org.apache.catalina.startup.HostConfig deployDirectory
INFO: Deploying web application directory /home/vananh/Projects/EvoMed/TemplateManagement/apache-tomcat-7.0.62/webapps/examples
May 28, 2015 5:21:12 PM org.apache.catalina.startup.HostConfig deployDirectory
INFO: Deployment of web application directory /home/vananh/Projects/EvoMed/TemplateManagement/apache-tomcat-7.0.62/webapps/examples has finished in 178 ms
May 28, 2015 5:21:12 PM org.apache.catalina.startup.HostConfig deployDirectory
INFO: Deploying web application directory /home/vananh/Projects/EvoMed/TemplateManagement/apache-tomcat-7.0.62/webapps/manager
May 28, 2015 5:21:12 PM org.apache.catalina.startup.HostConfig deployDirectory
INFO: Deployment of web application directory /home/vananh/Projects/EvoMed/TemplateManagement/apache-tomcat-7.0.62/webapps/manager has finished in 38 ms
May 28, 2015 5:21:12 PM org.apache.coyote.AbstractProtocol start
INFO: Starting ProtocolHandler ["http-bio-8080"]
May 28, 2015 5:21:12 PM org.apache.coyote.AbstractProtocol start
INFO: Starting ProtocolHandler ["ajp-bio-8009"]
May 28, 2015 5:21:12 PM org.apache.catalina.startup.Catalina start
INFO: Server startup in 805 ms
May 28, 2015 5:22:42 PM org.apache.catalina.startup.HostConfig deployDescriptor
INFO: Deploying configuration descriptor /home/vananh/Projects/EvoMed/TemplateManagement/apache-tomcat-7.0.62/conf/Catalina/localhost/template.xml
May 28, 2015 5:22:43 PM org.apache.catalina.core.ContainerBase addChildInternal
SEVERE: ContainerBase.addChild: start: 
org.apache.catalina.LifecycleException: Failed to start component [StandardEngine[Catalina].StandardHost[localhost].StandardContext[/template]]
	at org.apache.catalina.util.LifecycleBase.start(LifecycleBase.java:154)
	at org.apache.catalina.core.ContainerBase.addChildInternal(ContainerBase.java:901)
	at org.apache.catalina.core.ContainerBase.addChild(ContainerBase.java:877)
	at org.apache.catalina.core.StandardHost.addChild(StandardHost.java:652)
	at org.apache.catalina.startup.HostConfig.deployDescriptor(HostConfig.java:677)
	at org.apache.catalina.startup.HostConfig$DeployDescriptor.run(HostConfig.java:1912)
	at java.util.concurrent.Executors$RunnableAdapter.call(Executors.java:441)
	at java.util.concurrent.FutureTask$Sync.innerRun(FutureTask.java:303)
	at java.util.concurrent.FutureTask.run(FutureTask.java:138)
	at java.util.concurrent.ThreadPoolExecutor$Worker.runTask(ThreadPoolExecutor.java:886)
	at java.util.concurrent.ThreadPoolExecutor$Worker.run(ThreadPoolExecutor.java:908)
	at java.lang.Thread.run(Thread.java:662)
Caused by: java.lang.NoClassDefFoundError: Lorg/apache/commons/logging/Log;
	at java.lang.Class.getDeclaredFields0(Native Method)
	at java.lang.Class.privateGetDeclaredFields(Class.java:2291)
	at java.lang.Class.getDeclaredFields(Class.java:1743)
	at org.apache.catalina.util.Introspection.getDeclaredFields(Introspection.java:106)
	at org.apache.catalina.startup.WebAnnotationSet.loadFieldsAnnotation(WebAnnotationSet.java:270)
	at org.apache.catalina.startup.WebAnnotationSet.loadApplicationServletAnnotations(WebAnnotationSet.java:139)
	at org.apache.catalina.startup.WebAnnotationSet.loadApplicationAnnotations(WebAnnotationSet.java:65)
	at org.apache.catalina.startup.ContextConfig.applicationAnnotationsConfig(ContextConfig.java:415)
	at org.apache.catalina.startup.ContextConfig.configureStart(ContextConfig.java:892)
	at org.apache.catalina.startup.ContextConfig.lifecycleEvent(ContextConfig.java:386)
	at org.apache.catalina.util.LifecycleSupport.fireLifecycleEvent(LifecycleSupport.java:117)
	at org.apache.catalina.util.LifecycleBase.fireLifecycleEvent(LifecycleBase.java:90)
	at org.apache.catalina.core.StandardContext.startInternal(StandardContext.java:5416)
	at org.apache.catalina.util.LifecycleBase.start(LifecycleBase.java:150)
	... 11 more
Caused by: java.lang.ClassNotFoundException: org.apache.commons.logging.Log
	at org.apache.catalina.loader.WebappClassLoader.loadClass(WebappClassLoader.java:1720)
	at org.apache.catalina.loader.WebappClassLoader.loadClass(WebappClassLoader.java:1571)
	... 25 more
May 28, 2015 5:22:43 PM org.apache.catalina.startup.HostConfig deployDescriptor
SEVERE: Error deploying configuration descriptor /home/vananh/Projects/EvoMed/TemplateManagement/apache-tomcat-7.0.62/conf/Catalina/localhost/template.xml
java.lang.IllegalStateException: ContainerBase.addChild: start: org.apache.catalina.LifecycleException: Failed to start component [StandardEngine[Catalina].StandardHost[localhost].StandardContext[/template]]
	at org.apache.catalina.core.ContainerBase.addChildInternal(ContainerBase.java:904)
	at org.apache.catalina.core.ContainerBase.addChild(ContainerBase.java:877)
	at org.apache.catalina.core.StandardHost.addChild(StandardHost.java:652)
	at org.apache.catalina.startup.HostConfig.deployDescriptor(HostConfig.java:677)
	at org.apache.catalina.startup.HostConfig$DeployDescriptor.run(HostConfig.java:1912)
	at java.util.concurrent.Executors$RunnableAdapter.call(Executors.java:441)
	at java.util.concurrent.FutureTask$Sync.innerRun(FutureTask.java:303)
	at java.util.concurrent.FutureTask.run(FutureTask.java:138)
	at java.util.concurrent.ThreadPoolExecutor$Worker.runTask(ThreadPoolExecutor.java:886)
	at java.util.concurrent.ThreadPoolExecutor$Worker.run(ThreadPoolExecutor.java:908)
	at java.lang.Thread.run(Thread.java:662)
May 28, 2015 5:22:43 PM org.apache.catalina.startup.HostConfig deployDescriptor
INFO: Deployment of configuration descriptor /home/vananh/Projects/EvoMed/TemplateManagement/apache-tomcat-7.0.62/conf/Catalina/localhost/template.xml has finished in 795 ms
May 28, 2015 5:22:58 PM org.apache.catalina.core.StandardServer await
INFO: A valid shutdown command was received via the shutdown port. Stopping the Server instance.
May 28, 2015 5:22:58 PM org.apache.coyote.AbstractProtocol pause
INFO: Pausing ProtocolHandler ["http-bio-8080"]
May 28, 2015 5:22:58 PM org.apache.coyote.AbstractProtocol pause
INFO: Pausing ProtocolHandler ["ajp-bio-8009"]
May 28, 2015 5:22:58 PM org.apache.catalina.core.StandardService stopInternal
INFO: Stopping service Catalina
May 28, 2015 5:22:58 PM org.apache.coyote.AbstractProtocol stop
INFO: Stopping ProtocolHandler ["http-bio-8080"]
May 28, 2015 5:22:58 PM org.apache.coyote.AbstractProtocol stop
INFO: Stopping ProtocolHandler ["ajp-bio-8009"]
May 28, 2015 5:22:58 PM org.apache.coyote.AbstractProtocol destroy
INFO: Destroying ProtocolHandler ["http-bio-8080"]
May 28, 2015 5:22:58 PM org.apache.coyote.AbstractProtocol destroy
INFO: Destroying ProtocolHandler ["ajp-bio-8009"]
May 28, 2015 5:23:02 PM org.apache.catalina.startup.VersionLoggerListener log
INFO: Server version:        Apache Tomcat/7.0.62
May 28, 2015 5:23:02 PM org.apache.catalina.startup.VersionLoggerListener log
INFO: Server built:          May 7 2015 17:14:55 UTC
May 28, 2015 5:23:02 PM org.apache.catalina.startup.VersionLoggerListener log
INFO: Server number:         7.0.62.0
May 28, 2015 5:23:02 PM org.apache.catalina.startup.VersionLoggerListener log
INFO: OS Name:               Linux
May 28, 2015 5:23:02 PM org.apache.catalina.startup.VersionLoggerListener log
INFO: OS Version:            3.17.7-300.fc21.x86_64
May 28, 2015 5:23:02 PM org.apache.catalina.startup.VersionLoggerListener log
INFO: Architecture:          amd64
May 28, 2015 5:23:02 PM org.apache.catalina.startup.VersionLoggerListener log
INFO: Java Home:             /home/vananh/Apps/jdk1.6.0_35/jre
May 28, 2015 5:23:02 PM org.apache.catalina.startup.VersionLoggerListener log
INFO: JVM Version:           1.6.0_35-b10
May 28, 2015 5:23:02 PM org.apache.catalina.startup.VersionLoggerListener log
INFO: JVM Vendor:            Sun Microsystems Inc.
May 28, 2015 5:23:02 PM org.apache.catalina.startup.VersionLoggerListener log
INFO: CATALINA_BASE:         /home/vananh/Projects/EvoMed/TemplateManagement/apache-tomcat-7.0.62
May 28, 2015 5:23:02 PM org.apache.catalina.startup.VersionLoggerListener log
INFO: CATALINA_HOME:         /home/vananh/Projects/EvoMed/TemplateManagement/apache-tomcat-7.0.62
May 28, 2015 5:23:02 PM org.apache.catalina.startup.VersionLoggerListener log
INFO: Command line argument: -Djava.util.logging.config.file=/home/vananh/Projects/EvoMed/TemplateManagement/apache-tomcat-7.0.62/conf/logging.properties
May 28, 2015 5:23:02 PM org.apache.catalina.startup.VersionLoggerListener log
INFO: Command line argument: -Djava.util.logging.manager=org.apache.juli.ClassLoaderLogManager
May 28, 2015 5:23:02 PM org.apache.catalina.startup.VersionLoggerListener log
INFO: Command line argument: -Djava.endorsed.dirs=/home/vananh/Projects/EvoMed/TemplateManagement/apache-tomcat-7.0.62/endorsed
May 28, 2015 5:23:02 PM org.apache.catalina.startup.VersionLoggerListener log
INFO: Command line argument: -Dcatalina.base=/home/vananh/Projects/EvoMed/TemplateManagement/apache-tomcat-7.0.62
May 28, 2015 5:23:02 PM org.apache.catalina.startup.VersionLoggerListener log
INFO: Command line argument: -Dcatalina.home=/home/vananh/Projects/EvoMed/TemplateManagement/apache-tomcat-7.0.62
May 28, 2015 5:23:02 PM org.apache.catalina.startup.VersionLoggerListener log
INFO: Command line argument: -Djava.io.tmpdir=/home/vananh/Projects/EvoMed/TemplateManagement/apache-tomcat-7.0.62/temp
May 28, 2015 5:23:02 PM org.apache.catalina.core.AprLifecycleListener lifecycleEvent
INFO: The APR based Apache Tomcat Native library which allows optimal performance in production environments was not found on the java.library.path: /home/vananh/Apps/jdk1.6.0_35/jre/lib/amd64/server:/home/vananh/Apps/jdk1.6.0_35/jre/lib/amd64:/home/vananh/Apps/jdk1.6.0_35/jre/../lib/amd64:/usr/java/packages/lib/amd64:/usr/lib64:/lib64:/lib:/usr/lib
May 28, 2015 5:23:02 PM org.apache.coyote.AbstractProtocol init
INFO: Initializing ProtocolHandler ["http-bio-8080"]
May 28, 2015 5:23:02 PM org.apache.coyote.AbstractProtocol init
INFO: Initializing ProtocolHandler ["ajp-bio-8009"]
May 28, 2015 5:23:02 PM org.apache.catalina.startup.Catalina load
INFO: Initialization processed in 380 ms
May 28, 2015 5:23:02 PM org.apache.catalina.core.StandardService startInternal
INFO: Starting service Catalina
May 28, 2015 5:23:02 PM org.apache.catalina.core.StandardEngine startInternal
INFO: Starting Servlet Engine: Apache Tomcat/7.0.62
May 28, 2015 5:23:02 PM org.apache.catalina.startup.HostConfig deployDescriptor
INFO: Deploying configuration descriptor /home/vananh/Projects/EvoMed/TemplateManagement/apache-tomcat-7.0.62/conf/Catalina/localhost/template.xml
May 28, 2015 5:23:03 PM org.apache.catalina.core.ContainerBase addChildInternal
SEVERE: ContainerBase.addChild: start: 
org.apache.catalina.LifecycleException: Failed to start component [StandardEngine[Catalina].StandardHost[localhost].StandardContext[/template]]
	at org.apache.catalina.util.LifecycleBase.start(LifecycleBase.java:154)
	at org.apache.catalina.core.ContainerBase.addChildInternal(ContainerBase.java:901)
	at org.apache.catalina.core.ContainerBase.addChild(ContainerBase.java:877)
	at org.apache.catalina.core.StandardHost.addChild(StandardHost.java:652)
	at org.apache.catalina.startup.HostConfig.deployDescriptor(HostConfig.java:677)
	at org.apache.catalina.startup.HostConfig$DeployDescriptor.run(HostConfig.java:1912)
	at java.util.concurrent.Executors$RunnableAdapter.call(Executors.java:441)
	at java.util.concurrent.FutureTask$Sync.innerRun(FutureTask.java:303)
	at java.util.concurrent.FutureTask.run(FutureTask.java:138)
	at java.util.concurrent.ThreadPoolExecutor$Worker.runTask(ThreadPoolExecutor.java:886)
	at java.util.concurrent.ThreadPoolExecutor$Worker.run(ThreadPoolExecutor.java:908)
	at java.lang.Thread.run(Thread.java:662)
Caused by: java.lang.NoClassDefFoundError: Lorg/apache/commons/logging/Log;
	at java.lang.Class.getDeclaredFields0(Native Method)
	at java.lang.Class.privateGetDeclaredFields(Class.java:2291)
	at java.lang.Class.getDeclaredFields(Class.java:1743)
	at org.apache.catalina.util.Introspection.getDeclaredFields(Introspection.java:106)
	at org.apache.catalina.startup.WebAnnotationSet.loadFieldsAnnotation(WebAnnotationSet.java:270)
	at org.apache.catalina.startup.WebAnnotationSet.loadApplicationServletAnnotations(WebAnnotationSet.java:139)
	at org.apache.catalina.startup.WebAnnotationSet.loadApplicationAnnotations(WebAnnotationSet.java:65)
	at org.apache.catalina.startup.ContextConfig.applicationAnnotationsConfig(ContextConfig.java:415)
	at org.apache.catalina.startup.ContextConfig.configureStart(ContextConfig.java:892)
	at org.apache.catalina.startup.ContextConfig.lifecycleEvent(ContextConfig.java:386)
	at org.apache.catalina.util.LifecycleSupport.fireLifecycleEvent(LifecycleSupport.java:117)
	at org.apache.catalina.util.LifecycleBase.fireLifecycleEvent(LifecycleBase.java:90)
	at org.apache.catalina.core.StandardContext.startInternal(StandardContext.java:5416)
	at org.apache.catalina.util.LifecycleBase.start(LifecycleBase.java:150)
	... 11 more
Caused by: java.lang.ClassNotFoundException: org.apache.commons.logging.Log
	at org.apache.catalina.loader.WebappClassLoader.loadClass(WebappClassLoader.java:1720)
	at org.apache.catalina.loader.WebappClassLoader.loadClass(WebappClassLoader.java:1571)
	... 25 more
May 28, 2015 5:23:03 PM org.apache.catalina.startup.HostConfig deployDescriptor
SEVERE: Error deploying configuration descriptor /home/vananh/Projects/EvoMed/TemplateManagement/apache-tomcat-7.0.62/conf/Catalina/localhost/template.xml
java.lang.IllegalStateException: ContainerBase.addChild: start: org.apache.catalina.LifecycleException: Failed to start component [StandardEngine[Catalina].StandardHost[localhost].StandardContext[/template]]
	at org.apache.catalina.core.ContainerBase.addChildInternal(ContainerBase.java:904)
	at org.apache.catalina.core.ContainerBase.addChild(ContainerBase.java:877)
	at org.apache.catalina.core.StandardHost.addChild(StandardHost.java:652)
	at org.apache.catalina.startup.HostConfig.deployDescriptor(HostConfig.java:677)
	at org.apache.catalina.startup.HostConfig$DeployDescriptor.run(HostConfig.java:1912)
	at java.util.concurrent.Executors$RunnableAdapter.call(Executors.java:441)
	at java.util.concurrent.FutureTask$Sync.innerRun(FutureTask.java:303)
	at java.util.concurrent.FutureTask.run(FutureTask.java:138)
	at java.util.concurrent.ThreadPoolExecutor$Worker.runTask(ThreadPoolExecutor.java:886)
	at java.util.concurrent.ThreadPoolExecutor$Worker.run(ThreadPoolExecutor.java:908)
	at java.lang.Thread.run(Thread.java:662)
May 28, 2015 5:23:03 PM org.apache.catalina.startup.HostConfig deployDescriptor
INFO: Deployment of configuration descriptor /home/vananh/Projects/EvoMed/TemplateManagement/apache-tomcat-7.0.62/conf/Catalina/localhost/template.xml has finished in 730 ms
May 28, 2015 5:23:03 PM org.apache.catalina.startup.HostConfig deployDirectory
INFO: Deploying web application directory /home/vananh/Projects/EvoMed/TemplateManagement/apache-tomcat-7.0.62/webapps/ROOT
May 28, 2015 5:23:03 PM org.apache.tomcat.websocket.server.WsSci onStartup
INFO: JSR 356 WebSocket (Java WebSocket 1.1) support is not available when running on Java 6. To suppress this message, run Tomcat on Java 7, remove the WebSocket JARs from $CATALINA_HOME/lib or add the WebSocket JARs to the tomcat.util.scan.DefaultJarScanner.jarsToSkip property in $CATALINA_BASE/conf/catalina.properties. Note that the deprecated Tomcat 7 WebSocket API will be available. 
May 28, 2015 5:23:03 PM org.apache.catalina.startup.HostConfig deployDirectory
INFO: Deployment of web application directory /home/vananh/Projects/EvoMed/TemplateManagement/apache-tomcat-7.0.62/webapps/ROOT has finished in 52 ms
May 28, 2015 5:23:03 PM org.apache.catalina.startup.HostConfig deployDirectory
INFO: Deploying web application directory /home/vananh/Projects/EvoMed/TemplateManagement/apache-tomcat-7.0.62/webapps/host-manager
May 28, 2015 5:23:03 PM org.apache.catalina.startup.HostConfig deployDirectory
INFO: Deployment of web application directory /home/vananh/Projects/EvoMed/TemplateManagement/apache-tomcat-7.0.62/webapps/host-manager has finished in 41 ms
May 28, 2015 5:23:03 PM org.apache.catalina.startup.HostConfig deployDirectory
INFO: Deploying web application directory /home/vananh/Projects/EvoMed/TemplateManagement/apache-tomcat-7.0.62/webapps/docs
May 28, 2015 5:23:03 PM org.apache.catalina.startup.HostConfig deployDirectory
INFO: Deployment of web application directory /home/vananh/Projects/EvoMed/TemplateManagement/apache-tomcat-7.0.62/webapps/docs has finished in 28 ms
May 28, 2015 5:23:03 PM org.apache.catalina.startup.HostConfig deployDirectory
INFO: Deploying web application directory /home/vananh/Projects/EvoMed/TemplateManagement/apache-tomcat-7.0.62/webapps/examples
May 28, 2015 5:23:03 PM org.apache.catalina.startup.HostConfig deployDirectory
INFO: Deployment of web application directory /home/vananh/Projects/EvoMed/TemplateManagement/apache-tomcat-7.0.62/webapps/examples has finished in 148 ms
May 28, 2015 5:23:03 PM org.apache.catalina.startup.HostConfig deployDirectory
INFO: Deploying web application directory /home/vananh/Projects/EvoMed/TemplateManagement/apache-tomcat-7.0.62/webapps/manager
May 28, 2015 5:23:03 PM org.apache.catalina.startup.HostConfig deployDirectory
INFO: Deployment of web application directory /home/vananh/Projects/EvoMed/TemplateManagement/apache-tomcat-7.0.62/webapps/manager has finished in 40 ms
May 28, 2015 5:23:03 PM org.apache.coyote.AbstractProtocol start
INFO: Starting ProtocolHandler ["http-bio-8080"]
May 28, 2015 5:23:03 PM org.apache.coyote.AbstractProtocol start
INFO: Starting ProtocolHandler ["ajp-bio-8009"]
May 28, 2015 5:23:03 PM org.apache.catalina.startup.Catalina start
INFO: Server startup in 1067 ms
May 28, 2015 5:23:51 PM org.apache.catalina.core.StandardServer await
INFO: A valid shutdown command was received via the shutdown port. Stopping the Server instance.
May 28, 2015 5:23:51 PM org.apache.coyote.AbstractProtocol pause
INFO: Pausing ProtocolHandler ["http-bio-8080"]
May 28, 2015 5:23:51 PM org.apache.coyote.AbstractProtocol pause
INFO: Pausing ProtocolHandler ["ajp-bio-8009"]
May 28, 2015 5:23:51 PM org.apache.catalina.core.StandardService stopInternal
INFO: Stopping service Catalina
May 28, 2015 5:23:51 PM org.apache.coyote.AbstractProtocol stop
INFO: Stopping ProtocolHandler ["http-bio-8080"]
May 28, 2015 5:23:51 PM org.apache.coyote.AbstractProtocol stop
INFO: Stopping ProtocolHandler ["ajp-bio-8009"]
May 28, 2015 5:23:51 PM org.apache.coyote.AbstractProtocol destroy
INFO: Destroying ProtocolHandler ["http-bio-8080"]
May 28, 2015 5:23:51 PM org.apache.coyote.AbstractProtocol destroy
INFO: Destroying ProtocolHandler ["ajp-bio-8009"]
May 28, 2015 5:23:59 PM org.apache.catalina.startup.VersionLoggerListener log
INFO: Server version:        Apache Tomcat/7.0.62
May 28, 2015 5:23:59 PM org.apache.catalina.startup.VersionLoggerListener log
INFO: Server built:          May 7 2015 17:14:55 UTC
May 28, 2015 5:23:59 PM org.apache.catalina.startup.VersionLoggerListener log
INFO: Server number:         7.0.62.0
May 28, 2015 5:23:59 PM org.apache.catalina.startup.VersionLoggerListener log
INFO: OS Name:               Linux
May 28, 2015 5:23:59 PM org.apache.catalina.startup.VersionLoggerListener log
INFO: OS Version:            3.17.7-300.fc21.x86_64
May 28, 2015 5:23:59 PM org.apache.catalina.startup.VersionLoggerListener log
INFO: Architecture:          amd64
May 28, 2015 5:23:59 PM org.apache.catalina.startup.VersionLoggerListener log
INFO: Java Home:             /home/vananh/Apps/jdk1.6.0_35/jre
May 28, 2015 5:23:59 PM org.apache.catalina.startup.VersionLoggerListener log
INFO: JVM Version:           1.6.0_35-b10
May 28, 2015 5:23:59 PM org.apache.catalina.startup.VersionLoggerListener log
INFO: JVM Vendor:            Sun Microsystems Inc.
May 28, 2015 5:23:59 PM org.apache.catalina.startup.VersionLoggerListener log
INFO: CATALINA_BASE:         /home/vananh/Projects/EvoMed/TemplateManagement/apache-tomcat-7.0.62
May 28, 2015 5:23:59 PM org.apache.catalina.startup.VersionLoggerListener log
INFO: CATALINA_HOME:         /home/vananh/Projects/EvoMed/TemplateManagement/apache-tomcat-7.0.62
May 28, 2015 5:23:59 PM org.apache.catalina.startup.VersionLoggerListener log
INFO: Command line argument: -Djava.util.logging.config.file=/home/vananh/Projects/EvoMed/TemplateManagement/apache-tomcat-7.0.62/conf/logging.properties
May 28, 2015 5:23:59 PM org.apache.catalina.startup.VersionLoggerListener log
INFO: Command line argument: -Djava.util.logging.manager=org.apache.juli.ClassLoaderLogManager
May 28, 2015 5:23:59 PM org.apache.catalina.startup.VersionLoggerListener log
INFO: Command line argument: -Djava.endorsed.dirs=/home/vananh/Projects/EvoMed/TemplateManagement/apache-tomcat-7.0.62/endorsed
May 28, 2015 5:23:59 PM org.apache.catalina.startup.VersionLoggerListener log
INFO: Command line argument: -Dcatalina.base=/home/vananh/Projects/EvoMed/TemplateManagement/apache-tomcat-7.0.62
May 28, 2015 5:23:59 PM org.apache.catalina.startup.VersionLoggerListener log
INFO: Command line argument: -Dcatalina.home=/home/vananh/Projects/EvoMed/TemplateManagement/apache-tomcat-7.0.62
May 28, 2015 5:23:59 PM org.apache.catalina.startup.VersionLoggerListener log
INFO: Command line argument: -Djava.io.tmpdir=/home/vananh/Projects/EvoMed/TemplateManagement/apache-tomcat-7.0.62/temp
May 28, 2015 5:23:59 PM org.apache.catalina.core.AprLifecycleListener lifecycleEvent
INFO: The APR based Apache Tomcat Native library which allows optimal performance in production environments was not found on the java.library.path: /home/vananh/Apps/jdk1.6.0_35/jre/lib/amd64/server:/home/vananh/Apps/jdk1.6.0_35/jre/lib/amd64:/home/vananh/Apps/jdk1.6.0_35/jre/../lib/amd64:/usr/java/packages/lib/amd64:/usr/lib64:/lib64:/lib:/usr/lib
May 28, 2015 5:23:59 PM org.apache.coyote.AbstractProtocol init
INFO: Initializing ProtocolHandler ["http-bio-8080"]
May 28, 2015 5:23:59 PM org.apache.coyote.AbstractProtocol init
INFO: Initializing ProtocolHandler ["ajp-bio-8009"]
May 28, 2015 5:23:59 PM org.apache.catalina.startup.Catalina load
INFO: Initialization processed in 379 ms
May 28, 2015 5:23:59 PM org.apache.catalina.core.StandardService startInternal
INFO: Starting service Catalina
May 28, 2015 5:23:59 PM org.apache.catalina.core.StandardEngine startInternal
INFO: Starting Servlet Engine: Apache Tomcat/7.0.62
May 28, 2015 5:23:59 PM org.apache.catalina.startup.HostConfig deployDescriptor
INFO: Deploying configuration descriptor /home/vananh/Projects/EvoMed/TemplateManagement/apache-tomcat-7.0.62/conf/Catalina/localhost/template.xml
May 28, 2015 5:24:00 PM org.apache.catalina.core.ContainerBase addChildInternal
SEVERE: ContainerBase.addChild: start: 
org.apache.catalina.LifecycleException: Failed to start component [StandardEngine[Catalina].StandardHost[localhost].StandardContext[/template]]
	at org.apache.catalina.util.LifecycleBase.start(LifecycleBase.java:154)
	at org.apache.catalina.core.ContainerBase.addChildInternal(ContainerBase.java:901)
	at org.apache.catalina.core.ContainerBase.addChild(ContainerBase.java:877)
	at org.apache.catalina.core.StandardHost.addChild(StandardHost.java:652)
	at org.apache.catalina.startup.HostConfig.deployDescriptor(HostConfig.java:677)
	at org.apache.catalina.startup.HostConfig$DeployDescriptor.run(HostConfig.java:1912)
	at java.util.concurrent.Executors$RunnableAdapter.call(Executors.java:441)
	at java.util.concurrent.FutureTask$Sync.innerRun(FutureTask.java:303)
	at java.util.concurrent.FutureTask.run(FutureTask.java:138)
	at java.util.concurrent.ThreadPoolExecutor$Worker.runTask(ThreadPoolExecutor.java:886)
	at java.util.concurrent.ThreadPoolExecutor$Worker.run(ThreadPoolExecutor.java:908)
	at java.lang.Thread.run(Thread.java:662)
Caused by: java.lang.NoClassDefFoundError: Lorg/apache/commons/logging/Log;
	at java.lang.Class.getDeclaredFields0(Native Method)
	at java.lang.Class.privateGetDeclaredFields(Class.java:2291)
	at java.lang.Class.getDeclaredFields(Class.java:1743)
	at org.apache.catalina.util.Introspection.getDeclaredFields(Introspection.java:106)
	at org.apache.catalina.startup.WebAnnotationSet.loadFieldsAnnotation(WebAnnotationSet.java:270)
	at org.apache.catalina.startup.WebAnnotationSet.loadApplicationServletAnnotations(WebAnnotationSet.java:139)
	at org.apache.catalina.startup.WebAnnotationSet.loadApplicationAnnotations(WebAnnotationSet.java:65)
	at org.apache.catalina.startup.ContextConfig.applicationAnnotationsConfig(ContextConfig.java:415)
	at org.apache.catalina.startup.ContextConfig.configureStart(ContextConfig.java:892)
	at org.apache.catalina.startup.ContextConfig.lifecycleEvent(ContextConfig.java:386)
	at org.apache.catalina.util.LifecycleSupport.fireLifecycleEvent(LifecycleSupport.java:117)
	at org.apache.catalina.util.LifecycleBase.fireLifecycleEvent(LifecycleBase.java:90)
	at org.apache.catalina.core.StandardContext.startInternal(StandardContext.java:5416)
	at org.apache.catalina.util.LifecycleBase.start(LifecycleBase.java:150)
	... 11 more
Caused by: java.lang.ClassNotFoundException: org.apache.commons.logging.Log
	at org.apache.catalina.loader.WebappClassLoader.loadClass(WebappClassLoader.java:1720)
	at org.apache.catalina.loader.WebappClassLoader.loadClass(WebappClassLoader.java:1571)
	... 25 more
May 28, 2015 5:24:00 PM org.apache.catalina.startup.HostConfig deployDescriptor
SEVERE: Error deploying configuration descriptor /home/vananh/Projects/EvoMed/TemplateManagement/apache-tomcat-7.0.62/conf/Catalina/localhost/template.xml
java.lang.IllegalStateException: ContainerBase.addChild: start: org.apache.catalina.LifecycleException: Failed to start component [StandardEngine[Catalina].StandardHost[localhost].StandardContext[/template]]
	at org.apache.catalina.core.ContainerBase.addChildInternal(ContainerBase.java:904)
	at org.apache.catalina.core.ContainerBase.addChild(ContainerBase.java:877)
	at org.apache.catalina.core.StandardHost.addChild(StandardHost.java:652)
	at org.apache.catalina.startup.HostConfig.deployDescriptor(HostConfig.java:677)
	at org.apache.catalina.startup.HostConfig$DeployDescriptor.run(HostConfig.java:1912)
	at java.util.concurrent.Executors$RunnableAdapter.call(Executors.java:441)
	at java.util.concurrent.FutureTask$Sync.innerRun(FutureTask.java:303)
	at java.util.concurrent.FutureTask.run(FutureTask.java:138)
	at java.util.concurrent.ThreadPoolExecutor$Worker.runTask(ThreadPoolExecutor.java:886)
	at java.util.concurrent.ThreadPoolExecutor$Worker.run(ThreadPoolExecutor.java:908)
	at java.lang.Thread.run(Thread.java:662)
May 28, 2015 5:24:00 PM org.apache.catalina.startup.HostConfig deployDescriptor
INFO: Deployment of configuration descriptor /home/vananh/Projects/EvoMed/TemplateManagement/apache-tomcat-7.0.62/conf/Catalina/localhost/template.xml has finished in 740 ms
May 28, 2015 5:24:00 PM org.apache.catalina.startup.HostConfig deployDirectory
INFO: Deploying web application directory /home/vananh/Projects/EvoMed/TemplateManagement/apache-tomcat-7.0.62/webapps/ROOT
May 28, 2015 5:24:00 PM org.apache.tomcat.websocket.server.WsSci onStartup
INFO: JSR 356 WebSocket (Java WebSocket 1.1) support is not available when running on Java 6. To suppress this message, run Tomcat on Java 7, remove the WebSocket JARs from $CATALINA_HOME/lib or add the WebSocket JARs to the tomcat.util.scan.DefaultJarScanner.jarsToSkip property in $CATALINA_BASE/conf/catalina.properties. Note that the deprecated Tomcat 7 WebSocket API will be available. 
May 28, 2015 5:24:00 PM org.apache.catalina.startup.HostConfig deployDirectory
INFO: Deployment of web application directory /home/vananh/Projects/EvoMed/TemplateManagement/apache-tomcat-7.0.62/webapps/ROOT has finished in 57 ms
May 28, 2015 5:24:00 PM org.apache.catalina.startup.HostConfig deployDirectory
INFO: Deploying web application directory /home/vananh/Projects/EvoMed/TemplateManagement/apache-tomcat-7.0.62/webapps/host-manager
May 28, 2015 5:24:00 PM org.apache.catalina.startup.HostConfig deployDirectory
INFO: Deployment of web application directory /home/vananh/Projects/EvoMed/TemplateManagement/apache-tomcat-7.0.62/webapps/host-manager has finished in 48 ms
May 28, 2015 5:24:00 PM org.apache.catalina.startup.HostConfig deployDirectory
INFO: Deploying web application directory /home/vananh/Projects/EvoMed/TemplateManagement/apache-tomcat-7.0.62/webapps/docs
May 28, 2015 5:24:00 PM org.apache.catalina.startup.HostConfig deployDirectory
INFO: Deployment of web application directory /home/vananh/Projects/EvoMed/TemplateManagement/apache-tomcat-7.0.62/webapps/docs has finished in 33 ms
May 28, 2015 5:24:00 PM org.apache.catalina.startup.HostConfig deployDirectory
INFO: Deploying web application directory /home/vananh/Projects/EvoMed/TemplateManagement/apache-tomcat-7.0.62/webapps/examples
May 28, 2015 5:24:00 PM org.apache.catalina.startup.HostConfig deployDirectory
INFO: Deployment of web application directory /home/vananh/Projects/EvoMed/TemplateManagement/apache-tomcat-7.0.62/webapps/examples has finished in 172 ms
May 28, 2015 5:24:00 PM org.apache.catalina.startup.HostConfig deployDirectory
INFO: Deploying web application directory /home/vananh/Projects/EvoMed/TemplateManagement/apache-tomcat-7.0.62/webapps/manager
May 28, 2015 5:24:00 PM org.apache.catalina.startup.HostConfig deployDirectory
INFO: Deployment of web application directory /home/vananh/Projects/EvoMed/TemplateManagement/apache-tomcat-7.0.62/webapps/manager has finished in 41 ms
May 28, 2015 5:24:00 PM org.apache.coyote.AbstractProtocol start
INFO: Starting ProtocolHandler ["http-bio-8080"]
May 28, 2015 5:24:00 PM org.apache.coyote.AbstractProtocol start
INFO: Starting ProtocolHandler ["ajp-bio-8009"]
May 28, 2015 5:24:00 PM org.apache.catalina.startup.Catalina start
INFO: Server startup in 1121 ms
May 28, 2015 5:36:01 PM org.apache.catalina.core.StandardServer await
INFO: A valid shutdown command was received via the shutdown port. Stopping the Server instance.
May 28, 2015 5:36:01 PM org.apache.coyote.AbstractProtocol pause
INFO: Pausing ProtocolHandler ["http-bio-8080"]
May 28, 2015 5:36:01 PM org.apache.coyote.AbstractProtocol pause
INFO: Pausing ProtocolHandler ["ajp-bio-8009"]
May 28, 2015 5:36:01 PM org.apache.catalina.core.StandardService stopInternal
INFO: Stopping service Catalina
May 28, 2015 5:36:01 PM org.apache.coyote.AbstractProtocol stop
INFO: Stopping ProtocolHandler ["http-bio-8080"]
May 28, 2015 5:36:01 PM org.apache.coyote.AbstractProtocol stop
INFO: Stopping ProtocolHandler ["ajp-bio-8009"]
May 28, 2015 5:36:01 PM org.apache.coyote.AbstractProtocol destroy
INFO: Destroying ProtocolHandler ["http-bio-8080"]
May 28, 2015 5:36:01 PM org.apache.coyote.AbstractProtocol destroy
INFO: Destroying ProtocolHandler ["ajp-bio-8009"]
May 28, 2015 5:36:03 PM org.apache.catalina.startup.VersionLoggerListener log
INFO: Server version:        Apache Tomcat/7.0.62
May 28, 2015 5:36:03 PM org.apache.catalina.startup.VersionLoggerListener log
INFO: Server built:          May 7 2015 17:14:55 UTC
May 28, 2015 5:36:03 PM org.apache.catalina.startup.VersionLoggerListener log
INFO: Server number:         7.0.62.0
May 28, 2015 5:36:03 PM org.apache.catalina.startup.VersionLoggerListener log
INFO: OS Name:               Linux
May 28, 2015 5:36:03 PM org.apache.catalina.startup.VersionLoggerListener log
INFO: OS Version:            3.17.7-300.fc21.x86_64
May 28, 2015 5:36:03 PM org.apache.catalina.startup.VersionLoggerListener log
INFO: Architecture:          amd64
May 28, 2015 5:36:03 PM org.apache.catalina.startup.VersionLoggerListener log
INFO: Java Home:             /home/vananh/Apps/jdk1.6.0_35/jre
May 28, 2015 5:36:03 PM org.apache.catalina.startup.VersionLoggerListener log
INFO: JVM Version:           1.6.0_35-b10
May 28, 2015 5:36:03 PM org.apache.catalina.startup.VersionLoggerListener log
INFO: JVM Vendor:            Sun Microsystems Inc.
May 28, 2015 5:36:03 PM org.apache.catalina.startup.VersionLoggerListener log
INFO: CATALINA_BASE:         /home/vananh/Projects/EvoMed/TemplateManagement/apache-tomcat-7.0.62
May 28, 2015 5:36:03 PM org.apache.catalina.startup.VersionLoggerListener log
INFO: CATALINA_HOME:         /home/vananh/Projects/EvoMed/TemplateManagement/apache-tomcat-7.0.62
May 28, 2015 5:36:03 PM org.apache.catalina.startup.VersionLoggerListener log
INFO: Command line argument: -Djava.util.logging.config.file=/home/vananh/Projects/EvoMed/TemplateManagement/apache-tomcat-7.0.62/conf/logging.properties
May 28, 2015 5:36:03 PM org.apache.catalina.startup.VersionLoggerListener log
INFO: Command line argument: -Djava.util.logging.manager=org.apache.juli.ClassLoaderLogManager
May 28, 2015 5:36:03 PM org.apache.catalina.startup.VersionLoggerListener log
INFO: Command line argument: -Djava.endorsed.dirs=/home/vananh/Projects/EvoMed/TemplateManagement/apache-tomcat-7.0.62/endorsed
May 28, 2015 5:36:03 PM org.apache.catalina.startup.VersionLoggerListener log
INFO: Command line argument: -Dcatalina.base=/home/vananh/Projects/EvoMed/TemplateManagement/apache-tomcat-7.0.62
May 28, 2015 5:36:03 PM org.apache.catalina.startup.VersionLoggerListener log
INFO: Command line argument: -Dcatalina.home=/home/vananh/Projects/EvoMed/TemplateManagement/apache-tomcat-7.0.62
May 28, 2015 5:36:03 PM org.apache.catalina.startup.VersionLoggerListener log
INFO: Command line argument: -Djava.io.tmpdir=/home/vananh/Projects/EvoMed/TemplateManagement/apache-tomcat-7.0.62/temp
May 28, 2015 5:36:03 PM org.apache.catalina.core.AprLifecycleListener lifecycleEvent
INFO: The APR based Apache Tomcat Native library which allows optimal performance in production environments was not found on the java.library.path: /home/vananh/Apps/jdk1.6.0_35/jre/lib/amd64/server:/home/vananh/Apps/jdk1.6.0_35/jre/lib/amd64:/home/vananh/Apps/jdk1.6.0_35/jre/../lib/amd64:/usr/java/packages/lib/amd64:/usr/lib64:/lib64:/lib:/usr/lib
May 28, 2015 5:36:03 PM org.apache.coyote.AbstractProtocol init
INFO: Initializing ProtocolHandler ["http-bio-8080"]
May 28, 2015 5:36:03 PM org.apache.coyote.AbstractProtocol init
INFO: Initializing ProtocolHandler ["ajp-bio-8009"]
May 28, 2015 5:36:03 PM org.apache.catalina.startup.Catalina load
INFO: Initialization processed in 381 ms
May 28, 2015 5:36:03 PM org.apache.catalina.core.StandardService startInternal
INFO: Starting service Catalina
May 28, 2015 5:36:03 PM org.apache.catalina.core.StandardEngine startInternal
INFO: Starting Servlet Engine: Apache Tomcat/7.0.62
May 28, 2015 5:36:03 PM org.apache.catalina.startup.HostConfig deployDescriptor
INFO: Deploying configuration descriptor /home/vananh/Projects/EvoMed/TemplateManagement/apache-tomcat-7.0.62/conf/Catalina/localhost/template.xml
May 28, 2015 5:36:04 PM org.apache.catalina.core.ContainerBase addChildInternal
SEVERE: ContainerBase.addChild: start: 
org.apache.catalina.LifecycleException: Failed to start component [StandardEngine[Catalina].StandardHost[localhost].StandardContext[/template]]
	at org.apache.catalina.util.LifecycleBase.start(LifecycleBase.java:154)
	at org.apache.catalina.core.ContainerBase.addChildInternal(ContainerBase.java:901)
	at org.apache.catalina.core.ContainerBase.addChild(ContainerBase.java:877)
	at org.apache.catalina.core.StandardHost.addChild(StandardHost.java:652)
	at org.apache.catalina.startup.HostConfig.deployDescriptor(HostConfig.java:677)
	at org.apache.catalina.startup.HostConfig$DeployDescriptor.run(HostConfig.java:1912)
	at java.util.concurrent.Executors$RunnableAdapter.call(Executors.java:441)
	at java.util.concurrent.FutureTask$Sync.innerRun(FutureTask.java:303)
	at java.util.concurrent.FutureTask.run(FutureTask.java:138)
	at java.util.concurrent.ThreadPoolExecutor$Worker.runTask(ThreadPoolExecutor.java:886)
	at java.util.concurrent.ThreadPoolExecutor$Worker.run(ThreadPoolExecutor.java:908)
	at java.lang.Thread.run(Thread.java:662)
Caused by: java.lang.NoClassDefFoundError: Lorg/apache/commons/logging/Log;
	at java.lang.Class.getDeclaredFields0(Native Method)
	at java.lang.Class.privateGetDeclaredFields(Class.java:2291)
	at java.lang.Class.getDeclaredFields(Class.java:1743)
	at org.apache.catalina.util.Introspection.getDeclaredFields(Introspection.java:106)
	at org.apache.catalina.startup.WebAnnotationSet.loadFieldsAnnotation(WebAnnotationSet.java:270)
	at org.apache.catalina.startup.WebAnnotationSet.loadApplicationServletAnnotations(WebAnnotationSet.java:139)
	at org.apache.catalina.startup.WebAnnotationSet.loadApplicationAnnotations(WebAnnotationSet.java:65)
	at org.apache.catalina.startup.ContextConfig.applicationAnnotationsConfig(ContextConfig.java:415)
	at org.apache.catalina.startup.ContextConfig.configureStart(ContextConfig.java:892)
	at org.apache.catalina.startup.ContextConfig.lifecycleEvent(ContextConfig.java:386)
	at org.apache.catalina.util.LifecycleSupport.fireLifecycleEvent(LifecycleSupport.java:117)
	at org.apache.catalina.util.LifecycleBase.fireLifecycleEvent(LifecycleBase.java:90)
	at org.apache.catalina.core.StandardContext.startInternal(StandardContext.java:5416)
	at org.apache.catalina.util.LifecycleBase.start(LifecycleBase.java:150)
	... 11 more
Caused by: java.lang.ClassNotFoundException: org.apache.commons.logging.Log
	at org.apache.catalina.loader.WebappClassLoader.loadClass(WebappClassLoader.java:1720)
	at org.apache.catalina.loader.WebappClassLoader.loadClass(WebappClassLoader.java:1571)
	... 25 more
May 28, 2015 5:36:04 PM org.apache.catalina.startup.HostConfig deployDescriptor
SEVERE: Error deploying configuration descriptor /home/vananh/Projects/EvoMed/TemplateManagement/apache-tomcat-7.0.62/conf/Catalina/localhost/template.xml
java.lang.IllegalStateException: ContainerBase.addChild: start: org.apache.catalina.LifecycleException: Failed to start component [StandardEngine[Catalina].StandardHost[localhost].StandardContext[/template]]
	at org.apache.catalina.core.ContainerBase.addChildInternal(ContainerBase.java:904)
	at org.apache.catalina.core.ContainerBase.addChild(ContainerBase.java:877)
	at org.apache.catalina.core.StandardHost.addChild(StandardHost.java:652)
	at org.apache.catalina.startup.HostConfig.deployDescriptor(HostConfig.java:677)
	at org.apache.catalina.startup.HostConfig$DeployDescriptor.run(HostConfig.java:1912)
	at java.util.concurrent.Executors$RunnableAdapter.call(Executors.java:441)
	at java.util.concurrent.FutureTask$Sync.innerRun(FutureTask.java:303)
	at java.util.concurrent.FutureTask.run(FutureTask.java:138)
	at java.util.concurrent.ThreadPoolExecutor$Worker.runTask(ThreadPoolExecutor.java:886)
	at java.util.concurrent.ThreadPoolExecutor$Worker.run(ThreadPoolExecutor.java:908)
	at java.lang.Thread.run(Thread.java:662)
May 28, 2015 5:36:04 PM org.apache.catalina.startup.HostConfig deployDescriptor
INFO: Deployment of configuration descriptor /home/vananh/Projects/EvoMed/TemplateManagement/apache-tomcat-7.0.62/conf/Catalina/localhost/template.xml has finished in 733 ms
May 28, 2015 5:36:04 PM org.apache.catalina.startup.HostConfig deployDirectory
INFO: Deploying web application directory /home/vananh/Projects/EvoMed/TemplateManagement/apache-tomcat-7.0.62/webapps/ROOT
May 28, 2015 5:36:04 PM org.apache.tomcat.websocket.server.WsSci onStartup
INFO: JSR 356 WebSocket (Java WebSocket 1.1) support is not available when running on Java 6. To suppress this message, run Tomcat on Java 7, remove the WebSocket JARs from $CATALINA_HOME/lib or add the WebSocket JARs to the tomcat.util.scan.DefaultJarScanner.jarsToSkip property in $CATALINA_BASE/conf/catalina.properties. Note that the deprecated Tomcat 7 WebSocket API will be available. 
May 28, 2015 5:36:04 PM org.apache.catalina.startup.HostConfig deployDirectory
INFO: Deployment of web application directory /home/vananh/Projects/EvoMed/TemplateManagement/apache-tomcat-7.0.62/webapps/ROOT has finished in 51 ms
May 28, 2015 5:36:04 PM org.apache.catalina.startup.HostConfig deployDirectory
INFO: Deploying web application directory /home/vananh/Projects/EvoMed/TemplateManagement/apache-tomcat-7.0.62/webapps/host-manager
May 28, 2015 5:36:04 PM org.apache.catalina.startup.HostConfig deployDirectory
INFO: Deployment of web application directory /home/vananh/Projects/EvoMed/TemplateManagement/apache-tomcat-7.0.62/webapps/host-manager has finished in 50 ms
May 28, 2015 5:36:04 PM org.apache.catalina.startup.HostConfig deployDirectory
INFO: Deploying web application directory /home/vananh/Projects/EvoMed/TemplateManagement/apache-tomcat-7.0.62/webapps/docs
May 28, 2015 5:36:04 PM org.apache.catalina.startup.HostConfig deployDirectory
INFO: Deployment of web application directory /home/vananh/Projects/EvoMed/TemplateManagement/apache-tomcat-7.0.62/webapps/docs has finished in 31 ms
May 28, 2015 5:36:04 PM org.apache.catalina.startup.HostConfig deployDirectory
INFO: Deploying web application directory /home/vananh/Projects/EvoMed/TemplateManagement/apache-tomcat-7.0.62/webapps/examples
May 28, 2015 5:36:04 PM org.apache.catalina.startup.HostConfig deployDirectory
INFO: Deployment of web application directory /home/vananh/Projects/EvoMed/TemplateManagement/apache-tomcat-7.0.62/webapps/examples has finished in 165 ms
May 28, 2015 5:36:04 PM org.apache.catalina.startup.HostConfig deployDirectory
INFO: Deploying web application directory /home/vananh/Projects/EvoMed/TemplateManagement/apache-tomcat-7.0.62/webapps/manager
May 28, 2015 5:36:05 PM org.apache.catalina.startup.HostConfig deployDirectory
INFO: Deployment of web application directory /home/vananh/Projects/EvoMed/TemplateManagement/apache-tomcat-7.0.62/webapps/manager has finished in 39 ms
May 28, 2015 5:36:05 PM org.apache.coyote.AbstractProtocol start
INFO: Starting ProtocolHandler ["http-bio-8080"]
May 28, 2015 5:36:05 PM org.apache.coyote.AbstractProtocol start
INFO: Starting ProtocolHandler ["ajp-bio-8009"]
May 28, 2015 5:36:05 PM org.apache.catalina.startup.Catalina start
INFO: Server startup in 1096 ms
May 28, 2015 5:38:45 PM org.apache.catalina.startup.HostConfig reload
INFO: Reloading context [/template]
May 28, 2015 5:38:45 PM org.apache.catalina.startup.HostConfig reload
WARNING: Error during context [/template] restart
org.apache.catalina.LifecycleException: Failed to start component [StandardEngine[Catalina].StandardHost[localhost].StandardContext[/template]]
	at org.apache.catalina.util.LifecycleBase.start(LifecycleBase.java:154)
	at org.apache.catalina.startup.HostConfig.reload(HostConfig.java:1533)
	at org.apache.catalina.startup.HostConfig.checkResources(HostConfig.java:1497)
	at org.apache.catalina.startup.HostConfig.check(HostConfig.java:1695)
	at org.apache.catalina.startup.HostConfig.lifecycleEvent(HostConfig.java:333)
	at org.apache.catalina.util.LifecycleSupport.fireLifecycleEvent(LifecycleSupport.java:117)
	at org.apache.catalina.util.LifecycleBase.fireLifecycleEvent(LifecycleBase.java:90)
	at org.apache.catalina.core.ContainerBase.backgroundProcess(ContainerBase.java:1374)
	at org.apache.catalina.core.ContainerBase$ContainerBackgroundProcessor.processChildren(ContainerBase.java:1546)
	at org.apache.catalina.core.ContainerBase$ContainerBackgroundProcessor.processChildren(ContainerBase.java:1556)
	at org.apache.catalina.core.ContainerBase$ContainerBackgroundProcessor.run(ContainerBase.java:1524)
	at java.lang.Thread.run(Thread.java:662)
Caused by: java.lang.NoClassDefFoundError: Lorg/apache/commons/logging/Log;
	at java.lang.Class.getDeclaredFields0(Native Method)
	at java.lang.Class.privateGetDeclaredFields(Class.java:2291)
	at java.lang.Class.getDeclaredFields(Class.java:1743)
	at org.apache.catalina.util.Introspection.getDeclaredFields(Introspection.java:106)
	at org.apache.catalina.startup.WebAnnotationSet.loadFieldsAnnotation(WebAnnotationSet.java:270)
	at org.apache.catalina.startup.WebAnnotationSet.loadApplicationServletAnnotations(WebAnnotationSet.java:139)
	at org.apache.catalina.startup.WebAnnotationSet.loadApplicationAnnotations(WebAnnotationSet.java:65)
	at org.apache.catalina.startup.ContextConfig.applicationAnnotationsConfig(ContextConfig.java:415)
	at org.apache.catalina.startup.ContextConfig.configureStart(ContextConfig.java:892)
	at org.apache.catalina.startup.ContextConfig.lifecycleEvent(ContextConfig.java:386)
	at org.apache.catalina.util.LifecycleSupport.fireLifecycleEvent(LifecycleSupport.java:117)
	at org.apache.catalina.util.LifecycleBase.fireLifecycleEvent(LifecycleBase.java:90)
	at org.apache.catalina.core.StandardContext.startInternal(StandardContext.java:5416)
	at org.apache.catalina.util.LifecycleBase.start(LifecycleBase.java:150)
	... 11 more
Caused by: java.lang.ClassNotFoundException: org.apache.commons.logging.Log
	at org.apache.catalina.loader.WebappClassLoader.loadClass(WebappClassLoader.java:1720)
	at org.apache.catalina.loader.WebappClassLoader.loadClass(WebappClassLoader.java:1571)
	... 25 more
May 28, 2015 6:13:41 PM org.apache.coyote.AbstractProtocol pause
INFO: Pausing ProtocolHandler ["http-bio-8080"]
May 29, 2015 3:15:25 PM org.apache.catalina.startup.VersionLoggerListener log
INFO: Server version:        Apache Tomcat/7.0.62
May 29, 2015 3:15:25 PM org.apache.catalina.startup.VersionLoggerListener log
INFO: Server built:          May 7 2015 17:14:55 UTC
May 29, 2015 3:15:25 PM org.apache.catalina.startup.VersionLoggerListener log
INFO: Server number:         7.0.62.0
May 29, 2015 3:15:25 PM org.apache.catalina.startup.VersionLoggerListener log
INFO: OS Name:               Linux
May 29, 2015 3:15:25 PM org.apache.catalina.startup.VersionLoggerListener log
INFO: OS Version:            3.17.7-300.fc21.x86_64
May 29, 2015 3:15:25 PM org.apache.catalina.startup.VersionLoggerListener log
INFO: Architecture:          amd64
May 29, 2015 3:15:25 PM org.apache.catalina.startup.VersionLoggerListener log
INFO: Java Home:             /home/vananh/Apps/jdk1.6.0_35/jre
May 29, 2015 3:15:25 PM org.apache.catalina.startup.VersionLoggerListener log
INFO: JVM Version:           1.6.0_35-b10
May 29, 2015 3:15:25 PM org.apache.catalina.startup.VersionLoggerListener log
INFO: JVM Vendor:            Sun Microsystems Inc.
May 29, 2015 3:15:25 PM org.apache.catalina.startup.VersionLoggerListener log
INFO: CATALINA_BASE:         /home/vananh/Projects/EvoMed/TemplateManagement/apache-tomcat-7.0.62
May 29, 2015 3:15:25 PM org.apache.catalina.startup.VersionLoggerListener log
INFO: CATALINA_HOME:         /home/vananh/Projects/EvoMed/TemplateManagement/apache-tomcat-7.0.62
May 29, 2015 3:15:25 PM org.apache.catalina.startup.VersionLoggerListener log
INFO: Command line argument: -Djava.util.logging.config.file=/home/vananh/Projects/EvoMed/TemplateManagement/apache-tomcat-7.0.62/conf/logging.properties
May 29, 2015 3:15:25 PM org.apache.catalina.startup.VersionLoggerListener log
INFO: Command line argument: -Djava.util.logging.manager=org.apache.juli.ClassLoaderLogManager
May 29, 2015 3:15:25 PM org.apache.catalina.startup.VersionLoggerListener log
INFO: Command line argument: -Djava.endorsed.dirs=/home/vananh/Projects/EvoMed/TemplateManagement/apache-tomcat-7.0.62/endorsed
May 29, 2015 3:15:25 PM org.apache.catalina.startup.VersionLoggerListener log
INFO: Command line argument: -Dcatalina.base=/home/vananh/Projects/EvoMed/TemplateManagement/apache-tomcat-7.0.62
May 29, 2015 3:15:25 PM org.apache.catalina.startup.VersionLoggerListener log
INFO: Command line argument: -Dcatalina.home=/home/vananh/Projects/EvoMed/TemplateManagement/apache-tomcat-7.0.62
May 29, 2015 3:15:25 PM org.apache.catalina.startup.VersionLoggerListener log
INFO: Command line argument: -Djava.io.tmpdir=/home/vananh/Projects/EvoMed/TemplateManagement/apache-tomcat-7.0.62/temp
May 29, 2015 3:15:25 PM org.apache.catalina.core.AprLifecycleListener lifecycleEvent
INFO: The APR based Apache Tomcat Native library which allows optimal performance in production environments was not found on the java.library.path: /home/vananh/Apps/jdk1.6.0_35/jre/lib/amd64/server:/home/vananh/Apps/jdk1.6.0_35/jre/lib/amd64:/home/vananh/Apps/jdk1.6.0_35/jre/../lib/amd64:/usr/java/packages/lib/amd64:/usr/lib64:/lib64:/lib:/usr/lib
May 29, 2015 3:15:26 PM org.apache.coyote.AbstractProtocol init
INFO: Initializing ProtocolHandler ["http-bio-8080"]
May 29, 2015 3:15:26 PM org.apache.coyote.AbstractProtocol init
INFO: Initializing ProtocolHandler ["ajp-bio-8009"]
May 29, 2015 3:15:26 PM org.apache.catalina.startup.Catalina load
INFO: Initialization processed in 2133 ms
May 29, 2015 3:15:26 PM org.apache.catalina.core.StandardService startInternal
INFO: Starting service Catalina
May 29, 2015 3:15:26 PM org.apache.catalina.core.StandardEngine startInternal
INFO: Starting Servlet Engine: Apache Tomcat/7.0.62
May 29, 2015 3:15:26 PM org.apache.catalina.startup.HostConfig deployDescriptor
INFO: Deploying configuration descriptor /home/vananh/Projects/EvoMed/TemplateManagement/apache-tomcat-7.0.62/conf/Catalina/localhost/template.xml
May 29, 2015 3:15:27 PM org.apache.catalina.core.ContainerBase addChildInternal
SEVERE: ContainerBase.addChild: start: 
org.apache.catalina.LifecycleException: Failed to start component [StandardEngine[Catalina].StandardHost[localhost].StandardContext[/template]]
	at org.apache.catalina.util.LifecycleBase.start(LifecycleBase.java:154)
	at org.apache.catalina.core.ContainerBase.addChildInternal(ContainerBase.java:901)
	at org.apache.catalina.core.ContainerBase.addChild(ContainerBase.java:877)
	at org.apache.catalina.core.StandardHost.addChild(StandardHost.java:652)
	at org.apache.catalina.startup.HostConfig.deployDescriptor(HostConfig.java:677)
	at org.apache.catalina.startup.HostConfig$DeployDescriptor.run(HostConfig.java:1912)
	at java.util.concurrent.Executors$RunnableAdapter.call(Executors.java:441)
	at java.util.concurrent.FutureTask$Sync.innerRun(FutureTask.java:303)
	at java.util.concurrent.FutureTask.run(FutureTask.java:138)
	at java.util.concurrent.ThreadPoolExecutor$Worker.runTask(ThreadPoolExecutor.java:886)
	at java.util.concurrent.ThreadPoolExecutor$Worker.run(ThreadPoolExecutor.java:908)
	at java.lang.Thread.run(Thread.java:662)
Caused by: java.lang.NoClassDefFoundError: Lorg/apache/commons/logging/Log;
	at java.lang.Class.getDeclaredFields0(Native Method)
	at java.lang.Class.privateGetDeclaredFields(Class.java:2291)
	at java.lang.Class.getDeclaredFields(Class.java:1743)
	at org.apache.catalina.util.Introspection.getDeclaredFields(Introspection.java:106)
	at org.apache.catalina.startup.WebAnnotationSet.loadFieldsAnnotation(WebAnnotationSet.java:270)
	at org.apache.catalina.startup.WebAnnotationSet.loadApplicationServletAnnotations(WebAnnotationSet.java:139)
	at org.apache.catalina.startup.WebAnnotationSet.loadApplicationAnnotations(WebAnnotationSet.java:65)
	at org.apache.catalina.startup.ContextConfig.applicationAnnotationsConfig(ContextConfig.java:415)
	at org.apache.catalina.startup.ContextConfig.configureStart(ContextConfig.java:892)
	at org.apache.catalina.startup.ContextConfig.lifecycleEvent(ContextConfig.java:386)
	at org.apache.catalina.util.LifecycleSupport.fireLifecycleEvent(LifecycleSupport.java:117)
	at org.apache.catalina.util.LifecycleBase.fireLifecycleEvent(LifecycleBase.java:90)
	at org.apache.catalina.core.StandardContext.startInternal(StandardContext.java:5416)
	at org.apache.catalina.util.LifecycleBase.start(LifecycleBase.java:150)
	... 11 more
Caused by: java.lang.ClassNotFoundException: org.apache.commons.logging.Log
	at org.apache.catalina.loader.WebappClassLoader.loadClass(WebappClassLoader.java:1720)
	at org.apache.catalina.loader.WebappClassLoader.loadClass(WebappClassLoader.java:1571)
	... 25 more
May 29, 2015 3:15:27 PM org.apache.catalina.startup.HostConfig deployDescriptor
SEVERE: Error deploying configuration descriptor /home/vananh/Projects/EvoMed/TemplateManagement/apache-tomcat-7.0.62/conf/Catalina/localhost/template.xml
java.lang.IllegalStateException: ContainerBase.addChild: start: org.apache.catalina.LifecycleException: Failed to start component [StandardEngine[Catalina].StandardHost[localhost].StandardContext[/template]]
	at org.apache.catalina.core.ContainerBase.addChildInternal(ContainerBase.java:904)
	at org.apache.catalina.core.ContainerBase.addChild(ContainerBase.java:877)
	at org.apache.catalina.core.StandardHost.addChild(StandardHost.java:652)
	at org.apache.catalina.startup.HostConfig.deployDescriptor(HostConfig.java:677)
	at org.apache.catalina.startup.HostConfig$DeployDescriptor.run(HostConfig.java:1912)
	at java.util.concurrent.Executors$RunnableAdapter.call(Executors.java:441)
	at java.util.concurrent.FutureTask$Sync.innerRun(FutureTask.java:303)
	at java.util.concurrent.FutureTask.run(FutureTask.java:138)
	at java.util.concurrent.ThreadPoolExecutor$Worker.runTask(ThreadPoolExecutor.java:886)
	at java.util.concurrent.ThreadPoolExecutor$Worker.run(ThreadPoolExecutor.java:908)
	at java.lang.Thread.run(Thread.java:662)
May 29, 2015 3:15:27 PM org.apache.catalina.startup.HostConfig deployDescriptor
INFO: Deployment of configuration descriptor /home/vananh/Projects/EvoMed/TemplateManagement/apache-tomcat-7.0.62/conf/Catalina/localhost/template.xml has finished in 1,091 ms
May 29, 2015 3:15:27 PM org.apache.catalina.startup.HostConfig deployDirectory
INFO: Deploying web application directory /home/vananh/Projects/EvoMed/TemplateManagement/apache-tomcat-7.0.62/webapps/ROOT
May 29, 2015 3:15:27 PM org.apache.tomcat.websocket.server.WsSci onStartup
INFO: JSR 356 WebSocket (Java WebSocket 1.1) support is not available when running on Java 6. To suppress this message, run Tomcat on Java 7, remove the WebSocket JARs from $CATALINA_HOME/lib or add the WebSocket JARs to the tomcat.util.scan.DefaultJarScanner.jarsToSkip property in $CATALINA_BASE/conf/catalina.properties. Note that the deprecated Tomcat 7 WebSocket API will be available. 
May 29, 2015 3:15:27 PM org.apache.catalina.startup.HostConfig deployDirectory
INFO: Deployment of web application directory /home/vananh/Projects/EvoMed/TemplateManagement/apache-tomcat-7.0.62/webapps/ROOT has finished in 250 ms
May 29, 2015 3:15:27 PM org.apache.catalina.startup.HostConfig deployDirectory
INFO: Deploying web application directory /home/vananh/Projects/EvoMed/TemplateManagement/apache-tomcat-7.0.62/webapps/host-manager
May 29, 2015 3:15:27 PM org.apache.catalina.startup.HostConfig deployDirectory
INFO: Deployment of web application directory /home/vananh/Projects/EvoMed/TemplateManagement/apache-tomcat-7.0.62/webapps/host-manager has finished in 99 ms
May 29, 2015 3:15:27 PM org.apache.catalina.startup.HostConfig deployDirectory
INFO: Deploying web application directory /home/vananh/Projects/EvoMed/TemplateManagement/apache-tomcat-7.0.62/webapps/docs
May 29, 2015 3:15:27 PM org.apache.catalina.startup.HostConfig deployDirectory
INFO: Deployment of web application directory /home/vananh/Projects/EvoMed/TemplateManagement/apache-tomcat-7.0.62/webapps/docs has finished in 52 ms
May 29, 2015 3:15:27 PM org.apache.catalina.startup.HostConfig deployDirectory
INFO: Deploying web application directory /home/vananh/Projects/EvoMed/TemplateManagement/apache-tomcat-7.0.62/webapps/examples
May 29, 2015 3:15:28 PM org.apache.catalina.startup.HostConfig deployDirectory
INFO: Deployment of web application directory /home/vananh/Projects/EvoMed/TemplateManagement/apache-tomcat-7.0.62/webapps/examples has finished in 348 ms
May 29, 2015 3:15:28 PM org.apache.catalina.startup.HostConfig deployDirectory
INFO: Deploying web application directory /home/vananh/Projects/EvoMed/TemplateManagement/apache-tomcat-7.0.62/webapps/manager
May 29, 2015 3:15:28 PM org.apache.catalina.startup.HostConfig deployDirectory
INFO: Deployment of web application directory /home/vananh/Projects/EvoMed/TemplateManagement/apache-tomcat-7.0.62/webapps/manager has finished in 44 ms
May 29, 2015 3:15:28 PM org.apache.coyote.AbstractProtocol start
INFO: Starting ProtocolHandler ["http-bio-8080"]
May 29, 2015 3:15:28 PM org.apache.coyote.AbstractProtocol start
INFO: Starting ProtocolHandler ["ajp-bio-8009"]
May 29, 2015 3:15:28 PM org.apache.catalina.startup.Catalina start
INFO: Server startup in 1986 ms
May 29, 2015 3:15:29 PM org.apache.catalina.core.StandardServer await
INFO: A valid shutdown command was received via the shutdown port. Stopping the Server instance.
May 29, 2015 3:15:29 PM org.apache.coyote.AbstractProtocol pause
INFO: Pausing ProtocolHandler ["http-bio-8080"]
May 29, 2015 3:15:29 PM org.apache.coyote.AbstractProtocol pause
INFO: Pausing ProtocolHandler ["ajp-bio-8009"]
May 29, 2015 3:15:29 PM org.apache.catalina.core.StandardService stopInternal
INFO: Stopping service Catalina
May 29, 2015 3:15:29 PM org.apache.coyote.AbstractProtocol stop
INFO: Stopping ProtocolHandler ["http-bio-8080"]
May 29, 2015 3:15:29 PM org.apache.coyote.AbstractProtocol stop
INFO: Stopping ProtocolHandler ["ajp-bio-8009"]
May 29, 2015 3:15:29 PM org.apache.coyote.AbstractProtocol destroy
INFO: Destroying ProtocolHandler ["http-bio-8080"]
May 29, 2015 3:15:29 PM org.apache.coyote.AbstractProtocol destroy
INFO: Destroying ProtocolHandler ["ajp-bio-8009"]
