Jun 5, 2015 10:07:04 AM org.apache.catalina.core.ApplicationContext log
INFO: No Spring WebApplicationInitializer types detected on classpath
Jun 5, 2015 10:07:04 AM org.apache.catalina.core.ApplicationContext log
INFO: Initializing Spring root WebApplicationContext
Jun 5, 2015 10:07:05 AM org.apache.catalina.core.ApplicationContext log
INFO: Initializing Spring FrameworkServlet 'template'
Jun 5, 2015 10:07:07 AM org.apache.catalina.core.ApplicationContext log
INFO: ContextListener: contextInitialized()
Jun 5, 2015 10:07:07 AM org.apache.catalina.core.ApplicationContext log
INFO: SessionListener: contextInitialized()
Jun 5, 2015 10:07:07 AM org.apache.catalina.core.ApplicationContext log
INFO: ContextListener: attributeAdded('org.apache.jasper.compiler.TldLocationsCache', 'org.apache.jasper.compiler.TldLocationsCache@58c3d9ac')
Jun 5, 2015 10:17:17 AM org.apache.catalina.core.ApplicationContext log
INFO: Destroying Spring FrameworkServlet 'template'
Jun 5, 2015 10:17:17 AM org.apache.catalina.core.ApplicationContext log
INFO: Closing Spring root WebApplicationContext
Jun 5, 2015 10:17:19 AM org.apache.catalina.core.ApplicationContext log
INFO: No Spring WebApplicationInitializer types detected on classpath
Jun 5, 2015 10:17:19 AM org.apache.catalina.core.ApplicationContext log
INFO: Initializing Spring root WebApplicationContext
Jun 5, 2015 10:17:20 AM org.apache.catalina.core.ApplicationContext log
INFO: Initializing Spring FrameworkServlet 'template'
Jun 5, 2015 10:17:40 AM org.apache.catalina.core.ApplicationContext log
INFO: Destroying Spring FrameworkServlet 'template'
Jun 5, 2015 10:17:40 AM org.apache.catalina.core.ApplicationContext log
INFO: Closing Spring root WebApplicationContext
Jun 5, 2015 10:17:42 AM org.apache.catalina.core.ApplicationContext log
INFO: No Spring WebApplicationInitializer types detected on classpath
Jun 5, 2015 10:17:42 AM org.apache.catalina.core.ApplicationContext log
INFO: Initializing Spring root WebApplicationContext
Jun 5, 2015 10:17:43 AM org.apache.catalina.core.ApplicationContext log
INFO: Initializing Spring FrameworkServlet 'template'
Jun 5, 2015 10:21:13 AM org.apache.catalina.core.ApplicationContext log
INFO: Destroying Spring FrameworkServlet 'template'
Jun 5, 2015 10:21:13 AM org.apache.catalina.core.ApplicationContext log
INFO: Closing Spring root WebApplicationContext
Jun 5, 2015 10:21:15 AM org.apache.catalina.core.ApplicationContext log
INFO: No Spring WebApplicationInitializer types detected on classpath
Jun 5, 2015 10:21:15 AM org.apache.catalina.core.ApplicationContext log
INFO: Initializing Spring root WebApplicationContext
Jun 5, 2015 10:21:16 AM org.apache.catalina.core.ApplicationContext log
INFO: Initializing Spring FrameworkServlet 'template'
Jun 5, 2015 10:21:50 AM org.apache.catalina.core.ApplicationContext log
INFO: No Spring WebApplicationInitializer types detected on classpath
Jun 5, 2015 10:21:50 AM org.apache.catalina.core.ApplicationContext log
INFO: Initializing Spring root WebApplicationContext
Jun 5, 2015 10:21:51 AM org.apache.catalina.core.ApplicationContext log
INFO: Initializing Spring FrameworkServlet 'template'
Jun 5, 2015 10:21:51 AM org.apache.catalina.core.ApplicationContext log
INFO: ContextListener: contextInitialized()
Jun 5, 2015 10:21:51 AM org.apache.catalina.core.ApplicationContext log
INFO: SessionListener: contextInitialized()
Jun 5, 2015 10:21:51 AM org.apache.catalina.core.ApplicationContext log
INFO: ContextListener: attributeAdded('org.apache.jasper.compiler.TldLocationsCache', 'org.apache.jasper.compiler.TldLocationsCache@1df95673')
Jun 5, 2015 6:00:43 PM org.apache.catalina.core.ApplicationContext log
INFO: Destroying Spring FrameworkServlet 'template'
Jun 5, 2015 6:00:43 PM org.apache.catalina.core.ApplicationContext log
INFO: Closing Spring root WebApplicationContext
Jun 5, 2015 6:00:43 PM org.apache.catalina.core.ApplicationContext log
INFO: SessionListener: contextDestroyed()
Jun 5, 2015 6:00:43 PM org.apache.catalina.core.ApplicationContext log
INFO: ContextListener: contextDestroyed()
